{"/home/aleksstef/dev/webfg-app/webfg-gm-app/src/App.js": {"path":"/home/aleksstef/dev/webfg-app/webfg-gm-app/src/App.js","statementMap":{"0":{"start":{"line":27,"column":19},"end":{"line":27,"column":32}},"1":{"start":{"line":29,"column":34},"end":{"line":29,"column":59}},"2":{"start":{"line":31,"column":51},"end":{"line":31,"column":73}},"3":{"start":{"line":32,"column":31},"end":{"line":32,"column":53}},"4":{"start":{"line":33,"column":34},"end":{"line":33,"column":59}},"5":{"start":{"line":34,"column":32},"end":{"line":34,"column":54}},"6":{"start":{"line":37,"column":2},"end":{"line":47,"column":32}},"7":{"start":{"line":42,"column":4},"end":{"line":46,"column":5}},"8":{"start":{"line":44,"column":6},"end":{"line":44,"column":72}},"9":{"start":{"line":45,"column":6},"end":{"line":45,"column":31}},"10":{"start":{"line":49,"column":2},"end":{"line":99,"column":4}},"11":{"start":{"line":67,"column":85},"end":{"line":67,"column":114}},"12":{"start":{"line":74,"column":79},"end":{"line":74,"column":105}},"13":{"start":{"line":81,"column":79},"end":{"line":81,"column":105}},"14":{"start":{"line":88,"column":85},"end":{"line":88,"column":114}},"15":{"start":{"line":104,"column":2},"end":{"line":111,"column":4}}},"fnMap":{"0":{"name":"AppContent","decl":{"start":{"line":26,"column":9},"end":{"line":26,"column":19}},"loc":{"start":{"line":26,"column":22},"end":{"line":100,"column":1}},"line":26},"1":{"name":"(anonymous_1)","decl":{"start":{"line":37,"column":12},"end":{"line":37,"column":13}},"loc":{"start":{"line":37,"column":18},"end":{"line":47,"column":3}},"line":37},"2":{"name":"(anonymous_2)","decl":{"start":{"line":67,"column":77},"end":{"line":67,"column":78}},"loc":{"start":{"line":67,"column":85},"end":{"line":67,"column":114}},"line":67},"3":{"name":"(anonymous_3)","decl":{"start":{"line":74,"column":71},"end":{"line":74,"column":72}},"loc":{"start":{"line":74,"column":79},"end":{"line":74,"column":105}},"line":74},"4":{"name":"(anonymous_4)","decl":{"start":{"line":81,"column":71},"end":{"line":81,"column":72}},"loc":{"start":{"line":81,"column":79},"end":{"line":81,"column":105}},"line":81},"5":{"name":"(anonymous_5)","decl":{"start":{"line":88,"column":77},"end":{"line":88,"column":78}},"loc":{"start":{"line":88,"column":85},"end":{"line":88,"column":114}},"line":88},"6":{"name":"App","decl":{"start":{"line":103,"column":9},"end":{"line":103,"column":12}},"loc":{"start":{"line":103,"column":15},"end":{"line":112,"column":1}},"line":103}},"branchMap":{"0":{"loc":{"start":{"line":42,"column":4},"end":{"line":46,"column":5}},"type":"if","locations":[{"start":{"line":42,"column":4},"end":{"line":46,"column":5}},{"start":{},"end":{}}],"line":42},"1":{"loc":{"start":{"line":54,"column":25},"end":{"line":54,"column":60}},"type":"binary-expr","locations":[{"start":{"line":54,"column":25},"end":{"line":54,"column":54}},{"start":{"line":54,"column":58},"end":{"line":54,"column":60}}],"line":54},"2":{"loc":{"start":{"line":55,"column":22},"end":{"line":55,"column":51}},"type":"binary-expr","locations":[{"start":{"line":55,"column":22},"end":{"line":55,"column":45}},{"start":{"line":55,"column":49},"end":{"line":55,"column":51}}],"line":55},"3":{"loc":{"start":{"line":56,"column":22},"end":{"line":56,"column":51}},"type":"binary-expr","locations":[{"start":{"line":56,"column":22},"end":{"line":56,"column":45}},{"start":{"line":56,"column":49},"end":{"line":56,"column":51}}],"line":56},"4":{"loc":{"start":{"line":57,"column":25},"end":{"line":57,"column":60}},"type":"binary-expr","locations":[{"start":{"line":57,"column":25},"end":{"line":57,"column":54}},{"start":{"line":57,"column":58},"end":{"line":57,"column":60}}],"line":57},"5":{"loc":{"start":{"line":60,"column":35},"end":{"line":60,"column":73}},"type":"cond-expr","locations":[{"start":{"line":60,"column":55},"end":{"line":60,"column":68}},{"start":{"line":60,"column":71},"end":{"line":60,"column":73}}],"line":60}},"s":{"0":0,"1":0,"2":0,"3":0,"4":0,"5":0,"6":0,"7":0,"8":0,"9":0,"10":0,"11":0,"12":0,"13":0,"14":0,"15":0},"f":{"0":0,"1":0,"2":0,"3":0,"4":0,"5":0,"6":0},"b":{"0":[0,0],"1":[0,0],"2":[0,0],"3":[0,0],"4":[0,0],"5":[0,0]}}
,"/home/aleksstef/dev/webfg-app/webfg-gm-app/src/index.js": {"path":"/home/aleksstef/dev/webfg-app/webfg-gm-app/src/index.js","statementMap":{"0":{"start":{"line":17,"column":20},"end":{"line":17,"column":53}},"1":{"start":{"line":18,"column":24},"end":{"line":18,"column":61}},"2":{"start":{"line":20,"column":0},"end":{"line":22,"column":1}},"3":{"start":{"line":21,"column":2},"end":{"line":21,"column":65}},"4":{"start":{"line":24,"column":0},"end":{"line":26,"column":1}},"5":{"start":{"line":25,"column":2},"end":{"line":25,"column":69}},"6":{"start":{"line":29,"column":21},"end":{"line":29,"column":46}},"7":{"start":{"line":32,"column":17},"end":{"line":37,"column":2}},"8":{"start":{"line":40,"column":16},"end":{"line":43,"column":3}},"9":{"start":{"line":44,"column":2},"end":{"line":44,"column":44}},"10":{"start":{"line":49,"column":16},"end":{"line":49,"column":71}},"11":{"start":{"line":50,"column":17},"end":{"line":50,"column":43}},"12":{"start":{"line":51,"column":18},"end":{"line":51,"column":49}},"13":{"start":{"line":52,"column":2},"end":{"line":52,"column":56}},"14":{"start":{"line":55,"column":25},"end":{"line":127,"column":2}},"15":{"start":{"line":56,"column":2},"end":{"line":126,"column":5}},"16":{"start":{"line":57,"column":18},"end":{"line":57,"column":35}},"17":{"start":{"line":58,"column":4},"end":{"line":58,"column":62}},"18":{"start":{"line":60,"column":22},"end":{"line":60,"column":58}},"19":{"start":{"line":63,"column":27},"end":{"line":63,"column":53}},"20":{"start":{"line":65,"column":4},"end":{"line":68,"column":6}},"21":{"start":{"line":66,"column":6},"end":{"line":66,"column":61}},"22":{"start":{"line":67,"column":6},"end":{"line":67,"column":66}},"23":{"start":{"line":70,"column":4},"end":{"line":111,"column":6}},"24":{"start":{"line":71,"column":22},"end":{"line":71,"column":44}},"25":{"start":{"line":72,"column":6},"end":{"line":72,"column":58}},"26":{"start":{"line":74,"column":6},"end":{"line":110,"column":7}},"27":{"start":{"line":76,"column":52},"end":{"line":76,"column":61}},"28":{"start":{"line":77,"column":28},"end":{"line":77,"column":40}},"29":{"start":{"line":79,"column":29},"end":{"line":95,"column":9}},"30":{"start":{"line":97,"column":8},"end":{"line":97,"column":60}},"31":{"start":{"line":98,"column":8},"end":{"line":98,"column":53}},"32":{"start":{"line":99,"column":13},"end":{"line":110,"column":7}},"33":{"start":{"line":101,"column":8},"end":{"line":101,"column":15}},"34":{"start":{"line":102,"column":13},"end":{"line":110,"column":7}},"35":{"start":{"line":103,"column":8},"end":{"line":103,"column":63}},"36":{"start":{"line":104,"column":8},"end":{"line":104,"column":39}},"37":{"start":{"line":105,"column":13},"end":{"line":110,"column":7}},"38":{"start":{"line":106,"column":8},"end":{"line":106,"column":66}},"39":{"start":{"line":107,"column":8},"end":{"line":107,"column":40}},"40":{"start":{"line":108,"column":13},"end":{"line":110,"column":7}},"41":{"start":{"line":109,"column":8},"end":{"line":109,"column":28}},"42":{"start":{"line":113,"column":4},"end":{"line":116,"column":6}},"43":{"start":{"line":114,"column":6},"end":{"line":114,"column":62}},"44":{"start":{"line":115,"column":6},"end":{"line":115,"column":28}},"45":{"start":{"line":119,"column":4},"end":{"line":125,"column":6}},"46":{"start":{"line":120,"column":26},"end":{"line":120,"column":62}},"47":{"start":{"line":121,"column":6},"end":{"line":123,"column":7}},"48":{"start":{"line":122,"column":8},"end":{"line":122,"column":52}},"49":{"start":{"line":124,"column":6},"end":{"line":124,"column":24}},"50":{"start":{"line":129,"column":18},"end":{"line":139,"column":1}},"51":{"start":{"line":131,"column":23},"end":{"line":131,"column":47}},"52":{"start":{"line":132,"column":4},"end":{"line":135,"column":6}},"53":{"start":{"line":141,"column":15},"end":{"line":145,"column":2}},"54":{"start":{"line":147,"column":13},"end":{"line":147,"column":65}},"55":{"start":{"line":148,"column":0},"end":{"line":152,"column":2}}},"fnMap":{"0":{"name":"encodeAppSyncCredentials","decl":{"start":{"line":39,"column":9},"end":{"line":39,"column":33}},"loc":{"start":{"line":39,"column":36},"end":{"line":45,"column":1}},"line":39},"1":{"name":"getWebsocketUrl","decl":{"start":{"line":47,"column":9},"end":{"line":47,"column":24}},"loc":{"start":{"line":47,"column":27},"end":{"line":53,"column":1}},"line":47},"2":{"name":"(anonymous_2)","decl":{"start":{"line":55,"column":40},"end":{"line":55,"column":41}},"loc":{"start":{"line":55,"column":55},"end":{"line":127,"column":1}},"line":55},"3":{"name":"(anonymous_3)","decl":{"start":{"line":56,"column":24},"end":{"line":56,"column":25}},"loc":{"start":{"line":56,"column":38},"end":{"line":126,"column":3}},"line":56},"4":{"name":"(anonymous_4)","decl":{"start":{"line":65,"column":23},"end":{"line":65,"column":24}},"loc":{"start":{"line":65,"column":29},"end":{"line":68,"column":5}},"line":65},"5":{"name":"(anonymous_5)","decl":{"start":{"line":70,"column":26},"end":{"line":70,"column":27}},"loc":{"start":{"line":70,"column":37},"end":{"line":111,"column":5}},"line":70},"6":{"name":"(anonymous_6)","decl":{"start":{"line":113,"column":24},"end":{"line":113,"column":25}},"loc":{"start":{"line":113,"column":35},"end":{"line":116,"column":5}},"line":113},"7":{"name":"(anonymous_7)","decl":{"start":{"line":119,"column":11},"end":{"line":119,"column":12}},"loc":{"start":{"line":119,"column":17},"end":{"line":125,"column":5}},"line":119},"8":{"name":"(anonymous_8)","decl":{"start":{"line":130,"column":2},"end":{"line":130,"column":3}},"loc":{"start":{"line":130,"column":17},"end":{"line":136,"column":3}},"line":130}},"branchMap":{"0":{"loc":{"start":{"line":20,"column":0},"end":{"line":22,"column":1}},"type":"if","locations":[{"start":{"line":20,"column":0},"end":{"line":22,"column":1}},{"start":{},"end":{}}],"line":20},"1":{"loc":{"start":{"line":24,"column":0},"end":{"line":26,"column":1}},"type":"if","locations":[{"start":{"line":24,"column":0},"end":{"line":26,"column":1}},{"start":{},"end":{}}],"line":24},"2":{"loc":{"start":{"line":74,"column":6},"end":{"line":110,"column":7}},"type":"if","locations":[{"start":{"line":74,"column":6},"end":{"line":110,"column":7}},{"start":{"line":99,"column":13},"end":{"line":110,"column":7}}],"line":74},"3":{"loc":{"start":{"line":99,"column":13},"end":{"line":110,"column":7}},"type":"if","locations":[{"start":{"line":99,"column":13},"end":{"line":110,"column":7}},{"start":{"line":102,"column":13},"end":{"line":110,"column":7}}],"line":99},"4":{"loc":{"start":{"line":102,"column":13},"end":{"line":110,"column":7}},"type":"if","locations":[{"start":{"line":102,"column":13},"end":{"line":110,"column":7}},{"start":{"line":105,"column":13},"end":{"line":110,"column":7}}],"line":102},"5":{"loc":{"start":{"line":105,"column":13},"end":{"line":110,"column":7}},"type":"if","locations":[{"start":{"line":105,"column":13},"end":{"line":110,"column":7}},{"start":{"line":108,"column":13},"end":{"line":110,"column":7}}],"line":105},"6":{"loc":{"start":{"line":108,"column":13},"end":{"line":110,"column":7}},"type":"if","locations":[{"start":{"line":108,"column":13},"end":{"line":110,"column":7}},{"start":{},"end":{}}],"line":108},"7":{"loc":{"start":{"line":121,"column":6},"end":{"line":123,"column":7}},"type":"if","locations":[{"start":{"line":121,"column":6},"end":{"line":123,"column":7}},{"start":{},"end":{}}],"line":121},"8":{"loc":{"start":{"line":133,"column":6},"end":{"line":134,"column":45}},"type":"binary-expr","locations":[{"start":{"line":133,"column":6},"end":{"line":133,"column":47}},{"start":{"line":134,"column":6},"end":{"line":134,"column":45}}],"line":133}},"s":{"0":0,"1":0,"2":0,"3":0,"4":0,"5":0,"6":0,"7":0,"8":0,"9":0,"10":0,"11":0,"12":0,"13":0,"14":0,"15":0,"16":0,"17":0,"18":0,"19":0,"20":0,"21":0,"22":0,"23":0,"24":0,"25":0,"26":0,"27":0,"28":0,"29":0,"30":0,"31":0,"32":0,"33":0,"34":0,"35":0,"36":0,"37":0,"38":0,"39":0,"40":0,"41":0,"42":0,"43":0,"44":0,"45":0,"46":0,"47":0,"48":0,"49":0,"50":0,"51":0,"52":0,"53":0,"54":0,"55":0},"f":{"0":0,"1":0,"2":0,"3":0,"4":0,"5":0,"6":0,"7":0,"8":0},"b":{"0":[0,0],"1":[0,0],"2":[0,0],"3":[0,0],"4":[0,0],"5":[0,0],"6":[0,0],"7":[0,0],"8":[0,0]}}
,"/home/aleksstef/dev/webfg-app/webfg-gm-app/src/reportWebVitals.js": {"path":"/home/aleksstef/dev/webfg-app/webfg-gm-app/src/reportWebVitals.js","statementMap":{"0":{"start":{"line":1,"column":24},"end":{"line":11,"column":1}},"1":{"start":{"line":2,"column":2},"end":{"line":10,"column":3}},"2":{"start":{"line":3,"column":4},"end":{"line":9,"column":7}},"3":{"start":{"line":4,"column":6},"end":{"line":4,"column":26}},"4":{"start":{"line":5,"column":6},"end":{"line":5,"column":26}},"5":{"start":{"line":6,"column":6},"end":{"line":6,"column":26}},"6":{"start":{"line":7,"column":6},"end":{"line":7,"column":26}},"7":{"start":{"line":8,"column":6},"end":{"line":8,"column":27}}},"fnMap":{"0":{"name":"(anonymous_0)","decl":{"start":{"line":1,"column":24},"end":{"line":1,"column":25}},"loc":{"start":{"line":1,"column":39},"end":{"line":11,"column":1}},"line":1},"1":{"name":"(anonymous_1)","decl":{"start":{"line":3,"column":30},"end":{"line":3,"column":31}},"loc":{"start":{"line":3,"column":79},"end":{"line":9,"column":5}},"line":3}},"branchMap":{"0":{"loc":{"start":{"line":2,"column":2},"end":{"line":10,"column":3}},"type":"if","locations":[{"start":{"line":2,"column":2},"end":{"line":10,"column":3}},{"start":{},"end":{}}],"line":2},"1":{"loc":{"start":{"line":2,"column":6},"end":{"line":2,"column":52}},"type":"binary-expr","locations":[{"start":{"line":2,"column":6},"end":{"line":2,"column":17}},{"start":{"line":2,"column":21},"end":{"line":2,"column":52}}],"line":2}},"s":{"0":0,"1":0,"2":0,"3":0,"4":0,"5":0,"6":0,"7":0},"f":{"0":0,"1":0},"b":{"0":[0,0],"1":[0,0]}}
,"/home/aleksstef/dev/webfg-app/webfg-gm-app/src/components/Home.js": {"path":"/home/aleksstef/dev/webfg-app/webfg-gm-app/src/components/Home.js","statementMap":{"0":{"start":{"line":3,"column":13},"end":{"line":33,"column":1}},"1":{"start":{"line":4,"column":2},"end":{"line":32,"column":4}}},"fnMap":{"0":{"name":"(anonymous_0)","decl":{"start":{"line":3,"column":13},"end":{"line":3,"column":14}},"loc":{"start":{"line":3,"column":19},"end":{"line":33,"column":1}},"line":3}},"branchMap":{},"s":{"0":0,"1":0},"f":{"0":0},"b":{}}
,"/home/aleksstef/dev/webfg-app/webfg-gm-app/src/components/actions/ActionList.js": {"path":"/home/aleksstef/dev/webfg-app/webfg-gm-app/src/components/actions/ActionList.js","statementMap":{"0":{"start":{"line":7,"column":19},"end":{"line":74,"column":1}},"1":{"start":{"line":8,"column":19},"end":{"line":8,"column":32}},"2":{"start":{"line":9,"column":35},"end":{"line":9,"column":57}},"3":{"start":{"line":11,"column":28},"end":{"line":13,"column":3}},"4":{"start":{"line":12,"column":4},"end":{"line":12,"column":37}},"5":{"start":{"line":15,"column":2},"end":{"line":15,"column":72}},"6":{"start":{"line":15,"column":15},"end":{"line":15,"column":72}},"7":{"start":{"line":16,"column":2},"end":{"line":16,"column":72}},"8":{"start":{"line":16,"column":13},"end":{"line":16,"column":72}},"9":{"start":{"line":18,"column":18},"end":{"line":18,"column":41}},"10":{"start":{"line":20,"column":2},"end":{"line":73,"column":4}},"11":{"start":{"line":30,"column":29},"end":{"line":30,"column":53}},"12":{"start":{"line":38,"column":14},"end":{"line":59,"column":20}},"13":{"start":{"line":41,"column":31},"end":{"line":41,"column":65}},"14":{"start":{"line":64,"column":29},"end":{"line":64,"column":53}}},"fnMap":{"0":{"name":"(anonymous_0)","decl":{"start":{"line":7,"column":19},"end":{"line":7,"column":20}},"loc":{"start":{"line":7,"column":25},"end":{"line":74,"column":1}},"line":7},"1":{"name":"(anonymous_1)","decl":{"start":{"line":11,"column":28},"end":{"line":11,"column":29}},"loc":{"start":{"line":11,"column":42},"end":{"line":13,"column":3}},"line":11},"2":{"name":"(anonymous_2)","decl":{"start":{"line":30,"column":23},"end":{"line":30,"column":24}},"loc":{"start":{"line":30,"column":29},"end":{"line":30,"column":53}},"line":30},"3":{"name":"(anonymous_3)","decl":{"start":{"line":37,"column":25},"end":{"line":37,"column":26}},"loc":{"start":{"line":38,"column":14},"end":{"line":59,"column":20}},"line":38},"4":{"name":"(anonymous_4)","decl":{"start":{"line":41,"column":25},"end":{"line":41,"column":26}},"loc":{"start":{"line":41,"column":31},"end":{"line":41,"column":65}},"line":41},"5":{"name":"(anonymous_5)","decl":{"start":{"line":64,"column":23},"end":{"line":64,"column":24}},"loc":{"start":{"line":64,"column":29},"end":{"line":64,"column":53}},"line":64}},"branchMap":{"0":{"loc":{"start":{"line":15,"column":2},"end":{"line":15,"column":72}},"type":"if","locations":[{"start":{"line":15,"column":2},"end":{"line":15,"column":72}},{"start":{},"end":{}}],"line":15},"1":{"loc":{"start":{"line":16,"column":2},"end":{"line":16,"column":72}},"type":"if","locations":[{"start":{"line":16,"column":2},"end":{"line":16,"column":72}},{"start":{},"end":{}}],"line":16},"2":{"loc":{"start":{"line":18,"column":18},"end":{"line":18,"column":41}},"type":"binary-expr","locations":[{"start":{"line":18,"column":18},"end":{"line":18,"column":35}},{"start":{"line":18,"column":39},"end":{"line":18,"column":41}}],"line":18},"3":{"loc":{"start":{"line":25,"column":9},"end":{"line":70,"column":9}},"type":"cond-expr","locations":[{"start":{"line":26,"column":10},"end":{"line":34,"column":16}},{"start":{"line":36,"column":10},"end":{"line":69,"column":16}}],"line":25},"4":{"loc":{"start":{"line":52,"column":17},"end":{"line":58,"column":17}},"type":"binary-expr","locations":[{"start":{"line":52,"column":17},"end":{"line":52,"column":35}},{"start":{"line":53,"column":18},"end":{"line":57,"column":22}}],"line":52},"5":{"loc":{"start":{"line":54,"column":21},"end":{"line":56,"column":42}},"type":"cond-expr","locations":[{"start":{"line":55,"column":24},"end":{"line":55,"column":68}},{"start":{"line":56,"column":24},"end":{"line":56,"column":42}}],"line":54}},"s":{"0":0,"1":0,"2":0,"3":0,"4":0,"5":0,"6":0,"7":0,"8":0,"9":0,"10":0,"11":0,"12":0,"13":0,"14":0},"f":{"0":0,"1":0,"2":0,"3":0,"4":0,"5":0},"b":{"0":[0,0],"1":[0,0],"2":[0,0],"3":[0,0],"4":[0,0],"5":[0,0]}}
,"/home/aleksstef/dev/webfg-app/webfg-gm-app/src/components/actions/ActionView.js": {"path":"/home/aleksstef/dev/webfg-app/webfg-gm-app/src/components/actions/ActionView.js","statementMap":{"0":{"start":{"line":16,"column":19},"end":{"line":234,"column":1}},"1":{"start":{"line":17,"column":23},"end":{"line":17,"column":34}},"2":{"start":{"line":18,"column":19},"end":{"line":18,"column":32}},"3":{"start":{"line":19,"column":32},"end":{"line":19,"column":54}},"4":{"start":{"line":20,"column":36},"end":{"line":20,"column":51}},"5":{"start":{"line":21,"column":36},"end":{"line":21,"column":51}},"6":{"start":{"line":22,"column":44},"end":{"line":22,"column":58}},"7":{"start":{"line":23,"column":50},"end":{"line":23,"column":65}},"8":{"start":{"line":24,"column":44},"end":{"line":24,"column":58}},"9":{"start":{"line":25,"column":52},"end":{"line":25,"column":66}},"10":{"start":{"line":29,"column":44},"end":{"line":36,"column":4}},"11":{"start":{"line":32,"column":6},"end":{"line":34,"column":7}},"12":{"start":{"line":33,"column":8},"end":{"line":33,"column":41}},"13":{"start":{"line":39,"column":34},"end":{"line":47,"column":4}},"14":{"start":{"line":43,"column":6},"end":{"line":45,"column":7}},"15":{"start":{"line":44,"column":8},"end":{"line":44,"column":48}},"16":{"start":{"line":49,"column":25},"end":{"line":49,"column":51}},"17":{"start":{"line":50,"column":33},"end":{"line":50,"column":69}},"18":{"start":{"line":53,"column":31},"end":{"line":89,"column":3}},"19":{"start":{"line":54,"column":4},"end":{"line":57,"column":5}},"20":{"start":{"line":55,"column":6},"end":{"line":55,"column":85}},"21":{"start":{"line":56,"column":6},"end":{"line":56,"column":13}},"22":{"start":{"line":59,"column":4},"end":{"line":88,"column":5}},"23":{"start":{"line":60,"column":21},"end":{"line":65,"column":8}},"24":{"start":{"line":66,"column":6},"end":{"line":68,"column":7}},"25":{"start":{"line":66,"column":131},"end":{"line":66,"column":145}},"26":{"start":{"line":67,"column":10},"end":{"line":67,"column":121}},"27":{"start":{"line":67,"column":65},"end":{"line":67,"column":74}},"28":{"start":{"line":70,"column":6},"end":{"line":70,"column":32}},"29":{"start":{"line":71,"column":6},"end":{"line":71,"column":57}},"30":{"start":{"line":71,"column":23},"end":{"line":71,"column":49}},"31":{"start":{"line":73,"column":6},"end":{"line":73,"column":62}},"32":{"start":{"line":74,"column":25},"end":{"line":74,"column":89}},"33":{"start":{"line":75,"column":23},"end":{"line":75,"column":63}},"34":{"start":{"line":76,"column":6},"end":{"line":86,"column":7}},"35":{"start":{"line":77,"column":8},"end":{"line":77,"column":72}},"36":{"start":{"line":77,"column":50},"end":{"line":77,"column":59}},"37":{"start":{"line":78,"column":8},"end":{"line":78,"column":169}},"38":{"start":{"line":78,"column":61},"end":{"line":78,"column":107}},"39":{"start":{"line":79,"column":8},"end":{"line":79,"column":60}},"40":{"start":{"line":80,"column":13},"end":{"line":86,"column":7}},"41":{"start":{"line":81,"column":8},"end":{"line":81,"column":68}},"42":{"start":{"line":82,"column":8},"end":{"line":82,"column":89}},"43":{"start":{"line":83,"column":8},"end":{"line":83,"column":58}},"44":{"start":{"line":85,"column":10},"end":{"line":85,"column":37}},"45":{"start":{"line":87,"column":6},"end":{"line":87,"column":69}},"46":{"start":{"line":91,"column":23},"end":{"line":116,"column":3}},"47":{"start":{"line":92,"column":4},"end":{"line":115,"column":5}},"48":{"start":{"line":93,"column":6},"end":{"line":114,"column":7}},"49":{"start":{"line":94,"column":8},"end":{"line":96,"column":11}},"50":{"start":{"line":97,"column":8},"end":{"line":97,"column":29}},"51":{"start":{"line":99,"column":8},"end":{"line":99,"column":53}},"52":{"start":{"line":100,"column":27},"end":{"line":100,"column":80}},"53":{"start":{"line":101,"column":25},"end":{"line":101,"column":65}},"54":{"start":{"line":102,"column":8},"end":{"line":112,"column":9}},"55":{"start":{"line":103,"column":10},"end":{"line":103,"column":74}},"56":{"start":{"line":103,"column":52},"end":{"line":103,"column":61}},"57":{"start":{"line":104,"column":10},"end":{"line":104,"column":171}},"58":{"start":{"line":104,"column":63},"end":{"line":104,"column":109}},"59":{"start":{"line":105,"column":10},"end":{"line":105,"column":62}},"60":{"start":{"line":106,"column":15},"end":{"line":112,"column":9}},"61":{"start":{"line":107,"column":10},"end":{"line":107,"column":70}},"62":{"start":{"line":108,"column":10},"end":{"line":108,"column":91}},"63":{"start":{"line":109,"column":10},"end":{"line":109,"column":60}},"64":{"start":{"line":111,"column":12},"end":{"line":111,"column":39}},"65":{"start":{"line":113,"column":8},"end":{"line":113,"column":71}},"66":{"start":{"line":118,"column":21},"end":{"line":120,"column":3}},"67":{"start":{"line":119,"column":4},"end":{"line":119,"column":23}},"68":{"start":{"line":122,"column":28},"end":{"line":125,"column":3}},"69":{"start":{"line":123,"column":4},"end":{"line":123,"column":24}},"70":{"start":{"line":124,"column":4},"end":{"line":124,"column":14}},"71":{"start":{"line":127,"column":27},"end":{"line":129,"column":3}},"72":{"start":{"line":128,"column":4},"end":{"line":128,"column":24}},"73":{"start":{"line":131,"column":27},"end":{"line":137,"column":3}},"74":{"start":{"line":132,"column":4},"end":{"line":135,"column":5}},"75":{"start":{"line":133,"column":6},"end":{"line":133,"column":105}},"76":{"start":{"line":134,"column":6},"end":{"line":134,"column":13}},"77":{"start":{"line":136,"column":4},"end":{"line":136,"column":23}},"78":{"start":{"line":139,"column":26},"end":{"line":141,"column":3}},"79":{"start":{"line":140,"column":4},"end":{"line":140,"column":24}},"80":{"start":{"line":143,"column":2},"end":{"line":143,"column":79}},"81":{"start":{"line":143,"column":15},"end":{"line":143,"column":79}},"82":{"start":{"line":144,"column":2},"end":{"line":144,"column":72}},"83":{"start":{"line":144,"column":13},"end":{"line":144,"column":72}},"84":{"start":{"line":145,"column":2},"end":{"line":145,"column":75}},"85":{"start":{"line":145,"column":22},"end":{"line":145,"column":75}},"86":{"start":{"line":147,"column":17},"end":{"line":147,"column":30}},"87":{"start":{"line":149,"column":2},"end":{"line":158,"column":3}},"88":{"start":{"line":150,"column":4},"end":{"line":157,"column":6}},"89":{"start":{"line":160,"column":2},"end":{"line":171,"column":3}},"90":{"start":{"line":161,"column":4},"end":{"line":170,"column":6}},"91":{"start":{"line":173,"column":2},"end":{"line":233,"column":4}},"92":{"start":{"line":231,"column":55},"end":{"line":231,"column":77}}},"fnMap":{"0":{"name":"(anonymous_0)","decl":{"start":{"line":16,"column":19},"end":{"line":16,"column":20}},"loc":{"start":{"line":16,"column":25},"end":{"line":234,"column":1}},"line":16},"1":{"name":"(anonymous_1)","decl":{"start":{"line":31,"column":17},"end":{"line":31,"column":18}},"loc":{"start":{"line":31,"column":27},"end":{"line":35,"column":5}},"line":31},"2":{"name":"(anonymous_2)","decl":{"start":{"line":42,"column":17},"end":{"line":42,"column":18}},"loc":{"start":{"line":42,"column":27},"end":{"line":46,"column":5}},"line":42},"3":{"name":"(anonymous_3)","decl":{"start":{"line":53,"column":31},"end":{"line":53,"column":32}},"loc":{"start":{"line":53,"column":43},"end":{"line":89,"column":3}},"line":53},"4":{"name":"(anonymous_4)","decl":{"start":{"line":66,"column":122},"end":{"line":66,"column":123}},"loc":{"start":{"line":66,"column":131},"end":{"line":66,"column":145}},"line":66},"5":{"name":"(anonymous_5)","decl":{"start":{"line":67,"column":60},"end":{"line":67,"column":61}},"loc":{"start":{"line":67,"column":65},"end":{"line":67,"column":74}},"line":67},"6":{"name":"(anonymous_6)","decl":{"start":{"line":71,"column":17},"end":{"line":71,"column":18}},"loc":{"start":{"line":71,"column":23},"end":{"line":71,"column":49}},"line":71},"7":{"name":"(anonymous_7)","decl":{"start":{"line":77,"column":45},"end":{"line":77,"column":46}},"loc":{"start":{"line":77,"column":50},"end":{"line":77,"column":59}},"line":77},"8":{"name":"(anonymous_8)","decl":{"start":{"line":78,"column":56},"end":{"line":78,"column":57}},"loc":{"start":{"line":78,"column":61},"end":{"line":78,"column":107}},"line":78},"9":{"name":"(anonymous_9)","decl":{"start":{"line":91,"column":23},"end":{"line":91,"column":24}},"loc":{"start":{"line":91,"column":35},"end":{"line":116,"column":3}},"line":91},"10":{"name":"(anonymous_10)","decl":{"start":{"line":103,"column":47},"end":{"line":103,"column":48}},"loc":{"start":{"line":103,"column":52},"end":{"line":103,"column":61}},"line":103},"11":{"name":"(anonymous_11)","decl":{"start":{"line":104,"column":58},"end":{"line":104,"column":59}},"loc":{"start":{"line":104,"column":63},"end":{"line":104,"column":109}},"line":104},"12":{"name":"(anonymous_12)","decl":{"start":{"line":118,"column":21},"end":{"line":118,"column":22}},"loc":{"start":{"line":118,"column":27},"end":{"line":120,"column":3}},"line":118},"13":{"name":"(anonymous_13)","decl":{"start":{"line":122,"column":28},"end":{"line":122,"column":29}},"loc":{"start":{"line":122,"column":34},"end":{"line":125,"column":3}},"line":122},"14":{"name":"(anonymous_14)","decl":{"start":{"line":127,"column":27},"end":{"line":127,"column":28}},"loc":{"start":{"line":127,"column":33},"end":{"line":129,"column":3}},"line":127},"15":{"name":"(anonymous_15)","decl":{"start":{"line":131,"column":27},"end":{"line":131,"column":28}},"loc":{"start":{"line":131,"column":33},"end":{"line":137,"column":3}},"line":131},"16":{"name":"(anonymous_16)","decl":{"start":{"line":139,"column":26},"end":{"line":139,"column":27}},"loc":{"start":{"line":139,"column":32},"end":{"line":141,"column":3}},"line":139},"17":{"name":"(anonymous_17)","decl":{"start":{"line":231,"column":49},"end":{"line":231,"column":50}},"loc":{"start":{"line":231,"column":55},"end":{"line":231,"column":77}},"line":231}},"branchMap":{"0":{"loc":{"start":{"line":32,"column":6},"end":{"line":34,"column":7}},"type":"if","locations":[{"start":{"line":32,"column":6},"end":{"line":34,"column":7}},{"start":{},"end":{}}],"line":32},"1":{"loc":{"start":{"line":32,"column":10},"end":{"line":32,"column":32}},"type":"binary-expr","locations":[{"start":{"line":32,"column":10},"end":{"line":32,"column":14}},{"start":{"line":32,"column":18},"end":{"line":32,"column":32}}],"line":32},"2":{"loc":{"start":{"line":43,"column":6},"end":{"line":45,"column":7}},"type":"if","locations":[{"start":{"line":43,"column":6},"end":{"line":45,"column":7}},{"start":{},"end":{}}],"line":43},"3":{"loc":{"start":{"line":43,"column":10},"end":{"line":43,"column":35}},"type":"binary-expr","locations":[{"start":{"line":43,"column":10},"end":{"line":43,"column":14}},{"start":{"line":43,"column":18},"end":{"line":43,"column":35}}],"line":43},"4":{"loc":{"start":{"line":54,"column":4},"end":{"line":57,"column":5}},"type":"if","locations":[{"start":{"line":54,"column":4},"end":{"line":57,"column":5}},{"start":{},"end":{}}],"line":54},"5":{"loc":{"start":{"line":66,"column":6},"end":{"line":68,"column":7}},"type":"if","locations":[{"start":{"line":66,"column":6},"end":{"line":68,"column":7}},{"start":{},"end":{}}],"line":66},"6":{"loc":{"start":{"line":66,"column":10},"end":{"line":66,"column":147}},"type":"binary-expr","locations":[{"start":{"line":66,"column":10},"end":{"line":66,"column":22}},{"start":{"line":66,"column":27},"end":{"line":66,"column":40}},{"start":{"line":66,"column":44},"end":{"line":66,"column":68}},{"start":{"line":66,"column":74},"end":{"line":66,"column":85}},{"start":{"line":66,"column":89},"end":{"line":66,"column":146}}],"line":66},"7":{"loc":{"start":{"line":67,"column":26},"end":{"line":67,"column":119}},"type":"cond-expr","locations":[{"start":{"line":67,"column":42},"end":{"line":67,"column":86}},{"start":{"line":67,"column":89},"end":{"line":67,"column":119}}],"line":67},"8":{"loc":{"start":{"line":75,"column":23},"end":{"line":75,"column":63}},"type":"binary-expr","locations":[{"start":{"line":75,"column":23},"end":{"line":75,"column":32}},{"start":{"line":75,"column":36},"end":{"line":75,"column":63}}],"line":75},"9":{"loc":{"start":{"line":76,"column":6},"end":{"line":86,"column":7}},"type":"if","locations":[{"start":{"line":76,"column":6},"end":{"line":86,"column":7}},{"start":{"line":80,"column":13},"end":{"line":86,"column":7}}],"line":76},"10":{"loc":{"start":{"line":76,"column":10},"end":{"line":76,"column":59}},"type":"binary-expr","locations":[{"start":{"line":76,"column":10},"end":{"line":76,"column":27}},{"start":{"line":76,"column":31},"end":{"line":76,"column":59}}],"line":76},"11":{"loc":{"start":{"line":78,"column":21},"end":{"line":78,"column":168}},"type":"binary-expr","locations":[{"start":{"line":78,"column":21},"end":{"line":78,"column":30}},{"start":{"line":78,"column":34},"end":{"line":78,"column":137}},{"start":{"line":78,"column":141},"end":{"line":78,"column":168}}],"line":78},"12":{"loc":{"start":{"line":78,"column":61},"end":{"line":78,"column":107}},"type":"binary-expr","locations":[{"start":{"line":78,"column":61},"end":{"line":78,"column":96}},{"start":{"line":78,"column":100},"end":{"line":78,"column":107}}],"line":78},"13":{"loc":{"start":{"line":80,"column":13},"end":{"line":86,"column":7}},"type":"if","locations":[{"start":{"line":80,"column":13},"end":{"line":86,"column":7}},{"start":{"line":84,"column":13},"end":{"line":86,"column":7}}],"line":80},"14":{"loc":{"start":{"line":82,"column":21},"end":{"line":82,"column":88}},"type":"binary-expr","locations":[{"start":{"line":82,"column":21},"end":{"line":82,"column":43}},{"start":{"line":82,"column":47},"end":{"line":82,"column":88}}],"line":82},"15":{"loc":{"start":{"line":92,"column":4},"end":{"line":115,"column":5}},"type":"if","locations":[{"start":{"line":92,"column":4},"end":{"line":115,"column":5}},{"start":{},"end":{}}],"line":92},"16":{"loc":{"start":{"line":101,"column":25},"end":{"line":101,"column":65}},"type":"binary-expr","locations":[{"start":{"line":101,"column":25},"end":{"line":101,"column":34}},{"start":{"line":101,"column":38},"end":{"line":101,"column":65}}],"line":101},"17":{"loc":{"start":{"line":102,"column":8},"end":{"line":112,"column":9}},"type":"if","locations":[{"start":{"line":102,"column":8},"end":{"line":112,"column":9}},{"start":{"line":106,"column":15},"end":{"line":112,"column":9}}],"line":102},"18":{"loc":{"start":{"line":102,"column":12},"end":{"line":102,"column":61}},"type":"binary-expr","locations":[{"start":{"line":102,"column":12},"end":{"line":102,"column":29}},{"start":{"line":102,"column":33},"end":{"line":102,"column":61}}],"line":102},"19":{"loc":{"start":{"line":104,"column":23},"end":{"line":104,"column":170}},"type":"binary-expr","locations":[{"start":{"line":104,"column":23},"end":{"line":104,"column":32}},{"start":{"line":104,"column":36},"end":{"line":104,"column":139}},{"start":{"line":104,"column":143},"end":{"line":104,"column":170}}],"line":104},"20":{"loc":{"start":{"line":104,"column":63},"end":{"line":104,"column":109}},"type":"binary-expr","locations":[{"start":{"line":104,"column":63},"end":{"line":104,"column":98}},{"start":{"line":104,"column":102},"end":{"line":104,"column":109}}],"line":104},"21":{"loc":{"start":{"line":106,"column":15},"end":{"line":112,"column":9}},"type":"if","locations":[{"start":{"line":106,"column":15},"end":{"line":112,"column":9}},{"start":{"line":110,"column":15},"end":{"line":112,"column":9}}],"line":106},"22":{"loc":{"start":{"line":108,"column":23},"end":{"line":108,"column":90}},"type":"binary-expr","locations":[{"start":{"line":108,"column":23},"end":{"line":108,"column":45}},{"start":{"line":108,"column":49},"end":{"line":108,"column":90}}],"line":108},"23":{"loc":{"start":{"line":132,"column":4},"end":{"line":135,"column":5}},"type":"if","locations":[{"start":{"line":132,"column":4},"end":{"line":135,"column":5}},{"start":{},"end":{}}],"line":132},"24":{"loc":{"start":{"line":143,"column":2},"end":{"line":143,"column":79}},"type":"if","locations":[{"start":{"line":143,"column":2},"end":{"line":143,"column":79}},{"start":{},"end":{}}],"line":143},"25":{"loc":{"start":{"line":144,"column":2},"end":{"line":144,"column":72}},"type":"if","locations":[{"start":{"line":144,"column":2},"end":{"line":144,"column":72}},{"start":{},"end":{}}],"line":144},"26":{"loc":{"start":{"line":145,"column":2},"end":{"line":145,"column":75}},"type":"if","locations":[{"start":{"line":145,"column":2},"end":{"line":145,"column":75}},{"start":{},"end":{}}],"line":145},"27":{"loc":{"start":{"line":149,"column":2},"end":{"line":158,"column":3}},"type":"if","locations":[{"start":{"line":149,"column":2},"end":{"line":158,"column":3}},{"start":{},"end":{}}],"line":149},"28":{"loc":{"start":{"line":160,"column":2},"end":{"line":171,"column":3}},"type":"if","locations":[{"start":{"line":160,"column":2},"end":{"line":171,"column":3}},{"start":{},"end":{}}],"line":160},"29":{"loc":{"start":{"line":160,"column":6},"end":{"line":160,"column":36}},"type":"binary-expr","locations":[{"start":{"line":160,"column":6},"end":{"line":160,"column":15}},{"start":{"line":160,"column":19},"end":{"line":160,"column":36}}],"line":160},"30":{"loc":{"start":{"line":178,"column":11},"end":{"line":194,"column":11}},"type":"binary-expr","locations":[{"start":{"line":178,"column":11},"end":{"line":178,"column":28}},{"start":{"line":179,"column":12},"end":{"line":193,"column":15}}],"line":178},"31":{"loc":{"start":{"line":182,"column":51},"end":{"line":182,"column":84}},"type":"cond-expr","locations":[{"start":{"line":182,"column":70},"end":{"line":182,"column":79}},{"start":{"line":182,"column":82},"end":{"line":182,"column":84}}],"line":182},"32":{"loc":{"start":{"line":185,"column":17},"end":{"line":185,"column":132}},"type":"cond-expr","locations":[{"start":{"line":185,"column":36},"end":{"line":185,"column":44}},{"start":{"line":185,"column":47},"end":{"line":185,"column":132}}],"line":185},"33":{"loc":{"start":{"line":185,"column":47},"end":{"line":185,"column":132}},"type":"cond-expr","locations":[{"start":{"line":185,"column":67},"end":{"line":185,"column":111}},{"start":{"line":185,"column":114},"end":{"line":185,"column":132}}],"line":185},"34":{"loc":{"start":{"line":205,"column":20},"end":{"line":205,"column":50}},"type":"binary-expr","locations":[{"start":{"line":205,"column":20},"end":{"line":205,"column":41}},{"start":{"line":205,"column":45},"end":{"line":205,"column":50}}],"line":205},"35":{"loc":{"start":{"line":209,"column":20},"end":{"line":209,"column":51}},"type":"binary-expr","locations":[{"start":{"line":209,"column":20},"end":{"line":209,"column":42}},{"start":{"line":209,"column":46},"end":{"line":209,"column":51}}],"line":209},"36":{"loc":{"start":{"line":213,"column":20},"end":{"line":213,"column":51}},"type":"binary-expr","locations":[{"start":{"line":213,"column":20},"end":{"line":213,"column":42}},{"start":{"line":213,"column":46},"end":{"line":213,"column":51}}],"line":213},"37":{"loc":{"start":{"line":217,"column":17},"end":{"line":217,"column":66}},"type":"binary-expr","locations":[{"start":{"line":217,"column":17},"end":{"line":217,"column":35}},{"start":{"line":217,"column":39},"end":{"line":217,"column":66}}],"line":217},"38":{"loc":{"start":{"line":223,"column":20},"end":{"line":223,"column":46}},"type":"binary-expr","locations":[{"start":{"line":223,"column":20},"end":{"line":223,"column":37}},{"start":{"line":223,"column":41},"end":{"line":223,"column":46}}],"line":223},"39":{"loc":{"start":{"line":227,"column":20},"end":{"line":227,"column":46}},"type":"binary-expr","locations":[{"start":{"line":227,"column":20},"end":{"line":227,"column":37}},{"start":{"line":227,"column":41},"end":{"line":227,"column":46}}],"line":227}},"s":{"0":0,"1":0,"2":0,"3":0,"4":0,"5":0,"6":0,"7":0,"8":0,"9":0,"10":0,"11":0,"12":0,"13":0,"14":0,"15":0,"16":0,"17":0,"18":0,"19":0,"20":0,"21":0,"22":0,"23":0,"24":0,"25":0,"26":0,"27":0,"28":0,"29":0,"30":0,"31":0,"32":0,"33":0,"34":0,"35":0,"36":0,"37":0,"38":0,"39":0,"40":0,"41":0,"42":0,"43":0,"44":0,"45":0,"46":0,"47":0,"48":0,"49":0,"50":0,"51":0,"52":0,"53":0,"54":0,"55":0,"56":0,"57":0,"58":0,"59":0,"60":0,"61":0,"62":0,"63":0,"64":0,"65":0,"66":0,"67":0,"68":0,"69":0,"70":0,"71":0,"72":0,"73":0,"74":0,"75":0,"76":0,"77":0,"78":0,"79":0,"80":0,"81":0,"82":0,"83":0,"84":0,"85":0,"86":0,"87":0,"88":0,"89":0,"90":0,"91":0,"92":0},"f":{"0":0,"1":0,"2":0,"3":0,"4":0,"5":0,"6":0,"7":0,"8":0,"9":0,"10":0,"11":0,"12":0,"13":0,"14":0,"15":0,"16":0,"17":0},"b":{"0":[0,0],"1":[0,0],"2":[0,0],"3":[0,0],"4":[0,0],"5":[0,0],"6":[0,0,0,0,0],"7":[0,0],"8":[0,0],"9":[0,0],"10":[0,0],"11":[0,0,0],"12":[0,0],"13":[0,0],"14":[0,0],"15":[0,0],"16":[0,0],"17":[0,0],"18":[0,0],"19":[0,0,0],"20":[0,0],"21":[0,0],"22":[0,0],"23":[0,0],"24":[0,0],"25":[0,0],"26":[0,0],"27":[0,0],"28":[0,0],"29":[0,0],"30":[0,0],"31":[0,0],"32":[0,0],"33":[0,0],"34":[0,0],"35":[0,0],"36":[0,0],"37":[0,0],"38":[0,0],"39":[0,0]}}
,"/home/aleksstef/dev/webfg-app/webfg-gm-app/src/components/actions/test/ActionTestBackend.js": {"path":"/home/aleksstef/dev/webfg-app/webfg-gm-app/src/components/actions/test/ActionTestBackend.js","statementMap":{"0":{"start":{"line":7,"column":26},"end":{"line":706,"column":1}},"1":{"start":{"line":8,"column":38},"end":{"line":8,"column":65}},"2":{"start":{"line":9,"column":52},"end":{"line":9,"column":64}},"3":{"start":{"line":10,"column":52},"end":{"line":10,"column":102}},"4":{"start":{"line":11,"column":34},"end":{"line":11,"column":49}},"5":{"start":{"line":12,"column":44},"end":{"line":12,"column":56}},"6":{"start":{"line":13,"column":46},"end":{"line":13,"column":61}},"7":{"start":{"line":14,"column":56},"end":{"line":14,"column":68}},"8":{"start":{"line":17,"column":48},"end":{"line":17,"column":60}},"9":{"start":{"line":20,"column":35},"end":{"line":20,"column":98}},"10":{"start":{"line":21,"column":32},"end":{"line":21,"column":89}},"11":{"start":{"line":22,"column":32},"end":{"line":22,"column":89}},"12":{"start":{"line":25,"column":38},"end":{"line":25,"column":63}},"13":{"start":{"line":28,"column":54},"end":{"line":28,"column":66}},"14":{"start":{"line":29,"column":54},"end":{"line":29,"column":69}},"15":{"start":{"line":32,"column":70},"end":{"line":37,"column":3}},"16":{"start":{"line":40,"column":22},"end":{"line":42,"column":4}},"17":{"start":{"line":45,"column":2},"end":{"line":47,"column":15}},"18":{"start":{"line":46,"column":4},"end":{"line":46,"column":37}},"19":{"start":{"line":50,"column":31},"end":{"line":142,"column":3}},"20":{"start":{"line":51,"column":26},"end":{"line":51,"column":51}},"21":{"start":{"line":52,"column":24},"end":{"line":52,"column":43}},"22":{"start":{"line":53,"column":22},"end":{"line":53,"column":64}},"23":{"start":{"line":56,"column":27},"end":{"line":56,"column":59}},"24":{"start":{"line":57,"column":30},"end":{"line":57,"column":86}},"25":{"start":{"line":58,"column":30},"end":{"line":58,"column":96}},"26":{"start":{"line":59,"column":30},"end":{"line":59,"column":92}},"27":{"start":{"line":60,"column":30},"end":{"line":60,"column":102}},"28":{"start":{"line":63,"column":18},"end":{"line":72,"column":5}},"29":{"start":{"line":74,"column":4},"end":{"line":81,"column":7}},"30":{"start":{"line":84,"column":19},"end":{"line":86,"column":6}},"31":{"start":{"line":88,"column":4},"end":{"line":139,"column":5}},"32":{"start":{"line":89,"column":27},"end":{"line":94,"column":7}},"33":{"start":{"line":95,"column":6},"end":{"line":95,"column":38}},"34":{"start":{"line":98,"column":6},"end":{"line":102,"column":9}},"35":{"start":{"line":104,"column":6},"end":{"line":138,"column":7}},"36":{"start":{"line":105,"column":8},"end":{"line":105,"column":61}},"37":{"start":{"line":108,"column":30},"end":{"line":108,"column":59}},"38":{"start":{"line":109,"column":8},"end":{"line":116,"column":9}},"39":{"start":{"line":110,"column":10},"end":{"line":110,"column":100}},"40":{"start":{"line":111,"column":31},"end":{"line":113,"column":12}},"41":{"start":{"line":114,"column":10},"end":{"line":114,"column":57}},"42":{"start":{"line":115,"column":10},"end":{"line":115,"column":68}},"43":{"start":{"line":118,"column":8},"end":{"line":135,"column":9}},"44":{"start":{"line":119,"column":10},"end":{"line":119,"column":76}},"45":{"start":{"line":123,"column":31},"end":{"line":123,"column":40}},"46":{"start":{"line":124,"column":31},"end":{"line":124,"column":40}},"47":{"start":{"line":126,"column":10},"end":{"line":130,"column":13}},"48":{"start":{"line":132,"column":10},"end":{"line":132,"column":96}},"49":{"start":{"line":134,"column":10},"end":{"line":134,"column":84}},"50":{"start":{"line":137,"column":8},"end":{"line":137,"column":70}},"51":{"start":{"line":141,"column":4},"end":{"line":141,"column":24}},"52":{"start":{"line":144,"column":23},"end":{"line":184,"column":3}},"53":{"start":{"line":145,"column":4},"end":{"line":145,"column":32}},"54":{"start":{"line":146,"column":4},"end":{"line":146,"column":30}},"55":{"start":{"line":148,"column":4},"end":{"line":156,"column":7}},"56":{"start":{"line":159,"column":4},"end":{"line":159,"column":91}},"57":{"start":{"line":160,"column":22},"end":{"line":160,"column":28}},"58":{"start":{"line":161,"column":4},"end":{"line":173,"column":5}},"59":{"start":{"line":162,"column":32},"end":{"line":164,"column":8}},"60":{"start":{"line":165,"column":6},"end":{"line":165,"column":75}},"61":{"start":{"line":166,"column":6},"end":{"line":169,"column":7}},"62":{"start":{"line":167,"column":8},"end":{"line":167,"column":55}},"63":{"start":{"line":168,"column":8},"end":{"line":168,"column":69}},"64":{"start":{"line":171,"column":6},"end":{"line":171,"column":62}},"65":{"start":{"line":172,"column":6},"end":{"line":172,"column":58}},"66":{"start":{"line":175,"column":4},"end":{"line":183,"column":5}},"67":{"start":{"line":176,"column":22},"end":{"line":176,"column":99}},"68":{"start":{"line":177,"column":6},"end":{"line":177,"column":51}},"69":{"start":{"line":178,"column":6},"end":{"line":178,"column":37}},"70":{"start":{"line":180,"column":6},"end":{"line":180,"column":62}},"71":{"start":{"line":182,"column":6},"end":{"line":182,"column":35}},"72":{"start":{"line":187,"column":32},"end":{"line":193,"column":3}},"73":{"start":{"line":188,"column":4},"end":{"line":192,"column":5}},"74":{"start":{"line":189,"column":6},"end":{"line":189,"column":56}},"75":{"start":{"line":189,"column":35},"end":{"line":189,"column":54}},"76":{"start":{"line":191,"column":6},"end":{"line":191,"column":71}},"77":{"start":{"line":191,"column":35},"end":{"line":191,"column":69}},"78":{"start":{"line":191,"column":53},"end":{"line":191,"column":68}},"79":{"start":{"line":196,"column":32},"end":{"line":202,"column":3}},"80":{"start":{"line":197,"column":4},"end":{"line":201,"column":5}},"81":{"start":{"line":198,"column":6},"end":{"line":198,"column":56}},"82":{"start":{"line":198,"column":35},"end":{"line":198,"column":54}},"83":{"start":{"line":200,"column":6},"end":{"line":200,"column":71}},"84":{"start":{"line":200,"column":35},"end":{"line":200,"column":69}},"85":{"start":{"line":200,"column":53},"end":{"line":200,"column":68}},"86":{"start":{"line":204,"column":27},"end":{"line":285,"column":3}},"87":{"start":{"line":205,"column":4},"end":{"line":216,"column":5}},"88":{"start":{"line":206,"column":6},"end":{"line":215,"column":8}},"89":{"start":{"line":211,"column":29},"end":{"line":211,"column":61}},"90":{"start":{"line":218,"column":4},"end":{"line":284,"column":5}},"91":{"start":{"line":220,"column":8},"end":{"line":239,"column":10}},"92":{"start":{"line":229,"column":14},"end":{"line":236,"column":22}},"93":{"start":{"line":233,"column":35},"end":{"line":233,"column":92}},"94":{"start":{"line":241,"column":8},"end":{"line":260,"column":10}},"95":{"start":{"line":250,"column":14},"end":{"line":257,"column":22}},"96":{"start":{"line":254,"column":35},"end":{"line":254,"column":88}},"97":{"start":{"line":262,"column":8},"end":{"line":281,"column":10}},"98":{"start":{"line":271,"column":14},"end":{"line":278,"column":22}},"99":{"start":{"line":275,"column":35},"end":{"line":275,"column":91}},"100":{"start":{"line":283,"column":8},"end":{"line":283,"column":46}},"101":{"start":{"line":287,"column":27},"end":{"line":327,"column":3}},"102":{"start":{"line":289,"column":33},"end":{"line":291,"column":11}},"103":{"start":{"line":290,"column":6},"end":{"line":290,"column":94}},"104":{"start":{"line":290,"column":54},"end":{"line":290,"column":93}},"105":{"start":{"line":293,"column":4},"end":{"line":299,"column":5}},"106":{"start":{"line":294,"column":6},"end":{"line":298,"column":8}},"107":{"start":{"line":301,"column":4},"end":{"line":326,"column":6}},"108":{"start":{"line":313,"column":10},"end":{"line":323,"column":18}},"109":{"start":{"line":317,"column":31},"end":{"line":317,"column":88}},"110":{"start":{"line":330,"column":32},"end":{"line":344,"column":3}},"111":{"start":{"line":331,"column":4},"end":{"line":342,"column":5}},"112":{"start":{"line":332,"column":6},"end":{"line":332,"column":50}},"113":{"start":{"line":333,"column":11},"end":{"line":342,"column":5}},"114":{"start":{"line":334,"column":43},"end":{"line":334,"column":73}},"115":{"start":{"line":335,"column":6},"end":{"line":339,"column":7}},"116":{"start":{"line":336,"column":8},"end":{"line":336,"column":43}},"117":{"start":{"line":337,"column":13},"end":{"line":339,"column":7}},"118":{"start":{"line":338,"column":8},"end":{"line":338,"column":65}},"119":{"start":{"line":340,"column":11},"end":{"line":342,"column":5}},"120":{"start":{"line":341,"column":6},"end":{"line":341,"column":61}},"121":{"start":{"line":343,"column":4},"end":{"line":343,"column":17}},"122":{"start":{"line":346,"column":32},"end":{"line":360,"column":3}},"123":{"start":{"line":347,"column":4},"end":{"line":358,"column":5}},"124":{"start":{"line":348,"column":6},"end":{"line":348,"column":44}},"125":{"start":{"line":349,"column":11},"end":{"line":358,"column":5}},"126":{"start":{"line":350,"column":43},"end":{"line":350,"column":73}},"127":{"start":{"line":351,"column":6},"end":{"line":355,"column":7}},"128":{"start":{"line":352,"column":8},"end":{"line":352,"column":43}},"129":{"start":{"line":353,"column":13},"end":{"line":355,"column":7}},"130":{"start":{"line":354,"column":8},"end":{"line":354,"column":65}},"131":{"start":{"line":356,"column":11},"end":{"line":358,"column":5}},"132":{"start":{"line":357,"column":6},"end":{"line":357,"column":61}},"133":{"start":{"line":359,"column":4},"end":{"line":359,"column":17}},"134":{"start":{"line":362,"column":2},"end":{"line":705,"column":4}},"135":{"start":{"line":384,"column":18},"end":{"line":384,"column":53}},"136":{"start":{"line":385,"column":18},"end":{"line":385,"column":43}},"137":{"start":{"line":397,"column":33},"end":{"line":397,"column":71}},"138":{"start":{"line":415,"column":18},"end":{"line":415,"column":41}},"139":{"start":{"line":416,"column":18},"end":{"line":416,"column":43}},"140":{"start":{"line":446,"column":32},"end":{"line":446,"column":74}},"141":{"start":{"line":447,"column":37},"end":{"line":447,"column":69}},"142":{"start":{"line":448,"column":36},"end":{"line":448,"column":47}},"143":{"start":{"line":450,"column":14},"end":{"line":665,"column":14}},"144":{"start":{"line":469,"column":30},"end":{"line":476,"column":34}},"145":{"start":{"line":469,"column":58},"end":{"line":476,"column":31}},"146":{"start":{"line":486,"column":30},"end":{"line":492,"column":34}},"147":{"start":{"line":486,"column":58},"end":{"line":492,"column":31}},"148":{"start":{"line":507,"column":30},"end":{"line":514,"column":34}},"149":{"start":{"line":507,"column":58},"end":{"line":514,"column":31}},"150":{"start":{"line":524,"column":30},"end":{"line":530,"column":34}},"151":{"start":{"line":524,"column":58},"end":{"line":530,"column":31}},"152":{"start":{"line":609,"column":34},"end":{"line":612,"column":41}},"153":{"start":{"line":631,"column":34},"end":{"line":634,"column":41}},"154":{"start":{"line":687,"column":20},"end":{"line":690,"column":27}},"155":{"start":{"line":695,"column":22},"end":{"line":695,"column":67}}},"fnMap":{"0":{"name":"(anonymous_0)","decl":{"start":{"line":7,"column":26},"end":{"line":7,"column":27}},"loc":{"start":{"line":7,"column":62},"end":{"line":706,"column":1}},"line":7},"1":{"name":"(anonymous_1)","decl":{"start":{"line":45,"column":12},"end":{"line":45,"column":13}},"loc":{"start":{"line":45,"column":18},"end":{"line":47,"column":3}},"line":45},"2":{"name":"(anonymous_2)","decl":{"start":{"line":50,"column":31},"end":{"line":50,"column":32}},"loc":{"start":{"line":50,"column":97},"end":{"line":142,"column":3}},"line":50},"3":{"name":"(anonymous_3)","decl":{"start":{"line":144,"column":23},"end":{"line":144,"column":24}},"loc":{"start":{"line":144,"column":35},"end":{"line":184,"column":3}},"line":144},"4":{"name":"(anonymous_4)","decl":{"start":{"line":187,"column":32},"end":{"line":187,"column":33}},"loc":{"start":{"line":187,"column":57},"end":{"line":193,"column":3}},"line":187},"5":{"name":"(anonymous_5)","decl":{"start":{"line":189,"column":27},"end":{"line":189,"column":28}},"loc":{"start":{"line":189,"column":35},"end":{"line":189,"column":54}},"line":189},"6":{"name":"(anonymous_6)","decl":{"start":{"line":191,"column":27},"end":{"line":191,"column":28}},"loc":{"start":{"line":191,"column":35},"end":{"line":191,"column":69}},"line":191},"7":{"name":"(anonymous_7)","decl":{"start":{"line":191,"column":47},"end":{"line":191,"column":48}},"loc":{"start":{"line":191,"column":53},"end":{"line":191,"column":68}},"line":191},"8":{"name":"(anonymous_8)","decl":{"start":{"line":196,"column":32},"end":{"line":196,"column":33}},"loc":{"start":{"line":196,"column":57},"end":{"line":202,"column":3}},"line":196},"9":{"name":"(anonymous_9)","decl":{"start":{"line":198,"column":27},"end":{"line":198,"column":28}},"loc":{"start":{"line":198,"column":35},"end":{"line":198,"column":54}},"line":198},"10":{"name":"(anonymous_10)","decl":{"start":{"line":200,"column":27},"end":{"line":200,"column":28}},"loc":{"start":{"line":200,"column":35},"end":{"line":200,"column":69}},"line":200},"11":{"name":"(anonymous_11)","decl":{"start":{"line":200,"column":47},"end":{"line":200,"column":48}},"loc":{"start":{"line":200,"column":53},"end":{"line":200,"column":68}},"line":200},"12":{"name":"(anonymous_12)","decl":{"start":{"line":204,"column":27},"end":{"line":204,"column":28}},"loc":{"start":{"line":204,"column":33},"end":{"line":285,"column":3}},"line":204},"13":{"name":"(anonymous_13)","decl":{"start":{"line":211,"column":22},"end":{"line":211,"column":23}},"loc":{"start":{"line":211,"column":29},"end":{"line":211,"column":61}},"line":211},"14":{"name":"(anonymous_14)","decl":{"start":{"line":228,"column":48},"end":{"line":228,"column":49}},"loc":{"start":{"line":229,"column":14},"end":{"line":236,"column":22}},"line":229},"15":{"name":"(anonymous_15)","decl":{"start":{"line":233,"column":28},"end":{"line":233,"column":29}},"loc":{"start":{"line":233,"column":35},"end":{"line":233,"column":92}},"line":233},"16":{"name":"(anonymous_16)","decl":{"start":{"line":249,"column":42},"end":{"line":249,"column":43}},"loc":{"start":{"line":250,"column":14},"end":{"line":257,"column":22}},"line":250},"17":{"name":"(anonymous_17)","decl":{"start":{"line":254,"column":28},"end":{"line":254,"column":29}},"loc":{"start":{"line":254,"column":35},"end":{"line":254,"column":88}},"line":254},"18":{"name":"(anonymous_18)","decl":{"start":{"line":270,"column":42},"end":{"line":270,"column":43}},"loc":{"start":{"line":271,"column":14},"end":{"line":278,"column":22}},"line":271},"19":{"name":"(anonymous_19)","decl":{"start":{"line":275,"column":28},"end":{"line":275,"column":29}},"loc":{"start":{"line":275,"column":35},"end":{"line":275,"column":91}},"line":275},"20":{"name":"(anonymous_20)","decl":{"start":{"line":287,"column":27},"end":{"line":287,"column":28}},"loc":{"start":{"line":287,"column":33},"end":{"line":327,"column":3}},"line":287},"21":{"name":"(anonymous_21)","decl":{"start":{"line":289,"column":74},"end":{"line":289,"column":75}},"loc":{"start":{"line":290,"column":6},"end":{"line":290,"column":94}},"line":290},"22":{"name":"(anonymous_22)","decl":{"start":{"line":290,"column":40},"end":{"line":290,"column":41}},"loc":{"start":{"line":290,"column":54},"end":{"line":290,"column":93}},"line":290},"23":{"name":"(anonymous_23)","decl":{"start":{"line":312,"column":34},"end":{"line":312,"column":35}},"loc":{"start":{"line":313,"column":10},"end":{"line":323,"column":18}},"line":313},"24":{"name":"(anonymous_24)","decl":{"start":{"line":317,"column":24},"end":{"line":317,"column":25}},"loc":{"start":{"line":317,"column":31},"end":{"line":317,"column":88}},"line":317},"25":{"name":"(anonymous_25)","decl":{"start":{"line":330,"column":32},"end":{"line":330,"column":33}},"loc":{"start":{"line":330,"column":38},"end":{"line":344,"column":3}},"line":330},"26":{"name":"(anonymous_26)","decl":{"start":{"line":346,"column":32},"end":{"line":346,"column":33}},"loc":{"start":{"line":346,"column":38},"end":{"line":360,"column":3}},"line":346},"27":{"name":"(anonymous_27)","decl":{"start":{"line":383,"column":26},"end":{"line":383,"column":27}},"loc":{"start":{"line":383,"column":32},"end":{"line":386,"column":17}},"line":383},"28":{"name":"(anonymous_28)","decl":{"start":{"line":397,"column":26},"end":{"line":397,"column":27}},"loc":{"start":{"line":397,"column":33},"end":{"line":397,"column":71}},"line":397},"29":{"name":"(anonymous_29)","decl":{"start":{"line":414,"column":26},"end":{"line":414,"column":27}},"loc":{"start":{"line":414,"column":32},"end":{"line":417,"column":17}},"line":414},"30":{"name":"(anonymous_30)","decl":{"start":{"line":445,"column":36},"end":{"line":445,"column":37}},"loc":{"start":{"line":445,"column":61},"end":{"line":666,"column":13}},"line":445},"31":{"name":"(anonymous_31)","decl":{"start":{"line":468,"column":38},"end":{"line":468,"column":39}},"loc":{"start":{"line":468,"column":45},"end":{"line":477,"column":29}},"line":468},"32":{"name":"(anonymous_32)","decl":{"start":{"line":469,"column":49},"end":{"line":469,"column":50}},"loc":{"start":{"line":469,"column":58},"end":{"line":476,"column":31}},"line":469},"33":{"name":"(anonymous_33)","decl":{"start":{"line":485,"column":38},"end":{"line":485,"column":39}},"loc":{"start":{"line":485,"column":45},"end":{"line":493,"column":29}},"line":485},"34":{"name":"(anonymous_34)","decl":{"start":{"line":486,"column":49},"end":{"line":486,"column":50}},"loc":{"start":{"line":486,"column":58},"end":{"line":492,"column":31}},"line":486},"35":{"name":"(anonymous_35)","decl":{"start":{"line":506,"column":38},"end":{"line":506,"column":39}},"loc":{"start":{"line":506,"column":45},"end":{"line":515,"column":29}},"line":506},"36":{"name":"(anonymous_36)","decl":{"start":{"line":507,"column":49},"end":{"line":507,"column":50}},"loc":{"start":{"line":507,"column":58},"end":{"line":514,"column":31}},"line":507},"37":{"name":"(anonymous_37)","decl":{"start":{"line":523,"column":38},"end":{"line":523,"column":39}},"loc":{"start":{"line":523,"column":45},"end":{"line":531,"column":29}},"line":523},"38":{"name":"(anonymous_38)","decl":{"start":{"line":524,"column":49},"end":{"line":524,"column":50}},"loc":{"start":{"line":524,"column":58},"end":{"line":530,"column":31}},"line":524},"39":{"name":"(anonymous_39)","decl":{"start":{"line":608,"column":78},"end":{"line":608,"column":79}},"loc":{"start":{"line":609,"column":34},"end":{"line":612,"column":41}},"line":609},"40":{"name":"(anonymous_40)","decl":{"start":{"line":630,"column":78},"end":{"line":630,"column":79}},"loc":{"start":{"line":631,"column":34},"end":{"line":634,"column":41}},"line":631},"41":{"name":"(anonymous_41)","decl":{"start":{"line":686,"column":42},"end":{"line":686,"column":43}},"loc":{"start":{"line":687,"column":20},"end":{"line":690,"column":27}},"line":687},"42":{"name":"(anonymous_42)","decl":{"start":{"line":694,"column":48},"end":{"line":694,"column":49}},"loc":{"start":{"line":695,"column":22},"end":{"line":695,"column":67}},"line":695}},"branchMap":{"0":{"loc":{"start":{"line":10,"column":61},"end":{"line":10,"column":101}},"type":"cond-expr","locations":[{"start":{"line":10,"column":73},"end":{"line":10,"column":96}},{"start":{"line":10,"column":99},"end":{"line":10,"column":101}}],"line":10},"1":{"loc":{"start":{"line":50,"column":75},"end":{"line":50,"column":92}},"type":"default-arg","locations":[{"start":{"line":50,"column":90},"end":{"line":50,"column":92}}],"line":50},"2":{"loc":{"start":{"line":56,"column":27},"end":{"line":56,"column":59}},"type":"binary-expr","locations":[{"start":{"line":56,"column":27},"end":{"line":56,"column":53}},{"start":{"line":56,"column":57},"end":{"line":56,"column":59}}],"line":56},"3":{"loc":{"start":{"line":57,"column":30},"end":{"line":57,"column":86}},"type":"cond-expr","locations":[{"start":{"line":57,"column":46},"end":{"line":57,"column":54}},{"start":{"line":57,"column":57},"end":{"line":57,"column":86}}],"line":57},"4":{"loc":{"start":{"line":58,"column":30},"end":{"line":58,"column":96}},"type":"cond-expr","locations":[{"start":{"line":58,"column":46},"end":{"line":58,"column":59}},{"start":{"line":58,"column":62},"end":{"line":58,"column":96}}],"line":58},"5":{"loc":{"start":{"line":59,"column":30},"end":{"line":59,"column":92}},"type":"cond-expr","locations":[{"start":{"line":59,"column":46},"end":{"line":59,"column":60}},{"start":{"line":59,"column":63},"end":{"line":59,"column":92}}],"line":59},"6":{"loc":{"start":{"line":60,"column":30},"end":{"line":60,"column":102}},"type":"cond-expr","locations":[{"start":{"line":60,"column":46},"end":{"line":60,"column":65}},{"start":{"line":60,"column":68},"end":{"line":60,"column":102}}],"line":60},"7":{"loc":{"start":{"line":65,"column":26},"end":{"line":65,"column":60}},"type":"cond-expr","locations":[{"start":{"line":65,"column":46},"end":{"line":65,"column":48}},{"start":{"line":65,"column":51},"end":{"line":65,"column":60}}],"line":65},"8":{"loc":{"start":{"line":66,"column":17},"end":{"line":66,"column":51}},"type":"cond-expr","locations":[{"start":{"line":66,"column":37},"end":{"line":66,"column":39}},{"start":{"line":66,"column":42},"end":{"line":66,"column":51}}],"line":66},"9":{"loc":{"start":{"line":67,"column":18},"end":{"line":67,"column":56}},"type":"binary-expr","locations":[{"start":{"line":67,"column":18},"end":{"line":67,"column":42}},{"start":{"line":67,"column":46},"end":{"line":67,"column":56}}],"line":67},"10":{"loc":{"start":{"line":69,"column":21},"end":{"line":69,"column":79}},"type":"cond-expr","locations":[{"start":{"line":69,"column":41},"end":{"line":69,"column":75}},{"start":{"line":69,"column":78},"end":{"line":69,"column":79}}],"line":69},"11":{"loc":{"start":{"line":69,"column":41},"end":{"line":69,"column":75}},"type":"binary-expr","locations":[{"start":{"line":69,"column":41},"end":{"line":69,"column":70}},{"start":{"line":69,"column":74},"end":{"line":69,"column":75}}],"line":69},"12":{"loc":{"start":{"line":71,"column":27},"end":{"line":71,"column":85}},"type":"cond-expr","locations":[{"start":{"line":71,"column":47},"end":{"line":71,"column":81}},{"start":{"line":71,"column":84},"end":{"line":71,"column":85}}],"line":71},"13":{"loc":{"start":{"line":71,"column":47},"end":{"line":71,"column":81}},"type":"binary-expr","locations":[{"start":{"line":71,"column":47},"end":{"line":71,"column":76}},{"start":{"line":71,"column":80},"end":{"line":71,"column":81}}],"line":71},"14":{"loc":{"start":{"line":88,"column":4},"end":{"line":139,"column":5}},"type":"if","locations":[{"start":{"line":88,"column":4},"end":{"line":139,"column":5}},{"start":{},"end":{}}],"line":88},"15":{"loc":{"start":{"line":88,"column":8},"end":{"line":88,"column":54}},"type":"binary-expr","locations":[{"start":{"line":88,"column":8},"end":{"line":88,"column":19}},{"start":{"line":88,"column":23},"end":{"line":88,"column":54}}],"line":88},"16":{"loc":{"start":{"line":104,"column":6},"end":{"line":138,"column":7}},"type":"if","locations":[{"start":{"line":104,"column":6},"end":{"line":138,"column":7}},{"start":{"line":136,"column":13},"end":{"line":138,"column":7}}],"line":104},"17":{"loc":{"start":{"line":104,"column":10},"end":{"line":104,"column":90}},"type":"binary-expr","locations":[{"start":{"line":104,"column":10},"end":{"line":104,"column":41}},{"start":{"line":104,"column":45},"end":{"line":104,"column":90}}],"line":104},"18":{"loc":{"start":{"line":109,"column":8},"end":{"line":116,"column":9}},"type":"if","locations":[{"start":{"line":109,"column":8},"end":{"line":116,"column":9}},{"start":{},"end":{}}],"line":109},"19":{"loc":{"start":{"line":109,"column":12},"end":{"line":109,"column":63}},"type":"binary-expr","locations":[{"start":{"line":109,"column":12},"end":{"line":109,"column":28}},{"start":{"line":109,"column":32},"end":{"line":109,"column":63}}],"line":109},"20":{"loc":{"start":{"line":118,"column":8},"end":{"line":135,"column":9}},"type":"if","locations":[{"start":{"line":118,"column":8},"end":{"line":135,"column":9}},{"start":{"line":133,"column":15},"end":{"line":135,"column":9}}],"line":118},"21":{"loc":{"start":{"line":166,"column":6},"end":{"line":169,"column":7}},"type":"if","locations":[{"start":{"line":166,"column":6},"end":{"line":169,"column":7}},{"start":{},"end":{}}],"line":166},"22":{"loc":{"start":{"line":188,"column":4},"end":{"line":192,"column":5}},"type":"if","locations":[{"start":{"line":188,"column":4},"end":{"line":192,"column":5}},{"start":{"line":190,"column":11},"end":{"line":192,"column":5}}],"line":188},"23":{"loc":{"start":{"line":197,"column":4},"end":{"line":201,"column":5}},"type":"if","locations":[{"start":{"line":197,"column":4},"end":{"line":201,"column":5}},{"start":{"line":199,"column":11},"end":{"line":201,"column":5}}],"line":197},"24":{"loc":{"start":{"line":205,"column":4},"end":{"line":216,"column":5}},"type":"if","locations":[{"start":{"line":205,"column":4},"end":{"line":216,"column":5}},{"start":{},"end":{}}],"line":205},"25":{"loc":{"start":{"line":218,"column":4},"end":{"line":284,"column":5}},"type":"switch","locations":[{"start":{"line":219,"column":6},"end":{"line":239,"column":10}},{"start":{"line":240,"column":6},"end":{"line":260,"column":10}},{"start":{"line":261,"column":6},"end":{"line":281,"column":10}},{"start":{"line":282,"column":6},"end":{"line":283,"column":46}}],"line":218},"26":{"loc":{"start":{"line":224,"column":15},"end":{"line":226,"column":15}},"type":"binary-expr","locations":[{"start":{"line":224,"column":15},"end":{"line":224,"column":43}},{"start":{"line":225,"column":16},"end":{"line":225,"column":92}}],"line":224},"27":{"loc":{"start":{"line":245,"column":15},"end":{"line":247,"column":15}},"type":"binary-expr","locations":[{"start":{"line":245,"column":15},"end":{"line":245,"column":43}},{"start":{"line":246,"column":16},"end":{"line":246,"column":92}}],"line":245},"28":{"loc":{"start":{"line":266,"column":15},"end":{"line":268,"column":15}},"type":"binary-expr","locations":[{"start":{"line":266,"column":15},"end":{"line":266,"column":43}},{"start":{"line":267,"column":16},"end":{"line":267,"column":92}}],"line":266},"29":{"loc":{"start":{"line":289,"column":33},"end":{"line":291,"column":11}},"type":"binary-expr","locations":[{"start":{"line":289,"column":33},"end":{"line":291,"column":5}},{"start":{"line":291,"column":9},"end":{"line":291,"column":11}}],"line":289},"30":{"loc":{"start":{"line":290,"column":6},"end":{"line":290,"column":94}},"type":"binary-expr","locations":[{"start":{"line":290,"column":6},"end":{"line":290,"column":18}},{"start":{"line":290,"column":22},"end":{"line":290,"column":94}}],"line":290},"31":{"loc":{"start":{"line":293,"column":4},"end":{"line":299,"column":5}},"type":"if","locations":[{"start":{"line":293,"column":4},"end":{"line":299,"column":5}},{"start":{},"end":{}}],"line":293},"32":{"loc":{"start":{"line":305,"column":11},"end":{"line":307,"column":11}},"type":"binary-expr","locations":[{"start":{"line":305,"column":11},"end":{"line":305,"column":39}},{"start":{"line":306,"column":12},"end":{"line":306,"column":88}}],"line":305},"33":{"loc":{"start":{"line":321,"column":15},"end":{"line":321,"column":74}},"type":"binary-expr","locations":[{"start":{"line":321,"column":15},"end":{"line":321,"column":58}},{"start":{"line":321,"column":62},"end":{"line":321,"column":74}}],"line":321},"34":{"loc":{"start":{"line":331,"column":4},"end":{"line":342,"column":5}},"type":"if","locations":[{"start":{"line":331,"column":4},"end":{"line":342,"column":5}},{"start":{"line":333,"column":11},"end":{"line":342,"column":5}}],"line":331},"35":{"loc":{"start":{"line":332,"column":13},"end":{"line":332,"column":49}},"type":"binary-expr","locations":[{"start":{"line":332,"column":13},"end":{"line":332,"column":44}},{"start":{"line":332,"column":48},"end":{"line":332,"column":49}}],"line":332},"36":{"loc":{"start":{"line":333,"column":11},"end":{"line":342,"column":5}},"type":"if","locations":[{"start":{"line":333,"column":11},"end":{"line":342,"column":5}},{"start":{"line":340,"column":11},"end":{"line":342,"column":5}}],"line":333},"37":{"loc":{"start":{"line":335,"column":6},"end":{"line":339,"column":7}},"type":"if","locations":[{"start":{"line":335,"column":6},"end":{"line":339,"column":7}},{"start":{"line":337,"column":13},"end":{"line":339,"column":7}}],"line":335},"38":{"loc":{"start":{"line":337,"column":13},"end":{"line":339,"column":7}},"type":"if","locations":[{"start":{"line":337,"column":13},"end":{"line":339,"column":7}},{"start":{},"end":{}}],"line":337},"39":{"loc":{"start":{"line":340,"column":11},"end":{"line":342,"column":5}},"type":"if","locations":[{"start":{"line":340,"column":11},"end":{"line":342,"column":5}},{"start":{},"end":{}}],"line":340},"40":{"loc":{"start":{"line":347,"column":4},"end":{"line":358,"column":5}},"type":"if","locations":[{"start":{"line":347,"column":4},"end":{"line":358,"column":5}},{"start":{"line":349,"column":11},"end":{"line":358,"column":5}}],"line":347},"41":{"loc":{"start":{"line":348,"column":13},"end":{"line":348,"column":43}},"type":"binary-expr","locations":[{"start":{"line":348,"column":13},"end":{"line":348,"column":38}},{"start":{"line":348,"column":42},"end":{"line":348,"column":43}}],"line":348},"42":{"loc":{"start":{"line":349,"column":11},"end":{"line":358,"column":5}},"type":"if","locations":[{"start":{"line":349,"column":11},"end":{"line":358,"column":5}},{"start":{"line":356,"column":11},"end":{"line":358,"column":5}}],"line":349},"43":{"loc":{"start":{"line":351,"column":6},"end":{"line":355,"column":7}},"type":"if","locations":[{"start":{"line":351,"column":6},"end":{"line":355,"column":7}},{"start":{"line":353,"column":13},"end":{"line":355,"column":7}}],"line":351},"44":{"loc":{"start":{"line":353,"column":13},"end":{"line":355,"column":7}},"type":"if","locations":[{"start":{"line":353,"column":13},"end":{"line":355,"column":7}},{"start":{},"end":{}}],"line":353},"45":{"loc":{"start":{"line":356,"column":11},"end":{"line":358,"column":5}},"type":"if","locations":[{"start":{"line":356,"column":11},"end":{"line":358,"column":5}},{"start":{},"end":{}}],"line":356},"46":{"loc":{"start":{"line":392,"column":11},"end":{"line":403,"column":11}},"type":"cond-expr","locations":[{"start":{"line":393,"column":12},"end":{"line":400,"column":18}},{"start":{"line":402,"column":12},"end":{"line":402,"column":30}}],"line":392},"47":{"loc":{"start":{"line":423,"column":11},"end":{"line":423,"column":56}},"type":"binary-expr","locations":[{"start":{"line":423,"column":11},"end":{"line":423,"column":20}},{"start":{"line":423,"column":24},"end":{"line":423,"column":56}}],"line":423},"48":{"loc":{"start":{"line":431,"column":22},"end":{"line":431,"column":235}},"type":"binary-expr","locations":[{"start":{"line":431,"column":23},"end":{"line":431,"column":53}},{"start":{"line":431,"column":57},"end":{"line":431,"column":66}},{"start":{"line":431,"column":72},"end":{"line":431,"column":80}},{"start":{"line":431,"column":84},"end":{"line":431,"column":98}},{"start":{"line":431,"column":104},"end":{"line":431,"column":134}},{"start":{"line":431,"column":138},"end":{"line":431,"column":153}},{"start":{"line":431,"column":159},"end":{"line":431,"column":173}},{"start":{"line":431,"column":177},"end":{"line":431,"column":197}},{"start":{"line":431,"column":202},"end":{"line":431,"column":213}},{"start":{"line":431,"column":217},"end":{"line":431,"column":235}}],"line":431},"49":{"loc":{"start":{"line":433,"column":13},"end":{"line":433,"column":78}},"type":"cond-expr","locations":[{"start":{"line":433,"column":51},"end":{"line":433,"column":67}},{"start":{"line":433,"column":70},"end":{"line":433,"column":78}}],"line":433},"50":{"loc":{"start":{"line":433,"column":14},"end":{"line":433,"column":47}},"type":"binary-expr","locations":[{"start":{"line":433,"column":14},"end":{"line":433,"column":25}},{"start":{"line":433,"column":29},"end":{"line":433,"column":47}}],"line":433},"51":{"loc":{"start":{"line":440,"column":9},"end":{"line":702,"column":9}},"type":"binary-expr","locations":[{"start":{"line":440,"column":9},"end":{"line":440,"column":38}},{"start":{"line":441,"column":10},"end":{"line":701,"column":16}}],"line":440},"52":{"loc":{"start":{"line":447,"column":37},"end":{"line":447,"column":69}},"type":"binary-expr","locations":[{"start":{"line":447,"column":37},"end":{"line":447,"column":63}},{"start":{"line":447,"column":67},"end":{"line":447,"column":69}}],"line":447},"53":{"loc":{"start":{"line":458,"column":19},"end":{"line":538,"column":19}},"type":"binary-expr","locations":[{"start":{"line":458,"column":19},"end":{"line":458,"column":33}},{"start":{"line":459,"column":20},"end":{"line":537,"column":26}}],"line":458},"54":{"loc":{"start":{"line":467,"column":37},"end":{"line":467,"column":75}},"type":"binary-expr","locations":[{"start":{"line":467,"column":37},"end":{"line":467,"column":66}},{"start":{"line":467,"column":70},"end":{"line":467,"column":75}}],"line":467},"55":{"loc":{"start":{"line":474,"column":55},"end":{"line":474,"column":121}},"type":"cond-expr","locations":[{"start":{"line":474,"column":74},"end":{"line":474,"column":116}},{"start":{"line":474,"column":119},"end":{"line":474,"column":121}}],"line":474},"56":{"loc":{"start":{"line":474,"column":74},"end":{"line":474,"column":116}},"type":"binary-expr","locations":[{"start":{"line":474,"column":74},"end":{"line":474,"column":110}},{"start":{"line":474,"column":114},"end":{"line":474,"column":116}}],"line":474},"57":{"loc":{"start":{"line":481,"column":25},"end":{"line":497,"column":25}},"type":"binary-expr","locations":[{"start":{"line":481,"column":25},"end":{"line":481,"column":54}},{"start":{"line":482,"column":26},"end":{"line":496,"column":28}}],"line":481},"58":{"loc":{"start":{"line":484,"column":35},"end":{"line":484,"column":75}},"type":"binary-expr","locations":[{"start":{"line":484,"column":35},"end":{"line":484,"column":69}},{"start":{"line":484,"column":73},"end":{"line":484,"column":75}}],"line":484},"59":{"loc":{"start":{"line":505,"column":37},"end":{"line":505,"column":75}},"type":"binary-expr","locations":[{"start":{"line":505,"column":37},"end":{"line":505,"column":66}},{"start":{"line":505,"column":70},"end":{"line":505,"column":75}}],"line":505},"60":{"loc":{"start":{"line":512,"column":55},"end":{"line":512,"column":121}},"type":"cond-expr","locations":[{"start":{"line":512,"column":74},"end":{"line":512,"column":116}},{"start":{"line":512,"column":119},"end":{"line":512,"column":121}}],"line":512},"61":{"loc":{"start":{"line":512,"column":74},"end":{"line":512,"column":116}},"type":"binary-expr","locations":[{"start":{"line":512,"column":74},"end":{"line":512,"column":110}},{"start":{"line":512,"column":114},"end":{"line":512,"column":116}}],"line":512},"62":{"loc":{"start":{"line":519,"column":25},"end":{"line":535,"column":25}},"type":"binary-expr","locations":[{"start":{"line":519,"column":25},"end":{"line":519,"column":54}},{"start":{"line":520,"column":26},"end":{"line":534,"column":28}}],"line":519},"63":{"loc":{"start":{"line":522,"column":35},"end":{"line":522,"column":75}},"type":"binary-expr","locations":[{"start":{"line":522,"column":35},"end":{"line":522,"column":69}},{"start":{"line":522,"column":73},"end":{"line":522,"column":75}}],"line":522},"64":{"loc":{"start":{"line":541,"column":35},"end":{"line":545,"column":53}},"type":"cond-expr","locations":[{"start":{"line":542,"column":22},"end":{"line":542,"column":69}},{"start":{"line":543,"column":22},"end":{"line":545,"column":53}}],"line":541},"65":{"loc":{"start":{"line":543,"column":22},"end":{"line":545,"column":53}},"type":"cond-expr","locations":[{"start":{"line":544,"column":22},"end":{"line":544,"column":111}},{"start":{"line":545,"column":22},"end":{"line":545,"column":53}}],"line":543},"66":{"loc":{"start":{"line":547,"column":35},"end":{"line":551,"column":53}},"type":"cond-expr","locations":[{"start":{"line":548,"column":22},"end":{"line":548,"column":69}},{"start":{"line":549,"column":22},"end":{"line":551,"column":53}}],"line":547},"67":{"loc":{"start":{"line":549,"column":22},"end":{"line":551,"column":53}},"type":"cond-expr","locations":[{"start":{"line":550,"column":22},"end":{"line":550,"column":111}},{"start":{"line":551,"column":22},"end":{"line":551,"column":53}}],"line":549},"68":{"loc":{"start":{"line":555,"column":17},"end":{"line":576,"column":17}},"type":"binary-expr","locations":[{"start":{"line":555,"column":17},"end":{"line":555,"column":53}},{"start":{"line":556,"column":18},"end":{"line":575,"column":24}}],"line":555},"69":{"loc":{"start":{"line":578,"column":17},"end":{"line":592,"column":17}},"type":"binary-expr","locations":[{"start":{"line":578,"column":17},"end":{"line":578,"column":54}},{"start":{"line":579,"column":18},"end":{"line":591,"column":24}}],"line":578},"70":{"loc":{"start":{"line":595,"column":17},"end":{"line":648,"column":17}},"type":"binary-expr","locations":[{"start":{"line":595,"column":18},"end":{"line":595,"column":55}},{"start":{"line":595,"column":59},"end":{"line":595,"column":96}},{"start":{"line":596,"column":18},"end":{"line":647,"column":24}}],"line":595},"71":{"loc":{"start":{"line":602,"column":23},"end":{"line":623,"column":23}},"type":"binary-expr","locations":[{"start":{"line":602,"column":23},"end":{"line":602,"column":60}},{"start":{"line":603,"column":24},"end":{"line":622,"column":30}}],"line":602},"72":{"loc":{"start":{"line":606,"column":29},"end":{"line":618,"column":29}},"type":"cond-expr","locations":[{"start":{"line":607,"column":30},"end":{"line":615,"column":33}},{"start":{"line":617,"column":30},"end":{"line":617,"column":105}}],"line":606},"73":{"loc":{"start":{"line":606,"column":29},"end":{"line":606,"column":124}},"type":"binary-expr","locations":[{"start":{"line":606,"column":29},"end":{"line":606,"column":69}},{"start":{"line":606,"column":73},"end":{"line":606,"column":124}}],"line":606},"74":{"loc":{"start":{"line":611,"column":37},"end":{"line":611,"column":103}},"type":"binary-expr","locations":[{"start":{"line":611,"column":37},"end":{"line":611,"column":94}},{"start":{"line":611,"column":98},"end":{"line":611,"column":103}}],"line":611},"75":{"loc":{"start":{"line":624,"column":23},"end":{"line":645,"column":23}},"type":"binary-expr","locations":[{"start":{"line":624,"column":23},"end":{"line":624,"column":60}},{"start":{"line":625,"column":24},"end":{"line":644,"column":30}}],"line":624},"76":{"loc":{"start":{"line":628,"column":29},"end":{"line":640,"column":29}},"type":"cond-expr","locations":[{"start":{"line":629,"column":30},"end":{"line":637,"column":33}},{"start":{"line":639,"column":30},"end":{"line":639,"column":105}}],"line":628},"77":{"loc":{"start":{"line":628,"column":29},"end":{"line":628,"column":124}},"type":"binary-expr","locations":[{"start":{"line":628,"column":29},"end":{"line":628,"column":69}},{"start":{"line":628,"column":73},"end":{"line":628,"column":124}}],"line":628},"78":{"loc":{"start":{"line":633,"column":37},"end":{"line":633,"column":103}},"type":"binary-expr","locations":[{"start":{"line":633,"column":37},"end":{"line":633,"column":94}},{"start":{"line":633,"column":98},"end":{"line":633,"column":103}}],"line":633},"79":{"loc":{"start":{"line":669,"column":13},"end":{"line":679,"column":13}},"type":"binary-expr","locations":[{"start":{"line":669,"column":13},"end":{"line":669,"column":42}},{"start":{"line":669,"column":46},"end":{"line":669,"column":85}},{"start":{"line":670,"column":14},"end":{"line":678,"column":20}}],"line":669},"80":{"loc":{"start":{"line":674,"column":28},"end":{"line":674,"column":61}},"type":"binary-expr","locations":[{"start":{"line":674,"column":28},"end":{"line":674,"column":39}},{"start":{"line":674,"column":43},"end":{"line":674,"column":61}}],"line":674},"81":{"loc":{"start":{"line":676,"column":19},"end":{"line":676,"column":106}},"type":"cond-expr","locations":[{"start":{"line":676,"column":57},"end":{"line":676,"column":75}},{"start":{"line":676,"column":78},"end":{"line":676,"column":106}}],"line":676},"82":{"loc":{"start":{"line":676,"column":20},"end":{"line":676,"column":53}},"type":"binary-expr","locations":[{"start":{"line":676,"column":20},"end":{"line":676,"column":31}},{"start":{"line":676,"column":35},"end":{"line":676,"column":53}}],"line":676},"83":{"loc":{"start":{"line":682,"column":13},"end":{"line":700,"column":13}},"type":"binary-expr","locations":[{"start":{"line":682,"column":13},"end":{"li
[...]
0":{"loc":{"start":{"line":321,"column":11},"end":{"line":330,"column":11}},"type":"binary-expr","locations":[{"start":{"line":321,"column":11},"end":{"line":321,"column":32}},{"start":{"line":321,"column":36},"end":{"line":321,"column":68}},{"start":{"line":322,"column":12},"end":{"line":329,"column":15}}],"line":321},"51":{"loc":{"start":{"line":332,"column":11},"end":{"line":354,"column":11}},"type":"binary-expr","locations":[{"start":{"line":332,"column":11},"end":{"line":332,"column":34}},{"start":{"line":332,"column":38},"end":{"line":332,"column":72}},{"start":{"line":333,"column":12},"end":{"line":353,"column":15}}],"line":332},"52":{"loc":{"start":{"line":346,"column":28},"end":{"line":346,"column":57}},"type":"binary-expr","locations":[{"start":{"line":346,"column":28},"end":{"line":346,"column":48}},{"start":{"line":346,"column":52},"end":{"line":346,"column":57}}],"line":346},"53":{"loc":{"start":{"line":347,"column":27},"end":{"line":347,"column":136}},"type":"cond-expr","locations":[{"start":{"line":347,"column":81},"end":{"line":347,"column":131}},{"start":{"line":347,"column":134},"end":{"line":347,"column":136}}],"line":347},"54":{"loc":{"start":{"line":347,"column":27},"end":{"line":347,"column":78}},"type":"binary-expr","locations":[{"start":{"line":347,"column":27},"end":{"line":347,"column":45}},{"start":{"line":347,"column":49},"end":{"line":347,"column":78}}],"line":347},"55":{"loc":{"start":{"line":355,"column":11},"end":{"line":360,"column":11}},"type":"binary-expr","locations":[{"start":{"line":355,"column":12},"end":{"line":355,"column":36}},{"start":{"line":355,"column":40},"end":{"line":355,"column":76}},{"start":{"line":355,"column":81},"end":{"line":355,"column":107}},{"start":{"line":355,"column":111},"end":{"line":355,"column":148}},{"start":{"line":356,"column":13},"end":{"line":359,"column":16}}],"line":355},"56":{"loc":{"start":{"line":365,"column":7},"end":{"line":374,"column":7}},"type":"binary-expr","locations":[{"start":{"line":365,"column":7},"end":{"line":365,"column":20}},{"start":{"line":366,"column":8},"end":{"line":373,"column":10}}],"line":365}},"s":{"0":0,"1":0,"2":0,"3":0,"4":0,"5":0,"6":0,"7":0,"8":0,"9":0,"10":0,"11":0,"12":0,"13":0,"14":0,"15":0,"16":0,"17":0,"18":0,"19":0,"20":0,"21":0,"22":0,"23":0,"24":0,"25":0,"26":0,"27":0,"28":0,"29":0,"30":0,"31":0,"32":0,"33":0,"34":0,"35":0,"36":0,"37":0,"38":0,"39":0,"40":0,"41":0,"42":0,"43":0,"44":0,"45":0,"46":0,"47":0,"48":0,"49":0,"50":0,"51":0,"52":0,"53":0,"54":0,"55":0,"56":0,"57":0,"58":0,"59":0,"60":0,"61":0,"62":0,"63":0,"64":0,"65":0,"66":0,"67":0,"68":0,"69":0,"70":0,"71":0,"72":0,"73":0,"74":0,"75":0,"76":0,"77":0,"78":0,"79":0,"80":0,"81":0,"82":0,"83":0,"84":0,"85":0,"86":0,"87":0,"88":0,"89":0,"90":0,"91":0,"92":0,"93":0,"94":0,"95":0,"96":0,"97":0,"98":0,"99":0,"100":0,"101":0,"102":0,"103":0,"104":0,"105":0,"106":0,"107":0,"108":0,"109":0,"110":0,"111":0,"112":0,"113":0,"114":0,"115":0,"116":0,"117":0,"118":0,"119":0,"120":0,"121":0,"122":0,"123":0,"124":0,"125":0,"126":0,"127":0,"128":0,"129":0,"130":0,"131":0,"132":0,"133":0,"134":0,"135":0},"f":{"0":0,"1":0,"2":0,"3":0,"4":0,"5":0,"6":0,"7":0,"8":0,"9":0,"10":0,"11":0,"12":0,"13":0,"14":0,"15":0,"16":0,"17":0,"18":0,"19":0,"20":0,"21":0,"22":0,"23":0,"24":0,"25":0,"26":0,"27":0},"b":{"0":[0,0],"1":[0,0],"2":[0,0],"3":[0,0],"4":[0,0],"5":[0,0],"6":[0,0],"7":[0,0],"8":[0,0],"9":[0,0],"10":[0,0],"11":[0,0],"12":[0,0],"13":[0,0],"14":[0,0],"15":[0,0],"16":[0,0,0],"17":[0,0],"18":[0,0],"19":[0,0],"20":[0,0],"21":[0,0],"22":[0,0,0,0,0],"23":[0,0],"24":[0,0],"25":[0,0],"26":[0,0],"27":[0,0,0],"28":[0,0],"29":[0,0],"30":[0,0],"31":[0,0],"32":[0,0],"33":[0,0],"34":[0,0],"35":[0,0,0],"36":[0,0],"37":[0,0],"38":[0,0],"39":[0,0],"40":[0,0],"41":[0,0],"42":[0,0],"43":[0,0],"44":[0,0],"45":[0,0],"46":[0,0],"47":[0,0],"48":[0,0],"49":[0,0],"50":[0,0,0],"51":[0,0,0],"52":[0,0],"53":[0,0],"54":[0,0],"55":[0,0,0,0,0],"56":[0,0]}}
,"/home/aleksstef/dev/webfg-app/webfg-gm-app/src/context/SelectedCharacterContext.js": {"path":"/home/aleksstef/dev/webfg-app/webfg-gm-app/src/context/SelectedCharacterContext.js","statementMap":{"0":{"start":{"line":4,"column":33},"end":{"line":4,"column":48}},"1":{"start":{"line":7,"column":36},"end":{"line":9,"column":1}},"2":{"start":{"line":8,"column":2},"end":{"line":8,"column":46}},"3":{"start":{"line":12,"column":41},"end":{"line":56,"column":1}},"4":{"start":{"line":13,"column":52},"end":{"line":13,"column":66}},"5":{"start":{"line":16,"column":2},"end":{"line":26,"column":9}},"6":{"start":{"line":17,"column":27},"end":{"line":17,"column":68}},"7":{"start":{"line":18,"column":4},"end":{"line":25,"column":5}},"8":{"start":{"line":19,"column":6},"end":{"line":24,"column":7}},"9":{"start":{"line":20,"column":8},"end":{"line":20,"column":57}},"10":{"start":{"line":22,"column":8},"end":{"line":22,"column":80}},"11":{"start":{"line":23,"column":8},"end":{"line":23,"column":53}},"12":{"start":{"line":29,"column":2},"end":{"line":35,"column":26}},"13":{"start":{"line":30,"column":4},"end":{"line":34,"column":5}},"14":{"start":{"line":31,"column":6},"end":{"line":31,"column":83}},"15":{"start":{"line":33,"column":6},"end":{"line":33,"column":51}},"16":{"start":{"line":37,"column":26},"end":{"line":39,"column":3}},"17":{"start":{"line":38,"column":4},"end":{"line":38,"column":36}},"18":{"start":{"line":41,"column":33},"end":{"line":43,"column":3}},"19":{"start":{"line":42,"column":4},"end":{"line":42,"column":31}},"20":{"start":{"line":45,"column":16},"end":{"line":49,"column":3}},"21":{"start":{"line":51,"column":2},"end":{"line":55,"column":4}}},"fnMap":{"0":{"name":"(anonymous_0)","decl":{"start":{"line":7,"column":36},"end":{"line":7,"column":37}},"loc":{"start":{"line":7,"column":42},"end":{"line":9,"column":1}},"line":7},"1":{"name":"(anonymous_1)","decl":{"start":{"line":12,"column":41},"end":{"line":12,"column":42}},"loc":{"start":{"line":12,"column":59},"end":{"line":56,"column":1}},"line":12},"2":{"name":"(anonymous_2)","decl":{"start":{"line":16,"column":12},"end":{"line":16,"column":13}},"loc":{"start":{"line":16,"column":18},"end":{"line":26,"column":3}},"line":16},"3":{"name":"(anonymous_3)","decl":{"start":{"line":29,"column":12},"end":{"line":29,"column":13}},"loc":{"start":{"line":29,"column":18},"end":{"line":35,"column":3}},"line":29},"4":{"name":"(anonymous_4)","decl":{"start":{"line":37,"column":26},"end":{"line":37,"column":27}},"loc":{"start":{"line":37,"column":41},"end":{"line":39,"column":3}},"line":37},"5":{"name":"(anonymous_5)","decl":{"start":{"line":41,"column":33},"end":{"line":41,"column":34}},"loc":{"start":{"line":41,"column":39},"end":{"line":43,"column":3}},"line":41}},"branchMap":{"0":{"loc":{"start":{"line":18,"column":4},"end":{"line":25,"column":5}},"type":"if","locations":[{"start":{"line":18,"column":4},"end":{"line":25,"column":5}},{"start":{},"end":{}}],"line":18},"1":{"loc":{"start":{"line":30,"column":4},"end":{"line":34,"column":5}},"type":"if","locations":[{"start":{"line":30,"column":4},"end":{"line":34,"column":5}},{"start":{"line":32,"column":11},"end":{"line":34,"column":5}}],"line":30}},"s":{"0":0,"1":0,"2":0,"3":0,"4":0,"5":0,"6":0,"7":0,"8":0,"9":0,"10":0,"11":0,"12":0,"13":0,"14":0,"15":0,"16":0,"17":0,"18":0,"19":0,"20":0,"21":0},"f":{"0":0,"1":0,"2":0,"3":0,"4":0,"5":0},"b":{"0":[0,0],"1":[0,0]}}
,"/home/aleksstef/dev/webfg-app/webfg-gm-app/src/graphql/computedOperations.js": {"path":"/home/aleksstef/dev/webfg-app/webfg-gm-app/src/graphql/computedOperations.js","statementMap":{"0":{"start":{"line":4,"column":43},"end":{"line":22,"column":1}},"1":{"start":{"line":24,"column":49},"end":{"line":42,"column":1}},"2":{"start":{"line":44,"column":44},"end":{"line":54,"column":1}},"3":{"start":{"line":57,"column":42},"end":{"line":175,"column":1}},"4":{"start":{"line":178,"column":49},"end":{"line":189,"column":1}},"5":{"start":{"line":192,"column":39},"end":{"line":249,"column":1}},"6":{"start":{"line":252,"column":46},"end":{"line":263,"column":1}},"7":{"start":{"line":266,"column":37},"end":{"line":296,"column":1}},"8":{"start":{"line":299,"column":44},"end":{"line":382,"column":1}},"9":{"start":{"line":385,"column":41},"end":{"line":416,"column":1}}},"fnMap":{},"branchMap":{},"s":{"0":0,"1":0,"2":0,"3":0,"4":0,"5":0,"6":0,"7":0,"8":0,"9":0},"f":{},"b":{}}
,"/home/aleksstef/dev/webfg-app/webfg-gm-app/src/graphql/operations.js": {"path":"/home/aleksstef/dev/webfg-app/webfg-gm-app/src/graphql/operations.js","statementMap":{"0":{"start":{"line":4,"column":31},"end":{"line":77,"column":1}},"1":{"start":{"line":79,"column":29},"end":{"line":184,"column":1}},"2":{"start":{"line":187,"column":28},"end":{"line":230,"column":1}},"3":{"start":{"line":232,"column":26},"end":{"line":278,"column":1}},"4":{"start":{"line":282,"column":28},"end":{"line":305,"column":1}},"5":{"start":{"line":307,"column":26},"end":{"line":330,"column":1}},"6":{"start":{"line":332,"column":27},"end":{"line":345,"column":1}},"7":{"start":{"line":349,"column":31},"end":{"line":360,"column":1}},"8":{"start":{"line":362,"column":29},"end":{"line":405,"column":1}},"9":{"start":{"line":408,"column":32},"end":{"line":442,"column":1}},"10":{"start":{"line":444,"column":32},"end":{"line":478,"column":1}},"11":{"start":{"line":480,"column":32},"end":{"line":484,"column":1}},"12":{"start":{"line":487,"column":29},"end":{"line":513,"column":1}},"13":{"start":{"line":514,"column":29},"end":{"line":540,"column":1}},"14":{"start":{"line":541,"column":29},"end":{"line":545,"column":1}},"15":{"start":{"line":548,"column":29},"end":{"line":556,"column":1}},"16":{"start":{"line":557,"column":29},"end":{"line":565,"column":1}},"17":{"start":{"line":566,"column":29},"end":{"line":570,"column":1}},"18":{"start":{"line":573,"column":35},"end":{"line":586,"column":1}},"19":{"start":{"line":588,"column":40},"end":{"line":601,"column":1}},"20":{"start":{"line":603,"column":40},"end":{"line":622,"column":1}},"21":{"start":{"line":624,"column":36},"end":{"line":643,"column":1}},"22":{"start":{"line":645,"column":51},"end":{"line":664,"column":1}},"23":{"start":{"line":666,"column":51},"end":{"line":685,"column":1}},"24":{"start":{"line":688,"column":39},"end":{"line":694,"column":1}},"25":{"start":{"line":695,"column":44},"end":{"line":701,"column":1}},"26":{"start":{"line":705,"column":32},"end":{"line":716,"column":1}},"27":{"start":{"line":717,"column":32},"end":{"line":727,"column":1}},"28":{"start":{"line":728,"column":32},"end":{"line":732,"column":1}},"29":{"start":{"line":735,"column":42},"end":{"line":756,"column":1}},"30":{"start":{"line":757,"column":47},"end":{"line":778,"column":1}},"31":{"start":{"line":781,"column":38},"end":{"line":806,"column":1}},"32":{"start":{"line":807,"column":29},"end":{"line":816,"column":1}},"33":{"start":{"line":818,"column":34},"end":{"line":826,"column":1}},"34":{"start":{"line":828,"column":38},"end":{"line":853,"column":1}},"35":{"start":{"line":857,"column":43},"end":{"line":881,"column":1}},"36":{"start":{"line":883,"column":42},"end":{"line":891,"column":1}},"37":{"start":{"line":894,"column":35},"end":{"line":906,"column":1}},"38":{"start":{"line":907,"column":35},"end":{"line":939,"column":1}},"39":{"start":{"line":940,"column":35},"end":{"line":942,"column":1}},"40":{"start":{"line":943,"column":32},"end":{"line":968,"column":1}},"41":{"start":{"line":969,"column":32},"end":{"line":994,"column":1}},"42":{"start":{"line":995,"column":32},"end":{"line":997,"column":1}},"43":{"start":{"line":998,"column":32},"end":{"line":1000,"column":1}},"44":{"start":{"line":1001,"column":32},"end":{"line":1009,"column":1}},"45":{"start":{"line":1010,"column":32},"end":{"line":1012,"column":1}},"46":{"start":{"line":1013,"column":35},"end":{"line":1015,"column":1}},"47":{"start":{"line":1016,"column":35},"end":{"line":1018,"column":1}},"48":{"start":{"line":1019,"column":35},"end":{"line":1021,"column":1}},"49":{"start":{"line":1024,"column":32},"end":{"line":1035,"column":1}},"50":{"start":{"line":1037,"column":32},"end":{"line":1048,"column":1}},"51":{"start":{"line":1050,"column":32},"end":{"line":1057,"column":1}},"52":{"start":{"line":1059,"column":31},"end":{"line":1070,"column":1}},"53":{"start":{"line":1072,"column":29},"end":{"line":1083,"column":1}},"54":{"start":{"line":1085,"column":30},"end":{"line":1096,"column":1}},"55":{"start":{"line":1098,"column":42},"end":{"line":1118,"column":1}},"56":{"start":{"line":1120,"column":47},"end":{"line":1135,"column":1}},"57":{"start":{"line":1138,"column":35},"end":{"line":1147,"column":1}},"58":{"start":{"line":1149,"column":35},"end":{"line":1160,"column":1}},"59":{"start":{"line":1162,"column":35},"end":{"line":1169,"column":1}},"60":{"start":{"line":1171,"column":39},"end":{"line":1191,"column":1}}},"fnMap":{},"branchMap":{},"s":{"0":0,"1":0,"2":0,"3":0,"4":0,"5":0,"6":0,"7":0,"8":0,"9":0,"10":0,"11":0,"12":0,"13":0,"14":0,"15":0,"16":0,"17":0,"18":0,"19":0,"20":0,"21":0,"22":0,"23":0,"24":0,"25":0,"26":0,"27":0,"28":0,"29":0,"30":0,"31":0,"32":0,"33":0,"34":0,"35":0,"36":0,"37":0,"38":0,"39":0,"40":0,"41":0,"42":0,"43":0,"44":0,"45":0,"46":0,"47":0,"48":0,"49":0,"50":0,"51":0,"52":0,"53":0,"54":0,"55":0,"56":0,"57":0,"58":0,"59":0,"60":0},"f":{},"b":{}}
,"/home/aleksstef/dev/webfg-app/webfg-gm-app/src/test-utils/index.js": {"path":"/home/aleksstef/dev/webfg-app/webfg-gm-app/src/test-utils/index.js","statementMap":{"0":{"start":{"line":8,"column":30},"end":{"line":49,"column":1}},"1":{"start":{"line":51,"column":27},"end":{"line":81,"column":1}},"2":{"start":{"line":83,"column":27},"end":{"line":106,"column":1}},"3":{"start":{"line":108,"column":30},"end":{"line":129,"column":1}},"4":{"start":{"line":132,"column":28},"end":{"line":181,"column":1}},"5":{"start":{"line":194,"column":4},"end":{"line":202,"column":6}},"6":{"start":{"line":205,"column":2},"end":{"line":212,"column":4}},"7":{"start":{"line":217,"column":2},"end":{"line":224,"column":4}},"8":{"start":{"line":229,"column":2},"end":{"line":236,"column":4}},"9":{"start":{"line":240,"column":32},"end":{"line":252,"column":1}},"10":{"start":{"line":242,"column":28},"end":{"line":242,"column":63}},"11":{"start":{"line":244,"column":4},"end":{"line":244,"column":40}},"12":{"start":{"line":247,"column":4},"end":{"line":247,"column":39}},"13":{"start":{"line":250,"column":4},"end":{"line":250,"column":32}},"14":{"start":{"line":257,"column":2},"end":{"line":259,"column":5}},"15":{"start":{"line":262,"column":2},"end":{"line":265,"column":5}},"16":{"start":{"line":263,"column":4},"end":{"line":263,"column":29}},"17":{"start":{"line":264,"column":4},"end":{"line":264,"column":25}},"18":{"start":{"line":270,"column":2},"end":{"line":270,"column":55}},"19":{"start":{"line":270,"column":31},"end":{"line":270,"column":53}},"20":{"start":{"line":274,"column":25},"end":{"line":290,"column":1}},"21":{"start":{"line":276,"column":4},"end":{"line":276,"column":18}},"22":{"start":{"line":277,"column":4},"end":{"line":277,"column":51}},"23":{"start":{"line":278,"column":4},"end":{"line":278,"column":22}},"24":{"start":{"line":282,"column":4},"end":{"line":282,"column":19}},"25":{"start":{"line":283,"column":4},"end":{"line":283,"column":25}},"26":{"start":{"line":284,"column":4},"end":{"line":284,"column":65}},"27":{"start":{"line":288,"column":4},"end":{"line":288,"column":81}}},"fnMap":{"0":{"name":"renderWithProviders","decl":{"start":{"line":184,"column":16},"end":{"line":184,"column":35}},"loc":{"start":{"line":192,"column":2},"end":{"line":213,"column":1}},"line":192},"1":{"name":"Wrapper","decl":{"start":{"line":193,"column":11},"end":{"line":193,"column":18}},"loc":{"start":{"line":193,"column":33},"end":{"line":203,"column":3}},"line":193},"2":{"name":"createMutationMock","decl":{"start":{"line":216,"column":16},"end":{"line":216,"column":34}},"loc":{"start":{"line":216,"column":82},"end":{"line":225,"column":1}},"line":216},"3":{"name":"createSubscriptionMock","decl":{"start":{"line":228,"column":16},"end":{"line":228,"column":38}},"loc":{"start":{"line":228,"column":65},"end":{"line":237,"column":1}},"line":228},"4":{"name":"(anonymous_4)","decl":{"start":{"line":242,"column":19},"end":{"line":242,"column":20}},"loc":{"start":{"line":242,"column":28},"end":{"line":242,"column":63}},"line":242},"5":{"name":"(anonymous_5)","decl":{"start":{"line":243,"column":19},"end":{"line":243,"column":20}},"loc":{"start":{"line":243,"column":35},"end":{"line":245,"column":3}},"line":243},"6":{"name":"(anonymous_6)","decl":{"start":{"line":246,"column":22},"end":{"line":246,"column":23}},"loc":{"start":{"line":246,"column":31},"end":{"line":248,"column":3}},"line":246},"7":{"name":"(anonymous_7)","decl":{"start":{"line":249,"column":17},"end":{"line":249,"column":18}},"loc":{"start":{"line":249,"column":23},"end":{"line":251,"column":3}},"line":249},"8":{"name":"setupTestEnvironment","decl":{"start":{"line":255,"column":16},"end":{"line":255,"column":36}},"loc":{"start":{"line":255,"column":39},"end":{"line":266,"column":1}},"line":255},"9":{"name":"(anonymous_9)","decl":{"start":{"line":262,"column":13},"end":{"line":262,"column":14}},"loc":{"start":{"line":262,"column":19},"end":{"line":265,"column":3}},"line":262},"10":{"name":"waitForApollo","decl":{"start":{"line":269,"column":22},"end":{"line":269,"column":35}},"loc":{"start":{"line":269,"column":38},"end":{"line":271,"column":1}},"line":269},"11":{"name":"(anonymous_11)","decl":{"start":{"line":270,"column":20},"end":{"line":270,"column":21}},"loc":{"start":{"line":270,"column":31},"end":{"line":270,"column":53}},"line":270},"12":{"name":"(anonymous_12)","decl":{"start":{"line":275,"column":13},"end":{"line":275,"column":14}},"loc":{"start":{"line":275,"column":31},"end":{"line":279,"column":3}},"line":275},"13":{"name":"(anonymous_13)","decl":{"start":{"line":281,"column":16},"end":{"line":281,"column":17}},"loc":{"start":{"line":281,"column":35},"end":{"line":285,"column":3}},"line":281},"14":{"name":"(anonymous_14)","decl":{"start":{"line":287,"column":14},"end":{"line":287,"column":15}},"loc":{"start":{"line":287,"column":24},"end":{"line":289,"column":3}},"line":287}},"branchMap":{"0":{"loc":{"start":{"line":186,"column":2},"end":{"line":191,"column":8}},"type":"default-arg","locations":[{"start":{"line":191,"column":6},"end":{"line":191,"column":8}}],"line":186},"1":{"loc":{"start":{"line":187,"column":4},"end":{"line":187,"column":24}},"type":"default-arg","locations":[{"start":{"line":187,"column":12},"end":{"line":187,"column":24}}],"line":187},"2":{"loc":{"start":{"line":188,"column":4},"end":{"line":188,"column":26}},"type":"default-arg","locations":[{"start":{"line":188,"column":21},"end":{"line":188,"column":26}}],"line":188},"3":{"loc":{"start":{"line":189,"column":4},"end":{"line":189,"column":28}},"type":"default-arg","locations":[{"start":{"line":189,"column":24},"end":{"line":189,"column":28}}],"line":189},"4":{"loc":{"start":{"line":216,"column":68},"end":{"line":216,"column":80}},"type":"default-arg","locations":[{"start":{"line":216,"column":76},"end":{"line":216,"column":80}}],"line":216},"5":{"loc":{"start":{"line":222,"column":12},"end":{"line":222,"column":58}},"type":"cond-expr","locations":[{"start":{"line":222,"column":20},"end":{"line":222,"column":39}},{"start":{"line":222,"column":42},"end":{"line":222,"column":58}}],"line":222},"6":{"loc":{"start":{"line":242,"column":28},"end":{"line":242,"column":63}},"type":"binary-expr","locations":[{"start":{"line":242,"column":28},"end":{"line":242,"column":55}},{"start":{"line":242,"column":59},"end":{"line":242,"column":63}}],"line":242}},"s":{"0":0,"1":0,"2":0,"3":0,"4":0,"5":0,"6":0,"7":0,"8":0,"9":0,"10":0,"11":0,"12":0,"13":0,"14":0,"15":0,"16":0,"17":0,"18":0,"19":0,"20":0,"21":0,"22":0,"23":0,"24":0,"25":0,"26":0,"27":0},"f":{"0":0,"1":0,"2":0,"3":0,"4":0,"5":0,"6":0,"7":0,"8":0,"9":0,"10":0,"11":0,"12":0,"13":0,"14":0},"b":{"0":[0],"1":[0],"2":[0],"3":[0],"4":[0],"5":[0,0],"6":[0,0]}}
}
