TN:
SF:src/App.js
FN:26,AppContent
FN:37,(anonymous_1)
FN:67,(anonymous_2)
FN:74,(anonymous_3)
FN:81,(anonymous_4)
FN:88,(anonymous_5)
FN:103,App
FNF:7
FNH:0
FNDA:0,AppContent
FNDA:0,(anonymous_1)
FNDA:0,(anonymous_2)
FNDA:0,(anonymous_3)
FNDA:0,(anonymous_4)
FNDA:0,(anonymous_5)
FNDA:0,App
DA:27,0
DA:29,0
DA:31,0
DA:32,0
DA:33,0
DA:34,0
DA:37,0
DA:42,0
DA:44,0
DA:45,0
DA:49,0
DA:67,0
DA:74,0
DA:81,0
DA:88,0
DA:104,0
LF:16
LH:0
BRDA:42,0,0,0
BRDA:42,0,1,0
BRDA:54,1,0,0
BRDA:54,1,1,0
BRDA:55,2,0,0
BRDA:55,2,1,0
BRDA:56,3,0,0
BRDA:56,3,1,0
BRDA:57,4,0,0
BRDA:57,4,1,0
BRDA:60,5,0,0
BRDA:60,5,1,0
BRF:12
BRH:0
end_of_record
TN:
SF:src/index.js
FN:39,encodeAppSyncCredentials
FN:47,getWebsocketUrl
FN:55,(anonymous_2)
FN:56,(anonymous_3)
FN:65,(anonymous_4)
FN:70,(anonymous_5)
FN:113,(anonymous_6)
FN:119,(anonymous_7)
FN:130,(anonymous_8)
FNF:9
FNH:0
FNDA:0,encodeAppSyncCredentials
FNDA:0,getWebsocketUrl
FNDA:0,(anonymous_2)
FNDA:0,(anonymous_3)
FNDA:0,(anonymous_4)
FNDA:0,(anonymous_5)
FNDA:0,(anonymous_6)
FNDA:0,(anonymous_7)
FNDA:0,(anonymous_8)
DA:17,0
DA:18,0
DA:20,0
DA:21,0
DA:24,0
DA:25,0
DA:29,0
DA:32,0
DA:40,0
DA:44,0
DA:49,0
DA:50,0
DA:51,0
DA:52,0
DA:55,0
DA:56,0
DA:57,0
DA:58,0
DA:60,0
DA:63,0
DA:65,0
DA:66,0
DA:67,0
DA:70,0
DA:71,0
DA:72,0
DA:74,0
DA:76,0
DA:77,0
DA:79,0
DA:97,0
DA:98,0
DA:99,0
DA:101,0
DA:102,0
DA:103,0
DA:104,0
DA:105,0
DA:106,0
DA:107,0
DA:108,0
DA:109,0
DA:113,0
DA:114,0
DA:115,0
DA:119,0
DA:120,0
DA:121,0
DA:122,0
DA:124,0
DA:129,0
DA:131,0
DA:132,0
DA:141,0
DA:147,0
DA:148,0
LF:56
LH:0
BRDA:20,0,0,0
BRDA:20,0,1,0
BRDA:24,1,0,0
BRDA:24,1,1,0
BRDA:74,2,0,0
BRDA:74,2,1,0
BRDA:99,3,0,0
BRDA:99,3,1,0
BRDA:102,4,0,0
BRDA:102,4,1,0
BRDA:105,5,0,0
BRDA:105,5,1,0
BRDA:108,6,0,0
BRDA:108,6,1,0
BRDA:121,7,0,0
BRDA:121,7,1,0
BRDA:133,8,0,0
BRDA:133,8,1,0
BRF:18
BRH:0
end_of_record
TN:
SF:src/reportWebVitals.js
FN:1,(anonymous_0)
FN:3,(anonymous_1)
FNF:2
FNH:0
FNDA:0,(anonymous_0)
FNDA:0,(anonymous_1)
DA:1,0
DA:2,0
DA:3,0
DA:4,0
DA:5,0
DA:6,0
DA:7,0
DA:8,0
LF:8
LH:0
BRDA:2,0,0,0
BRDA:2,0,1,0
BRDA:2,1,0,0
BRDA:2,1,1,0
BRF:4
BRH:0
end_of_record
TN:
SF:src/components/Home.js
FN:3,(anonymous_0)
FNF:1
FNH:0
FNDA:0,(anonymous_0)
DA:3,0
DA:4,0
LF:2
LH:0
BRF:0
BRH:0
end_of_record
TN:
SF:src/components/actions/ActionList.js
FN:7,(anonymous_0)
FN:11,(anonymous_1)
FN:30,(anonymous_2)
FN:37,(anonymous_3)
FN:41,(anonymous_4)
FN:64,(anonymous_5)
FNF:6
FNH:0
FNDA:0,(anonymous_0)
FNDA:0,(anonymous_1)
FNDA:0,(anonymous_2)
FNDA:0,(anonymous_3)
FNDA:0,(anonymous_4)
FNDA:0,(anonymous_5)
DA:7,0
DA:8,0
DA:9,0
DA:11,0
DA:12,0
DA:15,0
DA:16,0
DA:18,0
DA:20,0
DA:30,0
DA:38,0
DA:41,0
DA:64,0
LF:13
LH:0
BRDA:15,0,0,0
BRDA:15,0,1,0
BRDA:16,1,0,0
BRDA:16,1,1,0
BRDA:18,2,0,0
BRDA:18,2,1,0
BRDA:25,3,0,0
BRDA:25,3,1,0
BRDA:52,4,0,0
BRDA:52,4,1,0
BRDA:54,5,0,0
BRDA:54,5,1,0
BRF:12
BRH:0
end_of_record
TN:
SF:src/components/actions/ActionView.js
FN:16,(anonymous_0)
FN:31,(anonymous_1)
FN:42,(anonymous_2)
FN:53,(anonymous_3)
FN:66,(anonymous_4)
FN:67,(anonymous_5)
FN:71,(anonymous_6)
FN:77,(anonymous_7)
FN:78,(anonymous_8)
FN:91,(anonymous_9)
FN:103,(anonymous_10)
FN:104,(anonymous_11)
FN:118,(anonymous_12)
FN:122,(anonymous_13)
FN:127,(anonymous_14)
FN:131,(anonymous_15)
FN:139,(anonymous_16)
FN:231,(anonymous_17)
FNF:18
FNH:0
FNDA:0,(anonymous_0)
FNDA:0,(anonymous_1)
FNDA:0,(anonymous_2)
FNDA:0,(anonymous_3)
FNDA:0,(anonymous_4)
FNDA:0,(anonymous_5)
FNDA:0,(anonymous_6)
FNDA:0,(anonymous_7)
FNDA:0,(anonymous_8)
FNDA:0,(anonymous_9)
FNDA:0,(anonymous_10)
FNDA:0,(anonymous_11)
FNDA:0,(anonymous_12)
FNDA:0,(anonymous_13)
FNDA:0,(anonymous_14)
FNDA:0,(anonymous_15)
FNDA:0,(anonymous_16)
FNDA:0,(anonymous_17)
DA:16,0
DA:17,0
DA:18,0
DA:19,0
DA:20,0
DA:21,0
DA:22,0
DA:23,0
DA:24,0
DA:25,0
DA:29,0
DA:32,0
DA:33,0
DA:39,0
DA:43,0
DA:44,0
DA:49,0
DA:50,0
DA:53,0
DA:54,0
DA:55,0
DA:56,0
DA:59,0
DA:60,0
DA:66,0
DA:67,0
DA:70,0
DA:71,0
DA:73,0
DA:74,0
DA:75,0
DA:76,0
DA:77,0
DA:78,0
DA:79,0
DA:80,0
DA:81,0
DA:82,0
DA:83,0
DA:85,0
DA:87,0
DA:91,0
DA:92,0
DA:93,0
DA:94,0
DA:97,0
DA:99,0
DA:100,0
DA:101,0
DA:102,0
DA:103,0
DA:104,0
DA:105,0
DA:106,0
DA:107,0
DA:108,0
DA:109,0
DA:111,0
DA:113,0
DA:118,0
DA:119,0
DA:122,0
DA:123,0
DA:124,0
DA:127,0
DA:128,0
DA:131,0
DA:132,0
DA:133,0
DA:134,0
DA:136,0
DA:139,0
DA:140,0
DA:143,0
DA:144,0
DA:145,0
DA:147,0
DA:149,0
DA:150,0
DA:160,0
DA:161,0
DA:173,0
DA:231,0
LF:83
LH:0
BRDA:32,0,0,0
BRDA:32,0,1,0
BRDA:32,1,0,0
BRDA:32,1,1,0
BRDA:43,2,0,0
BRDA:43,2,1,0
BRDA:43,3,0,0
BRDA:43,3,1,0
BRDA:54,4,0,0
BRDA:54,4,1,0
BRDA:66,5,0,0
BRDA:66,5,1,0
BRDA:66,6,0,0
BRDA:66,6,1,0
BRDA:66,6,2,0
BRDA:66,6,3,0
BRDA:66,6,4,0
BRDA:67,7,0,0
BRDA:67,7,1,0
BRDA:75,8,0,0
BRDA:75,8,1,0
BRDA:76,9,0,0
BRDA:76,9,1,0
BRDA:76,10,0,0
BRDA:76,10,1,0
BRDA:78,11,0,0
BRDA:78,11,1,0
BRDA:78,11,2,0
BRDA:78,12,0,0
BRDA:78,12,1,0
BRDA:80,13,0,0
BRDA:80,13,1,0
BRDA:82,14,0,0
BRDA:82,14,1,0
BRDA:92,15,0,0
BRDA:92,15,1,0
BRDA:101,16,0,0
BRDA:101,16,1,0
BRDA:102,17,0,0
BRDA:102,17,1,0
BRDA:102,18,0,0
BRDA:102,18,1,0
BRDA:104,19,0,0
BRDA:104,19,1,0
BRDA:104,19,2,0
BRDA:104,20,0,0
BRDA:104,20,1,0
BRDA:106,21,0,0
BRDA:106,21,1,0
BRDA:108,22,0,0
BRDA:108,22,1,0
BRDA:132,23,0,0
BRDA:132,23,1,0
BRDA:143,24,0,0
BRDA:143,24,1,0
BRDA:144,25,0,0
BRDA:144,25,1,0
BRDA:145,26,0,0
BRDA:145,26,1,0
BRDA:149,27,0,0
BRDA:149,27,1,0
BRDA:160,28,0,0
BRDA:160,28,1,0
BRDA:160,29,0,0
BRDA:160,29,1,0
BRDA:178,30,0,0
BRDA:178,30,1,0
BRDA:182,31,0,0
BRDA:182,31,1,0
BRDA:185,32,0,0
BRDA:185,32,1,0
BRDA:185,33,0,0
BRDA:185,33,1,0
BRDA:205,34,0,0
BRDA:205,34,1,0
BRDA:209,35,0,0
BRDA:209,35,1,0
BRDA:213,36,0,0
BRDA:213,36,1,0
BRDA:217,37,0,0
BRDA:217,37,1,0
BRDA:223,38,0,0
BRDA:223,38,1,0
BRDA:227,39,0,0
BRDA:227,39,1,0
BRF:85
BRH:0
end_of_record
TN:
SF:src/components/actions/test/ActionTestBackend.js
FN:7,(anonymous_0)
FN:45,(anonymous_1)
FN:50,(anonymous_2)
FN:144,(anonymous_3)
FN:187,(anonymous_4)
FN:189,(anonymous_5)
FN:191,(anonymous_6)
FN:191,(anonymous_7)
FN:196,(anonymous_8)
FN:198,(anonymous_9)
FN:200,(anonymous_10)
FN:200,(anonymous_11)
FN:204,(anonymous_12)
FN:211,(anonymous_13)
FN:228,(anonymous_14)
FN:233,(anonymous_15)
FN:249,(anonymous_16)
FN:254,(anonymous_17)
FN:270,(anonymous_18)
FN:275,(anonymous_19)
FN:287,(anonymous_20)
FN:289,(anonymous_21)
FN:290,(anonymous_22)
FN:312,(anonymous_23)
FN:317,(anonymous_24)
FN:330,(anonymous_25)
FN:346,(anonymous_26)
FN:383,(anonymous_27)
FN:397,(anonymous_28)
FN:414,(anonymous_29)
FN:445,(anonymous_30)
FN:468,(anonymous_31)
FN:469,(anonymous_32)
FN:485,(anonymous_33)
FN:486,(anonymous_34)
FN:506,(anonymous_35)
FN:507,(anonymous_36)
FN:523,(anonymous_37)
FN:524,(anonymous_38)
FN:608,(anonymous_39)
FN:630,(anonymous_40)
FN:686,(anonymous_41)
FN:694,(anonymous_42)
FNF:43
FNH:0
FNDA:0,(anonymous_0)
FNDA:0,(anonymous_1)
FNDA:0,(anonymous_2)
FNDA:0,(anonymous_3)
FNDA:0,(anonymous_4)
FNDA:0,(anonymous_5)
FNDA:0,(anonymous_6)
FNDA:0,(anonymous_7)
FNDA:0,(anonymous_8)
FNDA:0,(anonymous_9)
FNDA:0,(anonymous_10)
FNDA:0,(anonymous_11)
FNDA:0,(anonymous_12)
FNDA:0,(anonymous_13)
FNDA:0,(anonymous_14)
FNDA:0,(anonymous_15)
FNDA:0,(anonymous_16)
FNDA:0,(anonymous_17)
FNDA:0,(anonymous_18)
FNDA:0,(anonymous_19)
FNDA:0,(anonymous_20)
FNDA:0,(anonymous_21)
FNDA:0,(anonymous_22)
FNDA:0,(anonymous_23)
FNDA:0,(anonymous_24)
FNDA:0,(anonymous_25)
FNDA:0,(anonymous_26)
FNDA:0,(anonymous_27)
FNDA:0,(anonymous_28)
FNDA:0,(anonymous_29)
FNDA:0,(anonymous_30)
FNDA:0,(anonymous_31)
FNDA:0,(anonymous_32)
FNDA:0,(anonymous_33)
FNDA:0,(anonymous_34)
FNDA:0,(anonymous_35)
FNDA:0,(anonymous_36)
FNDA:0,(anonymous_37)
FNDA:0,(anonymous_38)
FNDA:0,(anonymous_39)
FNDA:0,(anonymous_40)
FNDA:0,(anonymous_41)
FNDA:0,(anonymous_42)
DA:7,0
DA:8,0
DA:9,0
DA:10,0
DA:11,0
DA:12,0
DA:13,0
DA:14,0
DA:17,0
DA:20,0
DA:21,0
DA:22,0
DA:25,0
DA:28,0
DA:29,0
DA:32,0
DA:40,0
DA:45,0
DA:46,0
DA:50,0
DA:51,0
DA:52,0
DA:53,0
DA:56,0
DA:57,0
DA:58,0
DA:59,0
DA:60,0
DA:63,0
DA:74,0
DA:84,0
DA:88,0
DA:89,0
DA:95,0
DA:98,0
DA:104,0
DA:105,0
DA:108,0
DA:109,0
DA:110,0
DA:111,0
DA:114,0
DA:115,0
DA:118,0
DA:119,0
DA:123,0
DA:124,0
DA:126,0
DA:132,0
DA:134,0
DA:137,0
DA:141,0
DA:144,0
DA:145,0
DA:146,0
DA:148,0
DA:159,0
DA:160,0
DA:161,0
DA:162,0
DA:165,0
DA:166,0
DA:167,0
DA:168,0
DA:171,0
DA:172,0
DA:175,0
DA:176,0
DA:177,0
DA:178,0
DA:180,0
DA:182,0
DA:187,0
DA:188,0
DA:189,0
DA:191,0
DA:196,0
DA:197,0
DA:198,0
DA:200,0
DA:204,0
DA:205,0
DA:206,0
DA:211,0
DA:218,0
DA:220,0
DA:229,0
DA:233,0
DA:241,0
DA:250,0
DA:254,0
DA:262,0
DA:271,0
DA:275,0
DA:283,0
DA:287,0
DA:289,0
DA:290,0
DA:293,0
DA:294,0
DA:301,0
DA:313,0
DA:317,0
DA:330,0
DA:331,0
DA:332,0
DA:333,0
DA:334,0
DA:335,0
DA:336,0
DA:337,0
DA:338,0
DA:340,0
DA:341,0
DA:343,0
DA:346,0
DA:347,0
DA:348,0
DA:349,0
DA:350,0
DA:351,0
DA:352,0
DA:353,0
DA:354,0
DA:356,0
DA:357,0
DA:359,0
DA:362,0
DA:384,0
DA:385,0
DA:397,0
DA:415,0
DA:416,0
DA:446,0
DA:447,0
DA:448,0
DA:450,0
DA:469,0
DA:486,0
DA:507,0
DA:524,0
DA:609,0
DA:631,0
DA:687,0
DA:695,0
LF:145
LH:0
BRDA:10,0,0,0
BRDA:10,0,1,0
BRDA:50,1,0,0
BRDA:56,2,0,0
BRDA:56,2,1,0
BRDA:57,3,0,0
BRDA:57,3,1,0
BRDA:58,4,0,0
BRDA:58,4,1,0
BRDA:59,5,0,0
BRDA:59,5,1,0
BRDA:60,6,0,0
BRDA:60,6,1,0
BRDA:65,7,0,0
BRDA:65,7,1,0
BRDA:66,8,0,0
BRDA:66,8,1,0
BRDA:67,9,0,0
BRDA:67,9,1,0
BRDA:69,10,0,0
BRDA:69,10,1,0
BRDA:69,11,0,0
BRDA:69,11,1,0
BRDA:71,12,0,0
BRDA:71,12,1,0
BRDA:71,13,0,0
BRDA:71,13,1,0
BRDA:88,14,0,0
BRDA:88,14,1,0
BRDA:88,15,0,0
BRDA:88,15,1,0
BRDA:104,16,0,0
BRDA:104,16,1,0
BRDA:104,17,0,0
BRDA:104,17,1,0
BRDA:109,18,0,0
BRDA:109,18,1,0
BRDA:109,19,0,0
BRDA:109,19,1,0
BRDA:118,20,0,0
BRDA:118,20,1,0
BRDA:166,21,0,0
BRDA:166,21,1,0
BRDA:188,22,0,0
BRDA:188,22,1,0
BRDA:197,23,0,0
BRDA:197,23,1,0
BRDA:205,24,0,0
BRDA:205,24,1,0
BRDA:218,25,0,0
BRDA:218,25,1,0
BRDA:218,25,2,0
BRDA:218,25,3,0
BRDA:224,26,0,0
BRDA:224,26,1,0
BRDA:245,27,0,0
BRDA:245,27,1,0
BRDA:266,28,0,0
BRDA:266,28,1,0
BRDA:289,29,0,0
BRDA:289,29,1,0
BRDA:290,30,0,0
BRDA:290,30,1,0
BRDA:293,31,0,0
BRDA:293,31,1,0
BRDA:305,32,0,0
BRDA:305,32,1,0
BRDA:321,33,0,0
BRDA:321,33,1,0
BRDA:331,34,0,0
BRDA:331,34,1,0
BRDA:332,35,0,0
BRDA:332,35,1,0
BRDA:333,36,0,0
BRDA:333,36,1,0
BRDA:335,37,0,0
BRDA:335,37,1,0
BRDA:337,38,0,0
BRDA:337,38,1,0
BRDA:340,39,0,0
BRDA:340,39,1,0
BRDA:347,40,0,0
BRDA:347,40,1,0
BRDA:348,41,0,0
BRDA:348,41,1,0
BRDA:349,42,0,0
BRDA:349,42,1,0
BRDA:351,43,0,0
BRDA:351,43,1,0
BRDA:353,44,0,0
BRDA:353,44,1,0
BRDA:356,45,0,0
BRDA:356,45,1,0
BRDA:392,46,0,0
BRDA:392,46,1,0
BRDA:423,47,0,0
BRDA:423,47,1,0
BRDA:431,48,0,0
BRDA:431,48,1,0
BRDA:431,48,2,0
BRDA:431,48,3,0
BRDA:431,48,4,0
BRDA:431,48,5,0
BRDA:431,48,6,0
BRDA:431,48,7,0
BRDA:431,48,8,0
BRDA:431,48,9,0
BRDA:433,49,0,0
BRDA:433,49,1,0
BRDA:433,50,0,0
BRDA:433,50,1,0
BRDA:440,51,0,0
BRDA:440,51,1,0
BRDA:447,52,0,0
BRDA:447,52,1,0
BRDA:458,53,0,0
BRDA:458,53,1,0
BRDA:467,54,0,0
BRDA:467,54,1,0
BRDA:474,55,0,0
BRDA:474,55,1,0
BRDA:474,56,0,0
BRDA:474,56,1,0
BRDA:481,57,0,0
BRDA:481,57,1,0
BRDA:484,58,0,0
BRDA:484,58,1,0
BRDA:505,59,0,0
BRDA:505,59,1,0
BRDA:512,60,0,0
BRDA:512,60,1,0
BRDA:512,61,0,0
BRDA:512,61,1,0
BRDA:519,62,0,0
BRDA:519,62,1,0
BRDA:522,63,0,0
BRDA:522,63,1,0
BRDA:541,64,0,0
BRDA:541,64,1,0
BRDA:543,65,0,0
BRDA:543,65,1,0
BRDA:547,66,0,0
BRDA:547,66,1,0
BRDA:549,67,0,0
BRDA:549,67,1,0
BRDA:555,68,0,0
BRDA:555,68,1,0
BRDA:578,69,0,0
BRDA:578,69,1,0
BRDA:595,70,0,0
BRDA:595,70,1,0
BRDA:595,70,2,0
BRDA:602,71,0,0
BRDA:602,71,1,0
BRDA:606,72,0,0
BRDA:606,72,1,0
BRDA:606,73,0,0
BRDA:606,73,1,0
BRDA:611,74,0,0
BRDA:611,74,1,0
BRDA:624,75,0,0
BRDA:624,75,1,0
BRDA:628,76,0,0
BRDA:628,76,1,0
BRDA:628,77,0,0
BRDA:628,77,1,0
BRDA:633,78,0,0
BRDA:633,78,1,0
BRDA:669,79,0,0
BRDA:669,79,1,0
BRDA:669,79,2,0
BRDA:674,80,0,0
BRDA:674,80,1,0
BRDA:676,81,0,0
BRDA:676,81,1,0
BRDA:676,82,0,0
BRDA:676,82,1,0
BRDA:682,83,0,0
BRDA:682,83,1,0
BRDA:689,84,0,0
BRDA:689,84,1,0
BRF:181
BRH:0
end_of_record
TN:
SF:src/components/characters/CharacterAttributesBackend.js
FN:9,(anonymous_0)
FN:41,(anonymous_1)
FN:42,(anonymous_2)
FN:51,(anonymous_3)
FN:60,(anonymous_4)
FN:71,(anonymous_5)
FN:101,(anonymous_6)
FN:112,(anonymous_7)
FN:138,(anonymous_8)
FN:163,(anonymous_9)
FN:177,(anonymous_10)
FN:190,(anonymous_11)
FN:195,(anonymous_12)
FN:263,(anonymous_13)
FN:267,(anonymous_14)
FN:296,(anonymous_15)
FN:303,(anonymous_16)
FN:311,(anonymous_17)
FN:331,(anonymous_18)
FN:359,(anonymous_19)
FN:368,(anonymous_20)
FN:428,(anonymous_21)
FN:456,(anonymous_22)
FN:496,(anonymous_23)
FN:508,(anonymous_24)
FNF:25
FNH:0
FNDA:0,(anonymous_0)
FNDA:0,(anonymous_1)
FNDA:0,(anonymous_2)
FNDA:0,(anonymous_3)
FNDA:0,(anonymous_4)
FNDA:0,(anonymous_5)
FNDA:0,(anonymous_6)
FNDA:0,(anonymous_7)
FNDA:0,(anonymous_8)
FNDA:0,(anonymous_9)
FNDA:0,(anonymous_10)
FNDA:0,(anonymous_11)
FNDA:0,(anonymous_12)
FNDA:0,(anonymous_13)
FNDA:0,(anonymous_14)
FNDA:0,(anonymous_15)
FNDA:0,(anonymous_16)
FNDA:0,(anonymous_17)
FNDA:0,(anonymous_18)
FNDA:0,(anonymous_19)
FNDA:0,(anonymous_20)
FNDA:0,(anonymous_21)
FNDA:0,(anonymous_22)
FNDA:0,(anonymous_23)
FNDA:0,(anonymous_24)
DA:9,0
DA:15,0
DA:23,0
DA:24,0
DA:25,0
DA:28,0
DA:29,0
DA:30,0
DA:33,0
DA:51,0
DA:52,0
DA:53,0
DA:54,0
DA:55,0
DA:60,0
DA:61,0
DA:62,0
DA:63,0
DA:64,0
DA:68,0
DA:71,0
DA:72,0
DA:73,0
DA:76,0
DA:77,0
DA:78,0
DA:82,0
DA:85,0
DA:96,0
DA:97,0
DA:101,0
DA:102,0
DA:105,0
DA:106,0
DA:111,0
DA:112,0
DA:113,0
DA:114,0
DA:116,0
DA:117,0
DA:118,0
DA:119,0
DA:122,0
DA:133,0
DA:138,0
DA:139,0
DA:140,0
DA:143,0
DA:144,0
DA:145,0
DA:149,0
DA:150,0
DA:153,0
DA:154,0
DA:157,0
DA:158,0
DA:162,0
DA:163,0
DA:164,0
DA:165,0
DA:166,0
DA:167,0
DA:168,0
DA:169,0
DA:176,0
DA:177,0
DA:178,0
DA:179,0
DA:180,0
DA:181,0
DA:182,0
DA:183,0
DA:190,0
DA:193,0
DA:195,0
DA:196,0
DA:198,0
DA:199,0
DA:211,0
DA:212,0
DA:214,0
DA:215,0
DA:216,0
DA:217,0
DA:218,0
DA:220,0
DA:223,0
DA:226,0
DA:228,0
DA:229,0
DA:230,0
DA:241,0
DA:242,0
DA:243,0
DA:244,0
DA:245,0
DA:247,0
DA:248,0
DA:262,0
DA:263,0
DA:264,0
DA:267,0
DA:268,0
DA:269,0
DA:271,0
DA:273,0
DA:274,0
DA:275,0
DA:276,0
DA:279,0
DA:291,0
DA:296,0
DA:297,0
DA:300,0
DA:303,0
DA:304,0
DA:305,0
DA:310,0
DA:311,0
DA:312,0
DA:313,0
DA:316,0
DA:317,0
DA:318,0
DA:319,0
DA:320,0
DA:321,0
DA:327,0
DA:331,0
DA:333,0
DA:334,0
DA:339,0
DA:340,0
DA:343,0
DA:344,0
DA:348,0
DA:350,0
DA:351,0
DA:352,0
DA:353,0
DA:355,0
DA:359,0
DA:360,0
DA:361,0
DA:362,0
DA:363,0
DA:364,0
DA:365,0
DA:368,0
DA:369,0
DA:373,0
DA:374,0
DA:375,0
DA:378,0
DA:379,0
DA:380,0
DA:381,0
DA:382,0
DA:383,0
DA:387,0
DA:397,0
DA:401,0
DA:429,0
DA:430,0
DA:457,0
DA:458,0
DA:471,0
DA:472,0
DA:480,0
DA:497,0
DA:498,0
DA:509,0
DA:510,0
LF:173
LH:0
BRDA:40,0,0,0
BRDA:40,0,1,0
BRDA:52,1,0,0
BRDA:52,1,1,0
BRDA:61,2,0,0
BRDA:61,2,1,0
BRDA:68,3,0,0
BRDA:68,3,1,0
BRDA:68,3,2,0
BRDA:76,4,0,0
BRDA:76,4,1,0
BRDA:77,5,0,0
BRDA:77,5,1,0
BRDA:77,6,0,0
BRDA:77,6,1,0
BRDA:87,7,0,0
BRDA:87,7,1,0
BRDA:90,8,0,0
BRDA:90,8,1,0
BRDA:96,9,0,0
BRDA:96,9,1,0
BRDA:102,10,0,0
BRDA:102,10,1,0
BRDA:105,11,0,0
BRDA:105,11,1,0
BRDA:116,12,0,0
BRDA:116,12,1,0
BRDA:118,13,0,0
BRDA:118,13,1,0
BRDA:124,14,0,0
BRDA:124,14,1,0
BRDA:129,15,0,0
BRDA:129,15,1,0
BRDA:143,16,0,0
BRDA:143,16,1,0
BRDA:144,17,0,0
BRDA:144,17,1,0
BRDA:144,18,0,0
BRDA:144,18,1,0
BRDA:157,19,0,0
BRDA:157,19,1,0
BRDA:158,20,0,0
BRDA:158,20,1,0
BRDA:162,21,0,0
BRDA:162,21,1,0
BRDA:165,22,0,0
BRDA:165,22,1,0
BRDA:165,23,0,0
BRDA:165,23,1,0
BRDA:168,24,0,0
BRDA:168,24,1,0
BRDA:168,25,0,0
BRDA:168,25,1,0
BRDA:169,26,0,0
BRDA:169,26,1,0
BRDA:176,27,0,0
BRDA:176,27,1,0
BRDA:179,28,0,0
BRDA:179,28,1,0
BRDA:179,29,0,0
BRDA:179,29,1,0
BRDA:182,30,0,0
BRDA:182,30,1,0
BRDA:182,31,0,0
BRDA:182,31,1,0
BRDA:183,32,0,0
BRDA:183,32,1,0
BRDA:196,33,0,0
BRDA:196,33,1,0
BRDA:202,34,0,0
BRDA:202,34,1,0
BRDA:217,35,0,0
BRDA:217,35,1,0
BRDA:226,36,0,0
BRDA:226,36,1,0
BRDA:233,37,0,0
BRDA:233,37,1,0
BRDA:251,38,0,0
BRDA:251,38,1,0
BRDA:262,39,0,0
BRDA:262,39,1,0
BRDA:264,40,0,0
BRDA:264,40,1,0
BRDA:268,41,0,0
BRDA:268,41,1,0
BRDA:268,41,2,0
BRDA:269,42,0,0
BRDA:269,42,1,0
BRDA:273,43,0,0
BRDA:273,43,1,0
BRDA:275,44,0,0
BRDA:275,44,1,0
BRDA:281,45,0,0
BRDA:281,45,1,0
BRDA:286,46,0,0
BRDA:286,46,1,0
BRDA:297,47,0,0
BRDA:297,47,1,0
BRDA:304,48,0,0
BRDA:304,48,1,0
BRDA:310,49,0,0
BRDA:310,49,1,0
BRDA:312,50,0,0
BRDA:312,50,1,0
BRDA:312,51,0,0
BRDA:312,51,1,0
BRDA:312,51,2,0
BRDA:317,52,0,0
BRDA:317,52,1,0
BRDA:318,53,0,0
BRDA:318,53,1,0
BRDA:320,54,0,0
BRDA:320,54,1,0
BRDA:333,55,0,0
BRDA:333,55,1,0
BRDA:333,56,0,0
BRDA:333,56,1,0
BRDA:339,57,0,0
BRDA:339,57,1,0
BRDA:340,58,0,0
BRDA:340,58,1,0
BRDA:343,59,0,0
BRDA:343,59,1,0
BRDA:343,60,0,0
BRDA:343,60,1,0
BRDA:350,61,0,0
BRDA:350,61,1,0
BRDA:352,62,0,0
BRDA:352,62,1,0
BRDA:360,63,0,0
BRDA:360,63,1,0
BRDA:363,64,0,0
BRDA:363,64,1,0
BRDA:363,64,2,0
BRDA:364,65,0,0
BRDA:364,65,1,0
BRDA:364,65,2,0
BRDA:365,66,0,0
BRDA:365,66,1,0
BRDA:365,66,2,0
BRDA:368,67,0,0
BRDA:368,67,1,0
BRDA:369,68,0,0
BRDA:369,68,1,0
BRDA:373,69,0,0
BRDA:373,69,1,0
BRDA:374,70,0,0
BRDA:374,70,1,0
BRDA:375,71,0,0
BRDA:375,71,1,0
BRDA:378,72,0,0
BRDA:378,72,1,0
BRDA:379,73,0,0
BRDA:379,73,1,0
BRDA:380,74,0,0
BRDA:380,74,1,0
BRDA:381,75,0,0
BRDA:381,75,1,0
BRDA:382,76,0,0
BRDA:382,76,1,0
BRDA:383,77,0,0
BRDA:383,77,1,0
BRDA:387,78,0,0
BRDA:387,78,1,0
BRDA:387,78,2,0
BRDA:387,78,3,0
BRDA:387,78,4,0
BRDA:387,78,5,0
BRDA:387,78,6,0
BRDA:387,78,7,0
BRDA:387,78,8,0
BRDA:387,78,9,0
BRDA:387,78,10,0
BRDA:387,78,11,0
BRDA:397,79,0,0
BRDA:397,79,1,0
BRDA:397,79,2,0
BRDA:397,79,3,0
BRDA:408,80,0,0
BRDA:408,80,1,0
BRDA:411,81,0,0
BRDA:411,81,1,0
BRDA:413,82,0,0
BRDA:413,82,1,0
BRDA:420,83,0,0
BRDA:420,83,1,0
BRDA:420,84,0,0
BRDA:420,84,1,0
BRDA:425,85,0,0
BRDA:425,85,1,0
BRDA:425,85,2,0
BRDA:439,86,0,0
BRDA:439,86,1,0
BRDA:449,87,0,0
BRDA:449,87,1,0
BRDA:449,88,0,0
BRDA:449,88,1,0
BRDA:471,89,0,0
BRDA:471,89,1,0
BRDA:491,90,0,0
BRDA:491,90,1,0
BRDA:493,91,0,0
BRDA:493,91,1,0
BRDA:503,92,0,0
BRDA:503,92,1,0
BRF:205
BRH:0
end_of_record
TN:
SF:src/components/characters/CharacterDetails.js
FN:7,(anonymous_0)
FN:10,(anonymous_1)
FN:32,(anonymous_2)
FN:60,(anonymous_3)
FN:82,(anonymous_4)
FNF:5
FNH:0
FNDA:0,(anonymous_0)
FNDA:0,(anonymous_1)
FNDA:0,(anonymous_2)
FNDA:0,(anonymous_3)
FNDA:0,(anonymous_4)
DA:7,0
DA:8,0
DA:10,0
DA:11,0
DA:13,0
DA:27,0
DA:32,0
DA:33,0
DA:34,0
DA:43,0
DA:51,0
DA:52,0
DA:55,0
DA:56,0
DA:60,0
DA:61,0
DA:63,0
DA:77,0
DA:82,0
DA:83,0
DA:84,0
DA:93,0
DA:101,0
DA:102,0
DA:105,0
DA:106,0
DA:110,0
LF:27
LH:0
BRDA:17,0,0,0
BRDA:17,0,1,0
BRDA:18,1,0,0
BRDA:18,1,1,0
BRDA:19,2,0,0
BRDA:19,2,1,0
BRDA:20,3,0,0
BRDA:20,3,1,0
BRDA:21,4,0,0
BRDA:21,4,1,0
BRDA:22,5,0,0
BRDA:22,5,1,0
BRDA:23,6,0,0
BRDA:23,6,1,0
BRDA:33,7,0,0
BRDA:33,7,1,0
BRDA:51,8,0,0
BRDA:51,8,1,0
BRDA:66,9,0,0
BRDA:66,9,1,0
BRDA:68,10,0,0
BRDA:68,10,1,0
BRDA:69,11,0,0
BRDA:69,11,1,0
BRDA:70,12,0,0
BRDA:70,12,1,0
BRDA:71,13,0,0
BRDA:71,13,1,0
BRDA:72,14,0,0
BRDA:72,14,1,0
BRDA:73,15,0,0
BRDA:73,15,1,0
BRDA:83,16,0,0
BRDA:83,16,1,0
BRDA:101,17,0,0
BRDA:101,17,1,0
BRDA:133,18,0,0
BRDA:133,18,1,0
BRDA:144,19,0,0
BRDA:144,19,1,0
BRDA:146,20,0,0
BRDA:146,20,1,0
BRF:42
BRH:0
end_of_record
TN:
SF:src/components/characters/CharacterEquipment.js
FN:4,(anonymous_0)
FN:19,(anonymous_1)
FN:29,(anonymous_2)
FNF:3
FNH:0
FNDA:0,(anonymous_0)
FNDA:0,(anonymous_1)
FNDA:0,(anonymous_2)
DA:4,0
DA:5,0
DA:8,0
DA:18,0
DA:19,0
DA:20,0
DA:21,0
DA:25,0
DA:30,0
LF:9
LH:0
BRDA:5,0,0,0
BRDA:5,0,1,0
BRDA:5,1,0,0
BRDA:5,1,1,0
BRDA:20,2,0,0
BRDA:20,2,1,0
BRDA:20,3,0,0
BRDA:20,3,1,0
BRDA:33,4,0,0
BRDA:33,4,1,0
BRF:10
BRH:0
end_of_record
TN:
SF:src/components/characters/CharacterList.js
FN:7,(anonymous_0)
FN:11,(anonymous_1)
FN:30,(anonymous_2)
FN:38,(anonymous_3)
FN:42,(anonymous_4)
FN:51,(anonymous_5)
FNF:6
FNH:0
FNDA:0,(anonymous_0)
FNDA:0,(anonymous_1)
FNDA:0,(anonymous_2)
FNDA:0,(anonymous_3)
FNDA:0,(anonymous_4)
FNDA:0,(anonymous_5)
DA:7,0
DA:8,0
DA:9,0
DA:11,0
DA:12,0
DA:15,0
DA:16,0
DA:18,0
DA:20,0
DA:30,0
DA:39,0
DA:42,0
DA:51,0
LF:13
LH:0
BRDA:15,0,0,0
BRDA:15,0,1,0
BRDA:16,1,0,0
BRDA:16,1,1,0
BRDA:18,2,0,0
BRDA:18,2,1,0
BRDA:25,3,0,0
BRDA:25,3,1,0
BRF:8
BRH:0
end_of_record
TN:
SF:src/components/characters/CharacterPhysical.js
FN:4,(anonymous_0)
FNF:1
FNH:0
FNDA:0,(anonymous_0)
DA:4,0
DA:5,0
DA:7,0
LF:3
LH:0
BRDA:5,0,0,0
BRDA:5,0,1,0
BRF:2
BRH:0
end_of_record
TN:
SF:src/components/characters/CharacterSkills.js
FN:5,(anonymous_0)
FN:8,(anonymous_1)
FN:12,(anonymous_2)
FN:19,(anonymous_3)
FN:28,(anonymous_4)
FN:48,(anonymous_5)
FN:52,(anonymous_6)
FN:65,(anonymous_7)
FNF:8
FNH:0
FNDA:0,(anonymous_0)
FNDA:0,(anonymous_1)
FNDA:0,(anonymous_2)
FNDA:0,(anonymous_3)
FNDA:0,(anonymous_4)
FNDA:0,(anonymous_5)
FNDA:0,(anonymous_6)
FNDA:0,(anonymous_7)
DA:5,0
DA:8,0
DA:9,0
DA:10,0
DA:12,0
DA:13,0
DA:14,0
DA:15,0
DA:18,0
DA:19,0
DA:20,0
DA:24,0
DA:25,0
DA:28,0
DA:29,0
DA:30,0
DA:34,0
DA:35,0
DA:43,0
DA:49,0
DA:52,0
DA:66,0
LF:22
LH:0
BRDA:9,0,0,0
BRDA:9,0,1,0
BRDA:9,1,0,0
BRDA:9,1,1,0
BRDA:13,2,0,0
BRDA:13,2,1,0
BRDA:14,3,0,0
BRDA:14,3,1,0
BRDA:25,4,0,0
BRDA:25,4,1,0
BRDA:29,5,0,0
BRDA:29,5,1,0
BRDA:29,6,0,0
BRDA:29,6,1,0
BRDA:34,7,0,0
BRDA:34,7,1,0
BRDA:51,8,0,0
BRDA:51,8,1,0
BRDA:60,9,0,0
BRDA:60,9,1,0
BRDA:60,9,2,0
BRF:21
BRH:0
end_of_record
TN:
SF:src/components/characters/CharacterStats.js
FN:4,(anonymous_0)
FNF:1
FNH:0
FNDA:0,(anonymous_0)
DA:4,0
DA:5,0
DA:7,0
LF:3
LH:0
BRDA:5,0,0,0
BRDA:5,0,1,0
BRF:2
BRH:0
end_of_record
TN:
SF:src/components/characters/CharacterView.js
FN:27,(anonymous_0)
FN:41,(anonymous_1)
FN:57,(anonymous_2)
FN:67,(anonymous_3)
FN:77,(anonymous_4)
FN:87,(anonymous_5)
FN:97,(anonymous_6)
FN:107,(anonymous_7)
FN:117,(anonymous_8)
FN:128,(anonymous_9)
FN:133,(anonymous_10)
FN:144,(anonymous_11)
FN:155,(anonymous_12)
FN:161,(anonymous_13)
FN:173,(anonymous_14)
FN:174,(anonymous_15)
FN:188,(anonymous_16)
FN:192,(anonymous_17)
FN:197,(anonymous_18)
FN:201,(anonymous_19)
FN:205,(anonymous_20)
FN:210,(anonymous_21)
FN:226,(anonymous_22)
FN:244,(anonymous_23)
FN:260,(anonymous_24)
FN:276,(anonymous_25)
FN:292,(anonymous_26)
FN:310,(anonymous_27)
FN:315,(anonymous_28)
FN:366,(anonymous_29)
FN:421,(anonymous_30)
FN:441,(anonymous_31)
FN:457,(anonymous_32)
FN:468,(anonymous_33)
FN:486,(anonymous_34)
FN:514,(anonymous_35)
FN:525,(anonymous_36)
FN:543,(anonymous_37)
FN:571,(anonymous_38)
FN:582,(anonymous_39)
FN:615,(anonymous_40)
FN:624,(anonymous_41)
FN:643,(anonymous_42)
FN:660,(anonymous_43)
FN:678,(anonymous_44)
FN:707,(anonymous_45)
FN:717,(anonymous_46)
FNF:47
FNH:0
FNDA:0,(anonymous_0)
FNDA:0,(anonymous_1)
FNDA:0,(anonymous_2)
FNDA:0,(anonymous_3)
FNDA:0,(anonymous_4)
FNDA:0,(anonymous_5)
FNDA:0,(anonymous_6)
FNDA:0,(anonymous_7)
FNDA:0,(anonymous_8)
FNDA:0,(anonymous_9)
FNDA:0,(anonymous_10)
FNDA:0,(anonymous_11)
FNDA:0,(anonymous_12)
FNDA:0,(anonymous_13)
FNDA:0,(anonymous_14)
FNDA:0,(anonymous_15)
FNDA:0,(anonymous_16)
FNDA:0,(anonymous_17)
FNDA:0,(anonymous_18)
FNDA:0,(anonymous_19)
FNDA:0,(anonymous_20)
FNDA:0,(anonymous_21)
FNDA:0,(anonymous_22)
FNDA:0,(anonymous_23)
FNDA:0,(anonymous_24)
FNDA:0,(anonymous_25)
FNDA:0,(anonymous_26)
FNDA:0,(anonymous_27)
FNDA:0,(anonymous_28)
FNDA:0,(anonymous_29)
FNDA:0,(anonymous_30)
FNDA:0,(anonymous_31)
FNDA:0,(anonymous_32)
FNDA:0,(anonymous_33)
FNDA:0,(anonymous_34)
FNDA:0,(anonymous_35)
FNDA:0,(anonymous_36)
FNDA:0,(anonymous_37)
FNDA:0,(anonymous_38)
FNDA:0,(anonymous_39)
FNDA:0,(anonymous_40)
FNDA:0,(anonymous_41)
FNDA:0,(anonymous_42)
FNDA:0,(anonymous_43)
FNDA:0,(anonymous_44)
FNDA:0,(anonymous_45)
FNDA:0,(anonymous_46)
DA:27,0
DA:28,0
DA:29,0
DA:30,0
DA:31,0
DA:32,0
DA:33,0
DA:34,0
DA:35,0
DA:36,0
DA:39,0
DA:42,0
DA:43,0
DA:45,0
DA:53,0
DA:56,0
DA:58,0
DA:59,0
DA:66,0
DA:68,0
DA:69,0
DA:76,0
DA:78,0
DA:79,0
DA:86,0
DA:88,0
DA:89,0
DA:96,0
DA:98,0
DA:99,0
DA:106,0
DA:108,0
DA:109,0
DA:116,0
DA:118,0
DA:119,0
DA:127,0
DA:129,0
DA:130,0
DA:131,0
DA:133,0
DA:143,0
DA:145,0
DA:146,0
DA:147,0
DA:149,0
DA:155,0
DA:156,0
DA:157,0
DA:161,0
DA:162,0
DA:163,0
DA:164,0
DA:167,0
DA:169,0
DA:170,0
DA:171,0
DA:172,0
DA:173,0
DA:174,0
DA:175,0
DA:176,0
DA:177,0
DA:178,0
DA:179,0
DA:181,0
DA:183,0
DA:188,0
DA:189,0
DA:192,0
DA:193,0
DA:194,0
DA:197,0
DA:198,0
DA:201,0
DA:202,0
DA:205,0
DA:206,0
DA:210,0
DA:211,0
DA:212,0
DA:215,0
DA:217,0
DA:218,0
DA:226,0
DA:227,0
DA:228,0
DA:233,0
DA:235,0
DA:236,0
DA:244,0
DA:245,0
DA:246,0
DA:249,0
DA:251,0
DA:252,0
DA:260,0
DA:261,0
DA:262,0
DA:265,0
DA:267,0
DA:268,0
DA:276,0
DA:277,0
DA:278,0
DA:281,0
DA:283,0
DA:284,0
DA:292,0
DA:293,0
DA:294,0
DA:299,0
DA:301,0
DA:302,0
DA:310,0
DA:311,0
DA:315,0
DA:316,0
DA:318,0
DA:319,0
DA:328,0
DA:330,0
DA:332,0
DA:333,0
DA:340,0
DA:341,0
DA:342,0
DA:344,0
DA:346,0
DA:347,0
DA:360,0
DA:361,0
DA:366,0
DA:379,0
DA:380,0
DA:390,0
DA:422,0
DA:441,0
DA:458,0
DA:468,0
DA:486,0
DA:515,0
DA:525,0
DA:543,0
DA:572,0
DA:582,0
DA:616,0
DA:624,0
DA:644,0
DA:660,0
DA:678,0
DA:708,0
DA:717,0
LF:153
LH:0
BRDA:42,0,0,0
BRDA:42,0,1,0
BRDA:42,1,0,0
BRDA:42,1,1,0
BRDA:60,2,0,0
BRDA:60,2,1,0
BRDA:61,3,0,0
BRDA:61,3,1,0
BRDA:70,4,0,0
BRDA:70,4,1,0
BRDA:71,5,0,0
BRDA:71,5,1,0
BRDA:80,6,0,0
BRDA:80,6,1,0
BRDA:81,7,0,0
BRDA:81,7,1,0
BRDA:90,8,0,0
BRDA:90,8,1,0
BRDA:91,9,0,0
BRDA:91,9,1,0
BRDA:100,10,0,0
BRDA:100,10,1,0
BRDA:101,11,0,0
BRDA:101,11,1,0
BRDA:110,12,0,0
BRDA:110,12,1,0
BRDA:111,13,0,0
BRDA:111,13,1,0
BRDA:120,14,0,0
BRDA:120,14,1,0
BRDA:121,15,0,0
BRDA:121,15,1,0
BRDA:130,16,0,0
BRDA:130,16,1,0
BRDA:130,17,0,0
BRDA:130,17,1,0
BRDA:146,18,0,0
BRDA:146,18,1,0
BRDA:146,19,0,0
BRDA:146,19,1,0
BRDA:156,20,0,0
BRDA:156,20,1,0
BRDA:156,21,0,0
BRDA:156,21,1,0
BRDA:162,22,0,0
BRDA:162,22,1,0
BRDA:171,23,0,0
BRDA:171,23,1,0
BRDA:172,24,0,0
BRDA:172,24,1,0
BRDA:172,25,0,0
BRDA:172,25,1,0
BRDA:174,26,0,0
BRDA:174,26,1,0
BRDA:174,26,2,0
BRDA:174,27,0,0
BRDA:174,27,1,0
BRDA:176,28,0,0
BRDA:176,28,1,0
BRDA:178,29,0,0
BRDA:178,29,1,0
BRDA:219,30,0,0
BRDA:219,30,1,0
BRDA:220,31,0,0
BRDA:220,31,1,0
BRDA:237,32,0,0
BRDA:237,32,1,0
BRDA:238,33,0,0
BRDA:238,33,1,0
BRDA:253,34,0,0
BRDA:253,34,1,0
BRDA:254,35,0,0
BRDA:254,35,1,0
BRDA:269,36,0,0
BRDA:269,36,1,0
BRDA:270,37,0,0
BRDA:270,37,1,0
BRDA:285,38,0,0
BRDA:285,38,1,0
BRDA:286,39,0,0
BRDA:286,39,1,0
BRDA:303,40,0,0
BRDA:303,40,1,0
BRDA:304,41,0,0
BRDA:304,41,1,0
BRDA:316,42,0,0
BRDA:316,42,1,0
BRDA:334,43,0,0
BRDA:334,43,1,0
BRDA:335,44,0,0
BRDA:335,44,1,0
BRDA:340,45,0,0
BRDA:340,45,1,0
BRDA:341,46,0,0
BRDA:341,46,1,0
BRDA:342,47,0,0
BRDA:342,47,1,0
BRDA:346,48,0,0
BRDA:346,48,1,0
BRDA:360,49,0,0
BRDA:360,49,1,0
BRDA:379,50,0,0
BRDA:379,50,1,0
BRDA:419,51,0,0
BRDA:419,51,1,0
BRDA:419,52,0,0
BRDA:419,52,1,0
BRDA:446,53,0,0
BRDA:446,53,1,0
BRDA:450,54,0,0
BRDA:450,54,1,0
BRDA:455,55,0,0
BRDA:455,55,1,0
BRDA:455,56,0,0
BRDA:455,56,1,0
BRDA:512,57,0,0
BRDA:512,57,1,0
BRDA:512,58,0,0
BRDA:512,58,1,0
BRDA:569,59,0,0
BRDA:569,59,1,0
BRDA:569,60,0,0
BRDA:569,60,1,0
BRDA:613,61,0,0
BRDA:613,61,1,0
BRDA:613,62,0,0
BRDA:613,62,1,0
BRDA:641,63,0,0
BRDA:641,63,1,0
BRDA:641,64,0,0
BRDA:641,64,1,0
BRDA:652,65,0,0
BRDA:652,65,1,0
BRDA:705,66,0,0
BRDA:705,66,1,0
BRDA:705,67,0,0
BRDA:705,67,1,0
BRF:137
BRH:0
end_of_record
TN:
SF:src/components/characters/EquipmentManager.js
FN:1,(anonymous_0)
FN:12,(anonymous_1)
FNF:2
FNH:0
FNDA:0,(anonymous_0)
FNDA:0,(anonymous_1)
DA:1,0
DA:2,0
DA:12,0
DA:13,0
LF:4
LH:0
BRF:0
BRH:0
end_of_record
TN:
SF:src/components/common/AttributeBreakdownPopup.js
FN:4,(anonymous_0)
FN:7,(anonymous_1)
FN:15,(anonymous_2)
FN:25,(anonymous_3)
FN:41,(anonymous_4)
FN:57,(anonymous_5)
FN:65,(anonymous_6)
FN:77,(anonymous_7)
FNF:8
FNH:0
FNDA:0,(anonymous_0)
FNDA:0,(anonymous_1)
FNDA:0,(anonymous_2)
FNDA:0,(anonymous_3)
FNDA:0,(anonymous_4)
FNDA:0,(anonymous_5)
FNDA:0,(anonymous_6)
FNDA:0,(anonymous_7)
DA:4,0
DA:7,0
DA:8,0
DA:9,0
DA:11,0
DA:12,0
DA:15,0
DA:16,0
DA:18,0
DA:22,0
DA:23,0
DA:25,0
DA:38,0
DA:39,0
DA:41,0
DA:55,0
DA:57,0
DA:66,0
DA:78,0
DA:79,0
LF:20
LH:0
BRDA:11,0,0,0
BRDA:11,0,1,0
BRDA:11,1,0,0
BRDA:11,1,1,0
BRDA:22,2,0,0
BRDA:22,2,1,0
BRDA:38,3,0,0
BRDA:38,3,1,0
BRDA:38,4,0,0
BRDA:38,4,1,0
BRDA:66,5,0,0
BRDA:66,5,1,0
BRDA:66,6,0,0
BRDA:66,6,1,0
BRDA:74,7,0,0
BRDA:74,7,1,0
BRDA:76,8,0,0
BRDA:76,8,1,0
BRDA:79,9,0,0
BRDA:79,9,1,0
BRDA:81,10,0,0
BRDA:81,10,1,0
BRDA:86,11,0,0
BRDA:86,11,1,0
BRDA:96,12,0,0
BRDA:96,12,1,0
BRDA:104,13,0,0
BRDA:104,13,1,0
BRF:28
BRH:0
end_of_record
TN:
SF:src/components/common/AttributeGroups.js
FN:12,(anonymous_0)
FN:16,(anonymous_1)
FN:26,(anonymous_2)
FN:36,(anonymous_3)
FN:42,(anonymous_4)
FN:46,(anonymous_5)
FN:57,(anonymous_6)
FNF:7
FNH:0
FNDA:0,(anonymous_0)
FNDA:0,(anonymous_1)
FNDA:0,(anonymous_2)
FNDA:0,(anonymous_3)
FNDA:0,(anonymous_4)
FNDA:0,(anonymous_5)
FNDA:0,(anonymous_6)
DA:5,0
DA:12,0
DA:13,0
DA:16,0
DA:22,0
DA:26,0
DA:27,0
DA:28,0
DA:29,0
DA:31,0
DA:33,0
DA:36,0
DA:38,0
DA:43,0
DA:46,0
DA:58,0
DA:59,0
LF:17
LH:0
BRDA:19,0,0,0
BRDA:20,1,0,0
BRDA:28,2,0,0
BRDA:28,2,1,0
BRDA:45,3,0,0
BRDA:45,3,1,0
BRDA:49,4,0,0
BRDA:49,4,1,0
BRDA:55,5,0,0
BRDA:55,5,1,0
BRDA:59,6,0,0
BRDA:59,6,1,0
BRDA:64,7,0,0
BRDA:64,7,1,0
BRF:14
BRH:0
end_of_record
TN:
SF:src/components/common/ErrorPopup.js
FN:4,(anonymous_0)
FNF:1
FNH:1
FNDA:18,(anonymous_0)
DA:4,1
DA:5,18
DA:6,3
DA:9,15
LF:4
LH:4
BRDA:5,0,0,3
BRDA:5,0,1,15
BRDA:15,1,0,15
BRDA:15,1,1,1
BRF:4
BRH:4
end_of_record
TN:
SF:src/components/common/MobileNumberInput.js
FN:3,(anonymous_0)
FN:4,(anonymous_1)
FN:9,(anonymous_2)
FNF:3
FNH:0
FNDA:0,(anonymous_0)
FNDA:0,(anonymous_1)
FNDA:0,(anonymous_2)
DA:3,0
DA:4,0
DA:6,0
DA:9,0
DA:11,0
DA:14,0
LF:6
LH:0
BRF:0
BRH:0
end_of_record
TN:
SF:src/components/common/QuickAdjustPopup.js
FN:4,(anonymous_0)
FN:7,(anonymous_1)
FN:14,(anonymous_2)
FN:20,(anonymous_3)
FN:26,(anonymous_4)
FNF:5
FNH:0
FNDA:0,(anonymous_0)
FNDA:0,(anonymous_1)
FNDA:0,(anonymous_2)
FNDA:0,(anonymous_3)
FNDA:0,(anonymous_4)
DA:4,0
DA:5,0
DA:7,0
DA:8,0
DA:9,0
DA:10,0
DA:14,0
DA:15,0
DA:16,0
DA:20,0
DA:21,0
DA:22,0
DA:26,0
DA:27,0
DA:28,0
DA:29,0
DA:32,0
LF:17
LH:0
BRDA:4,0,0,0
BRDA:4,1,0,0
BRDA:4,2,0,0
BRDA:9,3,0,0
BRDA:9,3,1,0
BRDA:9,4,0,0
BRDA:9,4,1,0
BRDA:15,5,0,0
BRDA:15,5,1,0
BRDA:21,6,0,0
BRDA:21,6,1,0
BRF:11
BRH:0
end_of_record
TN:
SF:src/components/common/QuickAdjustWidget.js
FN:4,(anonymous_0)
FN:8,(anonymous_1)
FN:29,(anonymous_2)
FN:41,(anonymous_3)
FN:57,(anonymous_4)
FNF:5
FNH:0
FNDA:0,(anonymous_0)
FNDA:0,(anonymous_1)
FNDA:0,(anonymous_2)
FNDA:0,(anonymous_3)
FNDA:0,(anonymous_4)
DA:4,0
DA:5,0
DA:6,0
DA:8,0
DA:9,0
DA:11,0
DA:12,0
DA:13,0
DA:16,0
DA:17,0
DA:19,0
DA:20,0
DA:21,0
DA:23,0
DA:25,0
DA:29,0
DA:30,0
DA:31,0
DA:32,0
DA:36,0
DA:41,0
DA:57,0
LF:22
LH:0
BRDA:4,0,0,0
BRDA:4,1,0,0
BRDA:9,2,0,0
BRDA:9,2,1,0
BRDA:11,3,0,0
BRDA:11,3,1,0
BRDA:12,4,0,0
BRDA:12,4,1,0
BRDA:16,5,0,0
BRDA:16,5,1,0
BRDA:16,6,0,0
BRDA:16,6,1,0
BRDA:17,7,0,0
BRDA:17,7,1,0
BRDA:17,8,0,0
BRDA:17,8,1,0
BRDA:31,9,0,0
BRDA:31,9,1,0
BRDA:31,10,0,0
BRDA:31,10,1,0
BRDA:32,11,0,0
BRDA:32,11,1,0
BRDA:38,12,0,0
BRDA:38,12,1,0
BRDA:42,13,0,0
BRDA:42,13,1,0
BRDA:43,14,0,0
BRDA:43,14,1,0
BRDA:58,15,0,0
BRDA:58,15,1,0
BRDA:58,15,2,0
BRDA:59,16,0,0
BRDA:59,16,1,0
BRF:33
BRH:0
end_of_record
TN:
SF:src/components/common/SelectedCharacterBanner.js
FN:6,(anonymous_0)
FNF:1
FNH:0
FNDA:0,(anonymous_0)
DA:6,0
DA:7,0
DA:9,0
DA:10,0
DA:13,0
LF:5
LH:0
BRDA:9,0,0,0
BRDA:9,0,1,0
BRF:2
BRH:0
end_of_record
TN:
SF:src/components/common/TabNavigation.js
FN:4,(anonymous_0)
FN:9,(anonymous_1)
FN:15,(anonymous_2)
FN:21,(anonymous_3)
FNF:4
FNH:0
FNDA:0,(anonymous_0)
FNDA:0,(anonymous_1)
FNDA:0,(anonymous_2)
FNDA:0,(anonymous_3)
DA:4,0
DA:5,0
DA:9,0
DA:15,0
DA:21,0
LF:5
LH:0
BRDA:8,0,0,0
BRDA:8,0,1,0
BRDA:14,1,0,0
BRDA:14,1,1,0
BRDA:20,2,0,0
BRDA:20,2,1,0
BRF:6
BRH:0
end_of_record
TN:
SF:src/components/conditions/ConditionView.js
FN:14,(anonymous_0)
FN:26,(anonymous_1)
FN:36,(anonymous_2)
FN:53,(anonymous_3)
FN:57,(anonymous_4)
FN:62,(anonymous_5)
FN:68,(anonymous_6)
FN:84,(anonymous_7)
FN:102,(anonymous_8)
FNF:9
FNH:0
FNDA:0,(anonymous_0)
FNDA:0,(anonymous_1)
FNDA:0,(anonymous_2)
FNDA:0,(anonymous_3)
FNDA:0,(anonymous_4)
FNDA:0,(anonymous_5)
FNDA:0,(anonymous_6)
FNDA:0,(anonymous_7)
FNDA:0,(anonymous_8)
DA:14,0
DA:15,0
DA:16,0
DA:17,0
DA:18,0
DA:19,0
DA:20,0
DA:21,0
DA:24,0
DA:27,0
DA:28,0
DA:33,0
DA:34,0
DA:36,0
DA:37,0
DA:38,0
DA:41,0
DA:42,0
DA:43,0
DA:46,0
DA:48,0
DA:49,0
DA:53,0
DA:54,0
DA:57,0
DA:58,0
DA:59,0
DA:62,0
DA:63,0
DA:64,0
DA:65,0
DA:68,0
DA:69,0
DA:70,0
DA:71,0
DA:74,0
DA:75,0
DA:76,0
DA:83,0
DA:84,0
DA:86,0
DA:87,0
DA:91,0
DA:92,0
DA:93,0
DA:95,0
DA:97,0
DA:102,0
LF:48
LH:0
BRDA:27,0,0,0
BRDA:27,0,1,0
BRDA:27,1,0,0
BRDA:27,1,1,0
BRDA:37,2,0,0
BRDA:37,2,1,0
BRDA:49,3,0,0
BRDA:49,3,1,0
BRDA:69,4,0,0
BRDA:69,4,1,0
BRDA:87,5,0,0
BRDA:87,5,1,0
BRDA:91,6,0,0
BRDA:91,6,1,0
BRDA:92,7,0,0
BRDA:92,7,1,0
BRDA:93,8,0,0
BRDA:93,8,1,0
BRDA:99,9,0,0
BRDA:99,9,1,0
BRDA:106,10,0,0
BRDA:106,10,1,0
BRDA:108,11,0,0
BRDA:108,11,1,0
BRDA:125,12,0,0
BRDA:125,12,1,0
BRDA:139,13,0,0
BRDA:139,13,1,0
BRDA:181,14,0,0
BRDA:181,14,1,0
BRF:30
BRH:0
end_of_record
TN:
SF:src/components/conditions/ConditionsList.js
FN:7,(anonymous_0)
FN:11,(anonymous_1)
FN:30,(anonymous_2)
FN:37,(anonymous_3)
FN:41,(anonymous_4)
FN:63,(anonymous_5)
FNF:6
FNH:0
FNDA:0,(anonymous_0)
FNDA:0,(anonymous_1)
FNDA:0,(anonymous_2)
FNDA:0,(anonymous_3)
FNDA:0,(anonymous_4)
FNDA:0,(anonymous_5)
DA:7,0
DA:8,0
DA:9,0
DA:11,0
DA:12,0
DA:15,0
DA:16,0
DA:18,0
DA:20,0
DA:30,0
DA:38,0
DA:41,0
DA:63,0
LF:13
LH:0
BRDA:15,0,0,0
BRDA:15,0,1,0
BRDA:16,1,0,0
BRDA:16,1,1,0
BRDA:18,2,0,0
BRDA:18,2,1,0
BRDA:25,3,0,0
BRDA:25,3,1,0
BRDA:50,4,0,0
BRDA:50,4,1,0
BRDA:50,5,0,0
BRDA:50,5,1,0
BRF:12
BRH:0
end_of_record
TN:
SF:src/components/encounters/CharacterActionSelector.js
FN:7,(anonymous_0)
FN:21,(anonymous_1)
FN:39,(anonymous_2)
FN:45,(anonymous_3)
FN:49,(anonymous_4)
FNF:5
FNH:0
FNDA:0,(anonymous_0)
FNDA:0,(anonymous_1)
FNDA:0,(anonymous_2)
FNDA:0,(anonymous_3)
FNDA:0,(anonymous_4)
DA:7,0
DA:8,0
DA:10,0
DA:15,0
DA:16,0
DA:18,0
DA:19,0
DA:21,0
DA:22,0
DA:25,0
DA:39,0
DA:46,0
DA:49,0
LF:13
LH:0
BRDA:15,0,0,0
BRDA:15,0,1,0
BRDA:16,1,0,0
BRDA:16,1,1,0
BRDA:19,2,0,0
BRDA:19,2,1,0
BRDA:21,3,0,0
BRDA:21,3,1,0
BRDA:44,4,0,0
BRDA:44,4,1,0
BRDA:57,5,0,0
BRDA:57,5,1,0
BRDA:59,6,0,0
BRDA:59,6,1,0
BRDA:60,7,0,0
BRDA:60,7,1,0
BRF:16
BRH:0
end_of_record
TN:
SF:src/components/encounters/CharacterSummary.js
FN:4,(anonymous_0)
FN:6,(anonymous_1)
FN:10,(anonymous_2)
FN:11,(anonymous_3)
FN:60,(anonymous_4)
FN:66,(anonymous_5)
FN:72,(anonymous_6)
FN:76,(anonymous_7)
FN:108,(anonymous_8)
FNF:9
FNH:0
FNDA:0,(anonymous_0)
FNDA:0,(anonymous_1)
FNDA:0,(anonymous_2)
FNDA:0,(anonymous_3)
FNDA:0,(anonymous_4)
FNDA:0,(anonymous_5)
FNDA:0,(anonymous_6)
FNDA:0,(anonymous_7)
FNDA:0,(anonymous_8)
DA:4,0
DA:6,0
DA:8,0
DA:10,0
DA:11,0
DA:13,0
DA:16,0
DA:26,0
DA:27,0
DA:29,0
DA:30,0
DA:33,0
DA:34,0
DA:37,0
DA:38,0
DA:42,0
DA:43,0
DA:48,0
DA:50,0
DA:51,0
DA:56,0
DA:60,0
DA:61,0
DA:62,0
DA:66,0
DA:68,0
DA:73,0
DA:76,0
DA:109,0
LF:29
LH:0
BRDA:10,0,0,0
BRDA:10,0,1,0
BRDA:10,0,2,0
BRDA:13,1,0,0
BRDA:13,1,1,0
BRDA:21,2,0,0
BRDA:21,2,1,0
BRDA:29,3,0,0
BRDA:29,3,1,0
BRDA:29,4,0,0
BRDA:29,4,1,0
BRDA:33,5,0,0
BRDA:33,5,1,0
BRDA:37,6,0,0
BRDA:37,6,1,0
BRDA:42,7,0,0
BRDA:42,7,1,0
BRDA:44,8,0,0
BRDA:44,8,1,0
BRDA:46,9,0,0
BRDA:46,9,1,0
BRDA:48,10,0,0
BRDA:48,10,1,0
BRDA:50,11,0,0
BRDA:50,11,1,0
BRDA:50,12,0,0
BRDA:50,12,1,0
BRDA:50,13,0,0
BRDA:50,13,1,0
BRDA:88,14,0,0
BRDA:88,14,1,0
BRDA:92,15,0,0
BRDA:92,15,1,0
BRDA:96,16,0,0
BRDA:96,16,1,0
BRDA:100,17,0,0
BRDA:100,17,1,0
BRDA:104,18,0,0
BRDA:104,18,1,0
BRDA:117,19,0,0
BRDA:117,19,1,0
BRDA:132,20,0,0
BRDA:132,20,1,0
BRDA:134,21,0,0
BRDA:134,21,1,0
BRDA:136,22,0,0
BRDA:136,22,1,0
BRDA:137,23,0,0
BRDA:137,23,1,0
BRF:49
BRH:0
end_of_record
TN:
SF:src/components/encounters/EncounterDetail.js
FN:22,(anonymous_0)
FN:66,(anonymous_1)
FN:80,(anonymous_2)
FN:91,(anonymous_3)
FN:102,(anonymous_4)
FN:122,(anonymous_5)
FN:139,(anonymous_6)
FN:163,(anonymous_7)
FN:168,(anonymous_8)
FN:168,(anonymous_9)
FN:200,(anonymous_10)
FN:201,(anonymous_11)
FN:213,(anonymous_12)
FN:248,(anonymous_13)
FN:251,(anonymous_14)
FN:267,(anonymous_15)
FN:271,(anonymous_16)
FN:299,(anonymous_17)
FN:303,(anonymous_18)
FN:338,(anonymous_19)
FN:343,(anonymous_20)
FN:344,(anonymous_21)
FN:357,(anonymous_22)
FN:362,(anonymous_23)
FN:384,(anonymous_24)
FN:392,(anonymous_25)
FN:409,(anonymous_26)
FN:414,(anonymous_27)
FN:426,(anonymous_28)
FN:431,(anonymous_29)
FN:443,(anonymous_30)
FNF:31
FNH:0
FNDA:0,(anonymous_0)
FNDA:0,(anonymous_1)
FNDA:0,(anonymous_2)
FNDA:0,(anonymous_3)
FNDA:0,(anonymous_4)
FNDA:0,(anonymous_5)
FNDA:0,(anonymous_6)
FNDA:0,(anonymous_7)
FNDA:0,(anonymous_8)
FNDA:0,(anonymous_9)
FNDA:0,(anonymous_10)
FNDA:0,(anonymous_11)
FNDA:0,(anonymous_12)
FNDA:0,(anonymous_13)
FNDA:0,(anonymous_14)
FNDA:0,(anonymous_15)
FNDA:0,(anonymous_16)
FNDA:0,(anonymous_17)
FNDA:0,(anonymous_18)
FNDA:0,(anonymous_19)
FNDA:0,(anonymous_20)
FNDA:0,(anonymous_21)
FNDA:0,(anonymous_22)
FNDA:0,(anonymous_23)
FNDA:0,(anonymous_24)
FNDA:0,(anonymous_25)
FNDA:0,(anonymous_26)
FNDA:0,(anonymous_27)
FNDA:0,(anonymous_28)
FNDA:0,(anonymous_29)
FNDA:0,(anonymous_30)
DA:22,0
DA:23,0
DA:24,0
DA:25,0
DA:26,0
DA:27,0
DA:28,0
DA:29,0
DA:30,0
DA:39,0
DA:44,0
DA:47,0
DA:48,0
DA:49,0
DA:50,0
DA:51,0
DA:52,0
DA:53,0
DA:54,0
DA:57,0
DA:61,0
DA:66,0
DA:67,0
DA:68,0
DA:69,0
DA:72,0
DA:74,0
DA:75,0
DA:80,0
DA:81,0
DA:82,0
DA:86,0
DA:87,0
DA:91,0
DA:92,0
DA:93,0
DA:97,0
DA:98,0
DA:102,0
DA:103,0
DA:105,0
DA:106,0
DA:113,0
DA:114,0
DA:115,0
DA:117,0
DA:118,0
DA:122,0
DA:123,0
DA:124,0
DA:125,0
DA:133,0
DA:134,0
DA:139,0
DA:140,0
DA:142,0
DA:143,0
DA:149,0
DA:150,0
DA:158,0
DA:159,0
DA:163,0
DA:164,0
DA:166,0
DA:167,0
DA:168,0
DA:177,0
DA:185,0
DA:186,0
DA:191,0
DA:192,0
DA:193,0
DA:195,0
DA:198,0
DA:199,0
DA:200,0
DA:201,0
DA:202,0
DA:203,0
DA:209,0
DA:213,0
DA:248,0
DA:252,0
DA:256,0
DA:268,0
DA:272,0
DA:300,0
DA:304,0
DA:338,0
DA:343,0
DA:345,0
DA:357,0
DA:362,0
DA:384,0
DA:392,0
DA:409,0
DA:415,0
DA:426,0
DA:431,0
DA:443,0
LF:100
LH:0
BRDA:67,0,0,0
BRDA:67,0,1,0
BRDA:103,1,0,0
BRDA:103,1,1,0
BRDA:123,2,0,0
BRDA:123,2,1,0
BRDA:140,3,0,0
BRDA:140,3,1,0
BRDA:140,4,0,0
BRDA:140,4,1,0
BRDA:164,5,0,0
BRDA:164,5,1,0
BRDA:164,6,0,0
BRDA:164,6,1,0
BRDA:164,6,2,0
BRDA:191,7,0,0
BRDA:191,7,1,0
BRDA:192,8,0,0
BRDA:192,8,1,0
BRDA:193,9,0,0
BRDA:193,9,1,0
BRDA:193,10,0,0
BRDA:193,10,1,0
BRDA:199,11,0,0
BRDA:199,11,1,0
BRDA:202,12,0,0
BRDA:202,12,1,0
BRDA:202,13,0,0
BRDA:202,13,1,0
BRDA:226,14,0,0
BRDA:226,14,1,0
BRDA:266,15,0,0
BRDA:266,15,1,0
BRDA:266,16,0,0
BRDA:266,16,1,0
BRDA:276,17,0,0
BRDA:276,17,1,0
BRDA:279,18,0,0
BRDA:279,18,1,0
BRDA:282,19,0,0
BRDA:282,19,1,0
BRDA:298,20,0,0
BRDA:298,20,1,0
BRDA:298,21,0,0
BRDA:298,21,1,0
BRDA:308,22,0,0
BRDA:308,22,1,0
BRDA:311,23,0,0
BRDA:311,23,1,0
BRDA:314,24,0,0
BRDA:314,24,1,0
BRDA:330,25,0,0
BRDA:330,25,1,0
BRDA:341,26,0,0
BRDA:341,26,1,0
BRDA:341,27,0,0
BRDA:341,27,1,0
BRDA:375,28,0,0
BRDA:375,28,1,0
BRDA:412,29,0,0
BRDA:412,29,1,0
BRDA:412,30,0,0
BRDA:412,30,1,0
BRDA:434,31,0,0
BRDA:434,31,1,0
BRF:65
BRH:0
end_of_record
TN:
SF:src/components/encounters/EncountersList.js
FN:15,(anonymous_0)
FN:35,(anonymous_1)
FN:39,(anonymous_2)
FN:43,(anonymous_3)
FN:46,(anonymous_4)
FN:68,(anonymous_5)
FN:80,(anonymous_6)
FN:84,(anonymous_7)
FN:99,(anonymous_8)
FN:111,(anonymous_9)
FN:117,(anonymous_10)
FN:129,(anonymous_11)
FN:137,(anonymous_12)
FN:144,(anonymous_13)
FN:150,(anonymous_14)
FN:165,(anonymous_15)
FNF:16
FNH:0
FNDA:0,(anonymous_0)
FNDA:0,(anonymous_1)
FNDA:0,(anonymous_2)
FNDA:0,(anonymous_3)
FNDA:0,(anonymous_4)
FNDA:0,(anonymous_5)
FNDA:0,(anonymous_6)
FNDA:0,(anonymous_7)
FNDA:0,(anonymous_8)
FNDA:0,(anonymous_9)
FNDA:0,(anonymous_10)
FNDA:0,(anonymous_11)
FNDA:0,(anonymous_12)
FNDA:0,(anonymous_13)
FNDA:0,(anonymous_14)
FNDA:0,(anonymous_15)
DA:15,0
DA:16,0
DA:17,0
DA:18,0
DA:19,0
DA:20,0
DA:23,0
DA:30,0
DA:31,0
DA:34,0
DA:35,0
DA:38,0
DA:39,0
DA:42,0
DA:43,0
DA:46,0
DA:47,0
DA:48,0
DA:50,0
DA:51,0
DA:60,0
DA:61,0
DA:62,0
DA:64,0
DA:68,0
DA:69,0
DA:70,0
DA:71,0
DA:75,0
DA:80,0
DA:81,0
DA:84,0
DA:85,0
DA:88,0
DA:89,0
DA:91,0
DA:93,0
DA:99,0
DA:111,0
DA:117,0
DA:129,0
DA:138,0
DA:144,0
DA:150,0
DA:165,0
LF:45
LH:0
BRDA:25,0,0,0
BRDA:25,0,1,0
BRDA:48,1,0,0
BRDA:48,1,1,0
BRDA:69,2,0,0
BRDA:69,2,1,0
BRDA:88,3,0,0
BRDA:88,3,1,0
BRDA:89,4,0,0
BRDA:89,4,1,0
BRDA:91,5,0,0
BRDA:91,5,1,0
BRDA:101,6,0,0
BRDA:101,6,1,0
BRDA:105,7,0,0
BRDA:105,7,1,0
BRDA:133,8,0,0
BRDA:133,8,1,0
BRDA:157,9,0,0
BRDA:157,9,1,0
BRDA:161,10,0,0
BRDA:161,10,1,0
BRF:22
BRH:0
end_of_record
TN:
SF:src/components/encounters/Timeline.js
FN:7,(anonymous_0)
FN:17,(anonymous_1)
FN:19,(anonymous_2)
FN:34,(anonymous_3)
FN:37,(anonymous_4)
FN:45,(anonymous_5)
FN:67,(anonymous_6)
FN:68,(anonymous_7)
FN:71,(anonymous_8)
FN:75,(anonymous_9)
FN:86,(anonymous_10)
FN:87,(anonymous_11)
FN:102,(anonymous_12)
FN:107,(anonymous_13)
FN:116,(anonymous_14)
FNF:15
FNH:0
FNDA:0,(anonymous_0)
FNDA:0,(anonymous_1)
FNDA:0,(anonymous_2)
FNDA:0,(anonymous_3)
FNDA:0,(anonymous_4)
FNDA:0,(anonymous_5)
FNDA:0,(anonymous_6)
FNDA:0,(anonymous_7)
FNDA:0,(anonymous_8)
FNDA:0,(anonymous_9)
FNDA:0,(anonymous_10)
FNDA:0,(anonymous_11)
FNDA:0,(anonymous_12)
FNDA:0,(anonymous_13)
FNDA:0,(anonymous_14)
DA:7,0
DA:8,0
DA:9,0
DA:10,0
DA:11,0
DA:17,0
DA:18,0
DA:19,0
DA:21,0
DA:22,0
DA:25,0
DA:29,0
DA:34,0
DA:35,0
DA:36,0
DA:37,0
DA:38,0
DA:40,0
DA:45,0
DA:47,0
DA:51,0
DA:56,0
DA:58,0
DA:61,0
DA:66,0
DA:67,0
DA:68,0
DA:71,0
DA:72,0
DA:73,0
DA:74,0
DA:75,0
DA:76,0
DA:77,0
DA:78,0
DA:81,0
DA:82,0
DA:86,0
DA:87,0
DA:88,0
DA:90,0
DA:91,0
DA:92,0
DA:93,0
DA:94,0
DA:96,0
DA:99,0
DA:103,0
DA:104,0
DA:107,0
DA:116,0
LF:51
LH:0
BRDA:21,0,0,0
BRDA:21,0,1,0
BRDA:21,1,0,0
BRDA:21,1,1,0
BRDA:35,2,0,0
BRDA:35,2,1,0
BRDA:47,3,0,0
BRDA:47,3,1,0
BRDA:51,4,0,0
BRDA:51,4,1,0
BRDA:51,4,2,0
BRDA:73,5,0,0
BRDA:73,5,1,0
BRDA:76,6,0,0
BRDA:76,6,1,0
BRDA:88,7,0,0
BRDA:88,7,1,0
BRDA:93,8,0,0
BRDA:93,8,1,0
BRDA:94,9,0,0
BRDA:94,9,1,0
BRDA:103,10,0,0
BRDA:103,10,1,0
BRDA:110,11,0,0
BRDA:110,11,1,0
BRDA:116,12,0,0
BRDA:116,12,1,0
BRDA:119,13,0,0
BRDA:119,13,1,0
BRF:29
BRH:0
end_of_record
TN:
SF:src/components/encounters/VirtualTableTop.js
FN:8,(anonymous_0)
FN:37,(anonymous_1)
FN:70,(anonymous_2)
FN:127,(anonymous_3)
FN:212,(anonymous_4)
FN:217,(anonymous_5)
FN:244,(anonymous_6)
FN:275,(anonymous_7)
FN:280,(anonymous_8)
FN:295,(anonymous_9)
FN:300,(anonymous_10)
FN:318,(anonymous_11)
FN:330,(anonymous_12)
FN:362,(anonymous_13)
FN:370,(anonymous_14)
FN:387,(anonymous_15)
FN:399,(anonymous_16)
FN:460,(anonymous_17)
FN:477,(anonymous_18)
FN:515,drawTerrainElement
FN:557,drawCharacter
FN:583,drawObject
FN:610,(anonymous_22)
FN:612,(anonymous_23)
FN:616,(anonymous_24)
FN:618,(anonymous_25)
FNF:26
FNH:0
FNDA:0,(anonymous_0)
FNDA:0,(anonymous_1)
FNDA:0,(anonymous_2)
FNDA:0,(anonymous_3)
FNDA:0,(anonymous_4)
FNDA:0,(anonymous_5)
FNDA:0,(anonymous_6)
FNDA:0,(anonymous_7)
FNDA:0,(anonymous_8)
FNDA:0,(anonymous_9)
FNDA:0,(anonymous_10)
FNDA:0,(anonymous_11)
FNDA:0,(anonymous_12)
FNDA:0,(anonymous_13)
FNDA:0,(anonymous_14)
FNDA:0,(anonymous_15)
FNDA:0,(anonymous_16)
FNDA:0,(anonymous_17)
FNDA:0,(anonymous_18)
FNDA:0,drawTerrainElement
FNDA:0,drawCharacter
FNDA:0,drawObject
FNDA:0,(anonymous_22)
FNDA:0,(anonymous_23)
FNDA:0,(anonymous_24)
FNDA:0,(anonymous_25)
DA:6,0
DA:8,0
DA:25,0
DA:26,0
DA:27,0
DA:28,0
DA:29,0
DA:31,0
DA:32,0
DA:33,0
DA:34,0
DA:35,0
DA:37,0
DA:38,0
DA:39,0
DA:40,0
DA:43,0
DA:44,0
DA:48,0
DA:50,0
DA:51,0
DA:54,0
DA:55,0
DA:58,0
DA:59,0
DA:62,0
DA:63,0
DA:66,0
DA:70,0
DA:71,0
DA:72,0
DA:75,0
DA:76,0
DA:77,0
DA:80,0
DA:82,0
DA:85,0
DA:88,0
DA:89,0
DA:90,0
DA:93,0
DA:94,0
DA:98,0
DA:99,0
DA:100,0
DA:104,0
DA:107,0
DA:108,0
DA:110,0
DA:112,0
DA:113,0
DA:114,0
DA:115,0
DA:118,0
DA:120,0
DA:121,0
DA:122,0
DA:123,0
DA:127,0
DA:128,0
DA:129,0
DA:131,0
DA:133,0
DA:134,0
DA:135,0
DA:140,0
DA:141,0
DA:146,0
DA:148,0
DA:151,0
DA:152,0
DA:153,0
DA:160,0
DA:163,0
DA:164,0
DA:165,0
DA:166,0
DA:173,0
DA:175,0
DA:178,0
DA:179,0
DA:180,0
DA:181,0
DA:183,0
DA:184,0
DA:186,0
DA:187,0
DA:188,0
DA:190,0
DA:193,0
DA:194,0
DA:195,0
DA:196,0
DA:198,0
DA:199,0
DA:201,0
DA:202,0
DA:204,0
DA:207,0
DA:212,0
DA:213,0
DA:217,0
DA:218,0
DA:222,0
DA:223,0
DA:224,0
DA:229,0
DA:233,0
DA:234,0
DA:235,0
DA:240,0
DA:244,0
DA:245,0
DA:249,0
DA:250,0
DA:251,0
DA:256,0
DA:260,0
DA:261,0
DA:263,0
DA:264,0
DA:265,0
DA:270,0
DA:275,0
DA:276,0
DA:277,0
DA:280,0
DA:281,0
DA:283,0
DA:284,0
DA:285,0
DA:292,0
DA:295,0
DA:296,0
DA:300,0
DA:301,0
DA:302,0
DA:304,0
DA:305,0
DA:307,0
DA:309,0
DA:312,0
DA:314,0
DA:318,0
DA:319,0
DA:320,0
DA:322,0
DA:330,0
DA:331,0
DA:333,0
DA:334,0
DA:337,0
DA:340,0
DA:342,0
DA:343,0
DA:344,0
DA:345,0
DA:346,0
DA:348,0
DA:352,0
DA:353,0
DA:358,0
DA:359,0
DA:362,0
DA:363,0
DA:367,0
DA:370,0
DA:371,0
DA:372,0
DA:373,0
DA:375,0
DA:376,0
DA:383,0
DA:387,0
DA:388,0
DA:389,0
DA:390,0
DA:391,0
DA:392,0
DA:393,0
DA:395,0
DA:399,0
DA:400,0
DA:401,0
DA:404,0
DA:405,0
DA:407,0
DA:410,0
DA:412,0
DA:414,0
DA:417,0
DA:419,0
DA:422,0
DA:423,0
DA:424,0
DA:427,0
DA:429,0
DA:434,0
DA:435,0
DA:436,0
DA:437,0
DA:438,0
DA:439,0
DA:444,0
DA:445,0
DA:447,0
DA:448,0
DA:449,0
DA:450,0
DA:451,0
DA:456,0
DA:460,0
DA:462,0
DA:463,0
DA:465,0
DA:467,0
DA:472,0
DA:474,0
DA:477,0
DA:478,0
DA:480,0
DA:482,0
DA:483,0
DA:484,0
DA:485,0
DA:487,0
DA:488,0
DA:491,0
DA:493,0
DA:494,0
DA:495,0
DA:496,0
DA:497,0
DA:498,0
DA:502,0
DA:503,0
DA:509,0
DA:510,0
DA:516,0
DA:517,0
DA:518,0
DA:519,0
DA:521,0
DA:523,0
DA:527,0
DA:531,0
DA:533,0
DA:537,0
DA:541,0
DA:543,0
DA:547,0
DA:551,0
DA:554,0
DA:558,0
DA:559,0
DA:561,0
DA:562,0
DA:563,0
DA:570,0
DA:572,0
DA:573,0
DA:574,0
DA:575,0
DA:576,0
DA:584,0
DA:585,0
DA:586,0
DA:588,0
DA:589,0
DA:590,0
DA:591,0
DA:592,0
DA:594,0
DA:595,0
DA:596,0
DA:597,0
DA:598,0
DA:605,0
DA:610,0
DA:612,0
DA:616,0
DA:618,0
LF:282
LH:0
BRDA:9,0,0,0
BRDA:10,1,0,0
BRDA:11,2,0,0
BRDA:12,3,0,0
BRDA:13,4,0,0
BRDA:14,5,0,0
BRDA:17,6,0,0
BRDA:18,7,0,0
BRDA:48,8,0,0
BRDA:48,8,1,0
BRDA:48,9,0,0
BRDA:48,9,1,0
BRDA:72,10,0,0
BRDA:72,10,1,0
BRDA:128,11,0,0
BRDA:128,11,1,0
BRDA:131,12,0,0
BRDA:131,12,1,0
BRDA:131,12,2,0
BRDA:131,12,3,0
BRDA:131,12,4,0
BRDA:131,12,5,0
BRDA:133,13,0,0
BRDA:133,13,1,0
BRDA:151,14,0,0
BRDA:151,14,1,0
BRDA:163,15,0,0
BRDA:163,15,1,0
BRDA:178,16,0,0
BRDA:178,16,1,0
BRDA:193,17,0,0
BRDA:193,17,1,0
BRDA:222,18,0,0
BRDA:222,18,1,0
BRDA:222,19,0,0
BRDA:222,19,1,0
BRDA:233,20,0,0
BRDA:233,20,1,0
BRDA:233,21,0,0
BRDA:233,21,1,0
BRDA:249,22,0,0
BRDA:249,22,1,0
BRDA:249,23,0,0
BRDA:249,23,1,0
BRDA:260,24,0,0
BRDA:260,24,1,0
BRDA:260,25,0,0
BRDA:260,25,1,0
BRDA:263,26,0,0
BRDA:263,26,1,0
BRDA:263,27,0,0
BRDA:263,27,1,0
BRDA:263,27,2,0
BRDA:263,27,3,0
BRDA:277,28,0,0
BRDA:277,28,1,0
BRDA:281,29,0,0
BRDA:281,29,1,0
BRDA:301,30,0,0
BRDA:301,30,1,0
BRDA:307,31,0,0
BRDA:307,31,1,0
BRDA:322,32,0,0
BRDA:322,32,1,0
BRDA:331,33,0,0
BRDA:331,33,1,0
BRDA:331,34,0,0
BRDA:331,34,1,0
BRDA:333,35,0,0
BRDA:333,35,1,0
BRDA:340,36,0,0
BRDA:340,36,1,0
BRDA:340,37,0,0
BRDA:340,37,1,0
BRDA:342,38,0,0
BRDA:342,38,1,0
BRDA:342,39,0,0
BRDA:342,39,1,0
BRDA:344,40,0,0
BRDA:344,40,1,0
BRDA:344,41,0,0
BRDA:344,41,1,0
BRDA:346,42,0,0
BRDA:346,42,1,0
BRDA:346,43,0,0
BRDA:346,43,1,0
BRDA:352,44,0,0
BRDA:352,44,1,0
BRDA:352,45,0,0
BRDA:352,45,1,0
BRDA:363,46,0,0
BRDA:363,46,1,0
BRDA:375,47,0,0
BRDA:375,47,1,0
BRDA:375,48,0,0
BRDA:375,48,1,0
BRDA:375,48,2,0
BRDA:388,49,0,0
BRDA:388,49,1,0
BRDA:390,50,0,0
BRDA:390,50,1,0
BRDA:392,51,0,0
BRDA:392,51,1,0
BRDA:405,52,0,0
BRDA:405,52,1,0
BRDA:405,52,2,0
BRDA:407,53,0,0
BRDA:407,53,1,0
BRDA:407,54,0,0
BRDA:407,54,1,0
BRDA:407,54,2,0
BRDA:414,55,0,0
BRDA:414,55,1,0
BRDA:414,56,0,0
BRDA:414,56,1,0
BRDA:414,56,2,0
BRDA:424,57,0,0
BRDA:424,57,1,0
BRDA:424,58,0,0
BRDA:424,58,1,0
BRDA:424,58,2,0
BRDA:424,58,3,0
BRDA:424,58,4,0
BRDA:438,59,0,0
BRDA:438,59,1,0
BRDA:445,60,0,0
BRDA:445,60,1,0
BRDA:445,61,0,0
BRDA:445,61,1,0
BRDA:450,62,0,0
BRDA:450,62,1,0
BRDA:450,63,0,0
BRDA:450,63,1,0
BRDA:450,63,2,0
BRDA:450,63,3,0
BRDA:465,64,0,0
BRDA:465,64,1,0
BRDA:478,65,0,0
BRDA:478,65,1,0
BRDA:482,66,0,0
BRDA:482,66,1,0
BRDA:491,67,0,0
BRDA:491,67,1,0
BRDA:491,68,0,0
BRDA:491,68,1,0
BRDA:493,69,0,0
BRDA:493,69,1,0
BRDA:493,70,0,0
BRDA:493,70,1,0
BRDA:495,71,0,0
BRDA:495,71,1,0
BRDA:495,72,0,0
BRDA:495,72,1,0
BRDA:497,73,0,0
BRDA:497,73,1,0
BRDA:497,74,0,0
BRDA:497,74,1,0
BRDA:502,75,0,0
BRDA:502,75,1,0
BRDA:502,76,0,0
BRDA:502,76,1,0
BRDA:517,77,0,0
BRDA:517,77,1,0
BRDA:521,78,0,0
BRDA:521,78,1,0
BRDA:521,78,2,0
BRDA:559,79,0,0
BRDA:559,79,1,0
BRDA:559,80,0,0
BRDA:559,80,1,0
BRDA:559,80,2,0
BRDA:559,80,3,0
BRDA:561,81,0,0
BRDA:561,81,1,0
BRDA:586,82,0,0
BRDA:586,82,1,0
BRDA:586,83,0,0
BRDA:586,83,1,0
BRDA:586,83,2,0
BRDA:586,83,3,0
BRDA:641,84,0,0
BRDA:641,84,1,0
BRF:182
BRH:0
end_of_record
TN:
SF:src/components/forms/ActionForm.js
FN:35,(anonymous_0)
FN:40,(anonymous_1)
FN:43,(anonymous_2)
FN:51,(anonymous_3)
FN:70,(anonymous_4)
FN:83,(anonymous_5)
FN:101,(anonymous_6)
FN:106,(anonymous_7)
FN:123,(anonymous_8)
FN:124,(anonymous_9)
FN:133,(anonymous_10)
FN:134,(anonymous_11)
FN:143,(anonymous_12)
FN:144,(anonymous_13)
FN:157,(anonymous_14)
FN:196,(anonymous_15)
FN:209,(anonymous_16)
FN:222,(anonymous_17)
FN:235,(anonymous_18)
FN:248,(anonymous_19)
FN:263,(anonymous_20)
FN:289,(anonymous_21)
FNF:22
FNH:0
FNDA:0,(anonymous_0)
FNDA:0,(anonymous_1)
FNDA:0,(anonymous_2)
FNDA:0,(anonymous_3)
FNDA:0,(anonymous_4)
FNDA:0,(anonymous_5)
FNDA:0,(anonymous_6)
FNDA:0,(anonymous_7)
FNDA:0,(anonymous_8)
FNDA:0,(anonymous_9)
FNDA:0,(anonymous_10)
FNDA:0,(anonymous_11)
FNDA:0,(anonymous_12)
FNDA:0,(anonymous_13)
FNDA:0,(anonymous_14)
FNDA:0,(anonymous_15)
FNDA:0,(anonymous_16)
FNDA:0,(anonymous_17)
FNDA:0,(anonymous_18)
FNDA:0,(anonymous_19)
FNDA:0,(anonymous_20)
FNDA:0,(anonymous_21)
DA:12,0
DA:13,0
DA:21,0
DA:22,0
DA:24,0
DA:35,0
DA:36,0
DA:37,0
DA:39,0
DA:40,0
DA:42,0
DA:43,0
DA:44,0
DA:45,0
DA:48,0
DA:51,0
DA:52,0
DA:61,0
DA:62,0
DA:64,0
DA:65,0
DA:67,0
DA:70,0
DA:71,0
DA:75,0
DA:76,0
DA:77,0
DA:79,0
DA:80,0
DA:82,0
DA:84,0
DA:85,0
DA:86,0
DA:90,0
DA:92,0
DA:97,0
DA:99,0
DA:101,0
DA:102,0
DA:103,0
DA:106,0
DA:107,0
DA:109,0
DA:110,0
DA:111,0
DA:113,0
DA:116,0
DA:117,0
DA:123,0
DA:124,0
DA:126,0
DA:128,0
DA:133,0
DA:134,0
DA:136,0
DA:139,0
DA:140,0
DA:141,0
DA:142,0
DA:143,0
DA:144,0
DA:145,0
DA:146,0
DA:147,0
DA:148,0
DA:149,0
DA:151,0
DA:153,0
DA:157,0
DA:158,0
DA:159,0
DA:161,0
DA:162,0
DA:163,0
DA:164,0
DA:166,0
DA:171,0
DA:196,0
DA:209,0
DA:222,0
DA:235,0
DA:248,0
DA:264,0
DA:289,0
LF:84
LH:0
BRDA:36,0,0,0
BRDA:36,0,1,0
BRDA:36,1,0,0
BRDA:36,1,1,0
BRDA:39,2,0,0
BRDA:39,2,1,0
BRDA:44,3,0,0
BRDA:44,3,1,0
BRDA:57,4,0,0
BRDA:57,4,1,0
BRDA:61,5,0,0
BRDA:61,5,1,0
BRDA:61,6,0,0
BRDA:61,6,1,0
BRDA:64,7,0,0
BRDA:64,7,1,0
BRDA:70,8,0,0
BRDA:71,9,0,0
BRDA:71,9,1,0
BRDA:71,10,0,0
BRDA:71,10,1,0
BRDA:80,11,0,0
BRDA:80,11,1,0
BRDA:85,12,0,0
BRDA:85,12,1,0
BRDA:99,13,0,0
BRDA:99,13,1,0
BRDA:113,14,0,0
BRDA:113,14,1,0
BRDA:116,15,0,0
BRDA:116,15,1,0
BRDA:123,16,0,0
BRDA:123,16,1,0
BRDA:123,17,0,0
BRDA:123,17,1,0
BRDA:123,17,2,0
BRDA:123,17,3,0
BRDA:123,17,4,0
BRDA:124,18,0,0
BRDA:124,18,1,0
BRDA:133,19,0,0
BRDA:133,19,1,0
BRDA:133,20,0,0
BRDA:133,20,1,0
BRDA:133,20,2,0
BRDA:133,20,3,0
BRDA:133,20,4,0
BRDA:134,21,0,0
BRDA:134,21,1,0
BRDA:141,22,0,0
BRDA:141,22,1,0
BRDA:142,23,0,0
BRDA:142,23,1,0
BRDA:142,24,0,0
BRDA:142,24,1,0
BRDA:144,25,0,0
BRDA:144,25,1,0
BRDA:144,25,2,0
BRDA:144,26,0,0
BRDA:144,26,1,0
BRDA:146,27,0,0
BRDA:146,27,1,0
BRDA:148,28,0,0
BRDA:148,28,1,0
BRDA:158,29,0,0
BRDA:158,29,1,0
BRDA:162,30,0,0
BRDA:162,30,1,0
BRDA:173,31,0,0
BRDA:173,31,1,0
BRDA:181,32,0,0
BRDA:181,32,1,0
BRDA:192,33,0,0
BRDA:192,33,1,0
BRDA:205,34,0,0
BRDA:205,34,1,0
BRDA:218,35,0,0
BRDA:218,35,1,0
BRDA:231,36,0,0
BRDA:231,36,1,0
BRDA:244,37,0,0
BRDA:244,37,1,0
BRDA:252,38,0,0
BRDA:252,38,1,0
BRDA:258,39,0,0
BRDA:258,39,1,0
BRDA:277,40,0,0
BRDA:277,40,1,0
BRDA:285,41,0,0
BRDA:285,41,1,0
BRDA:285,42,0,0
BRDA:285,42,1,0
BRDA:285,43,0,0
BRDA:285,43,1,0
BRF:94
BRH:0
end_of_record
TN:
SF:src/components/forms/CharacterForm.js
FN:17,(anonymous_0)
FN:22,(anonymous_1)
FN:25,(anonymous_2)
FN:48,(anonymous_3)
FN:59,(anonymous_4)
FN:64,(anonymous_5)
FN:79,(anonymous_6)
FN:89,(anonymous_7)
FN:96,(anonymous_8)
FN:105,(anonymous_9)
FN:114,(anonymous_10)
FN:122,(anonymous_11)
FN:137,(anonymous_12)
FN:144,(anonymous_13)
FN:145,(anonymous_14)
FN:151,(anonymous_15)
FN:153,(anonymous_16)
FN:165,(anonymous_17)
FN:166,(anonymous_18)
FN:178,(anonymous_19)
FN:179,(anonymous_20)
FN:180,(anonymous_21)
FN:190,(anonymous_22)
FN:191,(anonymous_23)
FN:193,(anonymous_24)
FN:199,(anonymous_25)
FN:201,(anonymous_26)
FN:209,(anonymous_27)
FN:210,(anonymous_28)
FN:212,(anonymous_29)
FN:216,(anonymous_30)
FN:228,(anonymous_31)
FN:238,(anonymous_32)
FN:267,(anonymous_33)
FN:278,(anonymous_34)
FN:286,(anonymous_35)
FN:292,(anonymous_36)
FN:314,(anonymous_37)
FN:322,(anonymous_38)
FN:324,(anonymous_39)
FN:333,(anonymous_40)
FN:340,(anonymous_41)
FN:362,(anonymous_42)
FN:367,(anonymous_43)
FN:375,(anonymous_44)
FN:389,(anonymous_45)
FN:393,(anonymous_46)
FN:393,(anonymous_47)
FN:394,(anonymous_48)
FN:404,(anonymous_49)
FN:411,(anonymous_50)
FN:427,(anonymous_51)
FN:432,(anonymous_52)
FN:444,(anonymous_53)
FN:469,(anonymous_54)
FNF:55
FNH:0
FNDA:0,(anonymous_0)
FNDA:0,(anonymous_1)
FNDA:0,(anonymous_2)
FNDA:0,(anonymous_3)
FNDA:0,(anonymous_4)
FNDA:0,(anonymous_5)
FNDA:0,(anonymous_6)
FNDA:0,(anonymous_7)
FNDA:0,(anonymous_8)
FNDA:0,(anonymous_9)
FNDA:0,(anonymous_10)
FNDA:0,(anonymous_11)
FNDA:0,(anonymous_12)
FNDA:0,(anonymous_13)
FNDA:0,(anonymous_14)
FNDA:0,(anonymous_15)
FNDA:0,(anonymous_16)
FNDA:0,(anonymous_17)
FNDA:0,(anonymous_18)
FNDA:0,(anonymous_19)
FNDA:0,(anonymous_20)
FNDA:0,(anonymous_21)
FNDA:0,(anonymous_22)
FNDA:0,(anonymous_23)
FNDA:0,(anonymous_24)
FNDA:0,(anonymous_25)
FNDA:0,(anonymous_26)
FNDA:0,(anonymous_27)
FNDA:0,(anonymous_28)
FNDA:0,(anonymous_29)
FNDA:0,(anonymous_30)
FNDA:0,(anonymous_31)
FNDA:0,(anonymous_32)
FNDA:0,(anonymous_33)
FNDA:0,(anonymous_34)
FNDA:0,(anonymous_35)
FNDA:0,(anonymous_36)
FNDA:0,(anonymous_37)
FNDA:0,(anonymous_38)
FNDA:0,(anonymous_39)
FNDA:0,(anonymous_40)
FNDA:0,(anonymous_41)
FNDA:0,(anonymous_42)
FNDA:0,(anonymous_43)
FNDA:0,(anonymous_44)
FNDA:0,(anonymous_45)
FNDA:0,(anonymous_46)
FNDA:0,(anonymous_47)
FNDA:0,(anonymous_48)
FNDA:0,(anonymous_49)
FNDA:0,(anonymous_50)
FNDA:0,(anonymous_51)
FNDA:0,(anonymous_52)
FNDA:0,(anonymous_53)
FNDA:0,(anonymous_54)
DA:17,0
DA:18,0
DA:19,0
DA:21,0
DA:22,0
DA:24,0
DA:25,0
DA:26,0
DA:27,0
DA:30,0
DA:34,0
DA:41,0
DA:48,0
DA:49,0
DA:50,0
DA:53,0
DA:54,0
DA:55,0
DA:56,0
DA:59,0
DA:60,0
DA:64,0
DA:65,0
DA:79,0
DA:80,0
DA:83,0
DA:86,0
DA:89,0
DA:90,0
DA:91,0
DA:96,0
DA:105,0
DA:106,0
DA:109,0
DA:114,0
DA:115,0
DA:116,0
DA:117,0
DA:120,0
DA:123,0
DA:124,0
DA:126,0
DA:131,0
DA:138,0
DA:139,0
DA:144,0
DA:145,0
DA:151,0
DA:153,0
DA:165,0
DA:166,0
DA:178,0
DA:179,0
DA:180,0
DA:184,0
DA:185,0
DA:186,0
DA:190,0
DA:191,0
DA:193,0
DA:197,0
DA:199,0
DA:200,0
DA:201,0
DA:205,0
DA:209,0
DA:210,0
DA:212,0
DA:216,0
DA:217,0
DA:218,0
DA:220,0
DA:223,0
DA:228,0
DA:238,0
DA:239,0
DA:247,0
DA:249,0
DA:250,0
DA:257,0
DA:264,0
DA:265,0
DA:266,0
DA:267,0
DA:268,0
DA:269,0
DA:271,0
DA:273,0
DA:278,0
DA:279,0
DA:286,0
DA:292,0
DA:301,0
DA:314,0
DA:322,0
DA:325,0
DA:333,0
DA:340,0
DA:363,0
DA:367,0
DA:375,0
DA:389,0
DA:393,0
DA:395,0
DA:404,0
DA:411,0
DA:428,0
DA:432,0
DA:444,0
DA:469,0
LF:110
LH:0
BRDA:18,0,0,0
BRDA:18,0,1,0
BRDA:18,1,0,0
BRDA:18,1,1,0
BRDA:21,2,0,0
BRDA:21,2,1,0
BRDA:26,3,0,0
BRDA:26,3,1,0
BRDA:48,4,0,0
BRDA:90,5,0,0
BRDA:90,5,1,0
BRDA:90,6,0,0
BRDA:90,6,1,0
BRDA:92,7,0,0
BRDA:92,7,1,0
BRDA:93,8,0,0
BRDA:93,8,1,0
BRDA:94,9,0,0
BRDA:94,9,1,0
BRDA:94,10,0,0
BRDA:94,10,1,0
BRDA:95,11,0,0
BRDA:95,11,1,0
BRDA:96,12,0,0
BRDA:96,12,1,0
BRDA:97,13,0,0
BRDA:97,13,1,0
BRDA:98,14,0,0
BRDA:98,14,1,0
BRDA:99,15,0,0
BRDA:99,15,1,0
BRDA:100,16,0,0
BRDA:100,16,1,0
BRDA:101,17,0,0
BRDA:101,17,1,0
BRDA:106,18,0,0
BRDA:106,18,1,0
BRDA:123,19,0,0
BRDA:123,19,1,0
BRDA:138,20,0,0
BRDA:138,20,1,0
BRDA:147,21,0,0
BRDA:147,21,1,0
BRDA:147,22,0,0
BRDA:147,22,1,0
BRDA:147,23,0,0
BRDA:147,23,1,0
BRDA:159,24,0,0
BRDA:159,24,1,0
BRDA:159,25,0,0
BRDA:159,25,1,0
BRDA:172,26,0,0
BRDA:172,26,1,0
BRDA:172,27,0,0
BRDA:172,27,1,0
BRDA:179,28,0,0
BRDA:179,28,1,0
BRDA:179,29,0,0
BRDA:179,29,1,0
BRDA:200,30,0,0
BRDA:200,30,1,0
BRDA:226,31,0,0
BRDA:226,31,1,0
BRDA:226,32,0,0
BRDA:226,32,1,0
BRDA:226,32,2,0
BRDA:227,33,0,0
BRDA:227,33,1,0
BRDA:227,34,0,0
BRDA:227,34,1,0
BRDA:227,34,2,0
BRDA:241,35,0,0
BRDA:241,35,1,0
BRDA:249,36,0,0
BRDA:249,36,1,0
BRDA:266,37,0,0
BRDA:266,37,1,0
BRDA:266,38,0,0
BRDA:266,38,1,0
BRDA:268,39,0,0
BRDA:268,39,1,0
BRDA:273,40,0,0
BRDA:273,40,1,0
BRDA:285,41,0,0
BRDA:285,41,1,0
BRDA:304,42,0,0
BRDA:304,42,1,0
BRDA:360,43,0,0
BRDA:360,43,1,0
BRDA:381,44,0,0
BRDA:381,44,1,0
BRDA:425,45,0,0
BRDA:425,45,1,0
BRDA:464,46,0,0
BRDA:464,46,1,0
BRF:95
BRH:0
end_of_record
TN:
SF:src/components/forms/ConditionForm.js
FN:32,(anonymous_0)
FN:37,(anonymous_1)
FN:40,(anonymous_2)
FN:48,(anonymous_3)
FN:62,(anonymous_4)
FN:72,(anonymous_5)
FN:83,(anonymous_6)
FN:90,(anonymous_7)
FN:97,(anonymous_8)
FN:102,(anonymous_9)
FN:110,(anonymous_10)
FN:112,(anonymous_11)
FN:118,(anonymous_12)
FN:149,(anonymous_13)
FN:159,(anonymous_14)
FN:199,(anonymous_15)
FN:216,(anonymous_16)
FN:235,(anonymous_17)
FNF:18
FNH:0
FNDA:0,(anonymous_0)
FNDA:0,(anonymous_1)
FNDA:0,(anonymous_2)
FNDA:0,(anonymous_3)
FNDA:0,(anonymous_4)
FNDA:0,(anonymous_5)
FNDA:0,(anonymous_6)
FNDA:0,(anonymous_7)
FNDA:0,(anonymous_8)
FNDA:0,(anonymous_9)
FNDA:0,(anonymous_10)
FNDA:0,(anonymous_11)
FNDA:0,(anonymous_12)
FNDA:0,(anonymous_13)
FNDA:0,(anonymous_14)
FNDA:0,(anonymous_15)
FNDA:0,(anonymous_16)
FNDA:0,(anonymous_17)
DA:13,0
DA:14,0
DA:15,0
DA:24,0
DA:32,0
DA:33,0
DA:34,0
DA:36,0
DA:37,0
DA:39,0
DA:40,0
DA:41,0
DA:42,0
DA:45,0
DA:48,0
DA:49,0
DA:56,0
DA:57,0
DA:59,0
DA:62,0
DA:63,0
DA:67,0
DA:68,0
DA:69,0
DA:71,0
DA:73,0
DA:74,0
DA:75,0
DA:80,0
DA:84,0
DA:85,0
DA:87,0
DA:91,0
DA:92,0
DA:96,0
DA:98,0
DA:99,0
DA:103,0
DA:104,0
DA:108,0
DA:110,0
DA:111,0
DA:112,0
DA:118,0
DA:119,0
DA:120,0
DA:122,0
DA:123,0
DA:124,0
DA:128,0
DA:129,0
DA:131,0
DA:132,0
DA:139,0
DA:144,0
DA:145,0
DA:149,0
DA:150,0
DA:151,0
DA:153,0
DA:157,0
DA:159,0
DA:200,0
DA:217,0
DA:236,0
LF:65
LH:0
BRDA:33,0,0,0
BRDA:33,0,1,0
BRDA:33,1,0,0
BRDA:33,1,1,0
BRDA:36,2,0,0
BRDA:36,2,1,0
BRDA:41,3,0,0
BRDA:41,3,1,0
BRDA:51,4,0,0
BRDA:51,4,1,0
BRDA:56,5,0,0
BRDA:56,5,1,0
BRDA:62,6,0,0
BRDA:63,7,0,0
BRDA:63,7,1,0
BRDA:63,8,0,0
BRDA:63,8,1,0
BRDA:74,9,0,0
BRDA:74,9,1,0
BRDA:84,10,0,0
BRDA:84,10,1,0
BRDA:98,11,0,0
BRDA:98,11,1,0
BRDA:108,12,0,0
BRDA:108,12,1,0
BRDA:122,13,0,0
BRDA:122,13,1,0
BRDA:131,14,0,0
BRDA:131,14,1,0
BRDA:145,15,0,0
BRDA:145,15,1,0
BRDA:150,16,0,0
BRDA:150,16,1,0
BRDA:159,17,0,0
BRDA:159,17,1,0
BRDA:162,18,0,0
BRDA:162,18,1,0
BRDA:248,19,0,0
BRDA:248,19,1,0
BRDA:258,20,0,0
BRDA:258,20,1,0
BRDA:258,21,0,0
BRDA:258,21,1,0
BRF:43
BRH:0
end_of_record
TN:
SF:src/components/forms/ObjectForm.js
FN:19,(anonymous_0)
FN:24,(anonymous_1)
FN:27,(anonymous_2)
FN:41,(anonymous_3)
FN:50,(anonymous_4)
FN:59,(anonymous_5)
FN:68,(anonymous_6)
FN:78,(anonymous_7)
FN:84,(anonymous_8)
FN:95,(anonymous_9)
FN:108,(anonymous_10)
FN:116,(anonymous_11)
FN:121,(anonymous_12)
FN:148,(anonymous_13)
FN:150,(anonymous_14)
FN:158,(anonymous_15)
FN:159,(anonymous_16)
FN:161,(anonymous_17)
FN:165,(anonymous_18)
FN:192,(anonymous_19)
FN:193,(anonymous_20)
FN:195,(anonymous_21)
FN:197,(anonymous_22)
FN:206,(anonymous_23)
FN:207,(anonymous_24)
FN:209,(anonymous_25)
FN:213,(anonymous_26)
FN:225,(anonymous_27)
FN:233,(anonymous_28)
FN:241,(anonymous_29)
FN:264,(anonymous_30)
FN:282,(anonymous_31)
FN:287,(anonymous_32)
FN:301,(anonymous_33)
FN:314,(anonymous_34)
FN:315,(anonymous_35)
FN:321,(anonymous_36)
FN:332,(anonymous_37)
FN:344,(anonymous_38)
FN:348,(anonymous_39)
FN:356,(anonymous_40)
FN:370,(anonymous_41)
FNF:42
FNH:0
FNDA:0,(anonymous_0)
FNDA:0,(anonymous_1)
FNDA:0,(anonymous_2)
FNDA:0,(anonymous_3)
FNDA:0,(anonymous_4)
FNDA:0,(anonymous_5)
FNDA:0,(anonymous_6)
FNDA:0,(anonymous_7)
FNDA:0,(anonymous_8)
FNDA:0,(anonymous_9)
FNDA:0,(anonymous_10)
FNDA:0,(anonymous_11)
FNDA:0,(anonymous_12)
FNDA:0,(anonymous_13)
FNDA:0,(anonymous_14)
FNDA:0,(anonymous_15)
FNDA:0,(anonymous_16)
FNDA:0,(anonymous_17)
FNDA:0,(anonymous_18)
FNDA:0,(anonymous_19)
FNDA:0,(anonymous_20)
FNDA:0,(anonymous_21)
FNDA:0,(anonymous_22)
FNDA:0,(anonymous_23)
FNDA:0,(anonymous_24)
FNDA:0,(anonymous_25)
FNDA:0,(anonymous_26)
FNDA:0,(anonymous_27)
FNDA:0,(anonymous_28)
FNDA:0,(anonymous_29)
FNDA:0,(anonymous_30)
FNDA:0,(anonymous_31)
FNDA:0,(anonymous_32)
FNDA:0,(anonymous_33)
FNDA:0,(anonymous_34)
FNDA:0,(anonymous_35)
FNDA:0,(anonymous_36)
FNDA:0,(anonymous_37)
FNDA:0,(anonymous_38)
FNDA:0,(anonymous_39)
FNDA:0,(anonymous_40)
FNDA:0,(anonymous_41)
DA:15,0
DA:19,0
DA:20,0
DA:21,0
DA:23,0
DA:24,0
DA:26,0
DA:27,0
DA:28,0
DA:29,0
DA:32,0
DA:35,0
DA:41,0
DA:42,0
DA:50,0
DA:51,0
DA:54,0
DA:57,0
DA:59,0
DA:60,0
DA:68,0
DA:69,0
DA:75,0
DA:78,0
DA:79,0
DA:80,0
DA:81,0
DA:82,0
DA:84,0
DA:85,0
DA:86,0
DA:87,0
DA:95,0
DA:96,0
DA:99,0
DA:101,0
DA:104,0
DA:105,0
DA:106,0
DA:108,0
DA:109,0
DA:112,0
DA:113,0
DA:114,0
DA:116,0
DA:117,0
DA:118,0
DA:119,0
DA:121,0
DA:122,0
DA:124,0
DA:131,0
DA:132,0
DA:140,0
DA:148,0
DA:149,0
DA:150,0
DA:154,0
DA:158,0
DA:159,0
DA:161,0
DA:165,0
DA:166,0
DA:167,0
DA:168,0
DA:169,0
DA:172,0
DA:173,0
DA:176,0
DA:177,0
DA:179,0
DA:182,0
DA:183,0
DA:186,0
DA:187,0
DA:191,0
DA:192,0
DA:193,0
DA:195,0
DA:196,0
DA:197,0
DA:202,0
DA:203,0
DA:206,0
DA:207,0
DA:209,0
DA:213,0
DA:214,0
DA:215,0
DA:217,0
DA:221,0
DA:222,0
DA:225,0
DA:226,0
DA:233,0
DA:241,0
DA:252,0
DA:264,0
DA:283,0
DA:287,0
DA:301,0
DA:315,0
DA:316,0
DA:321,0
DA:332,0
DA:344,0
DA:349,0
DA:356,0
DA:370,0
LF:109
LH:0
BRDA:20,0,0,0
BRDA:20,0,1,0
BRDA:20,1,0,0
BRDA:20,1,1,0
BRDA:23,2,0,0
BRDA:23,2,1,0
BRDA:28,3,0,0
BRDA:28,3,1,0
BRDA:62,4,0,0
BRDA:62,4,1,0
BRDA:63,5,0,0
BRDA:63,5,1,0
BRDA:64,6,0,0
BRDA:64,6,1,0
BRDA:70,7,0,0
BRDA:70,7,1,0
BRDA:71,8,0,0
BRDA:71,8,1,0
BRDA:78,9,0,0
BRDA:85,10,0,0
BRDA:85,10,1,0
BRDA:85,11,0,0
BRDA:85,11,1,0
BRDA:88,12,0,0
BRDA:88,12,1,0
BRDA:89,13,0,0
BRDA:89,13,1,0
BRDA:90,14,0,0
BRDA:90,14,1,0
BRDA:91,15,0,0
BRDA:91,15,1,0
BRDA:96,16,0,0
BRDA:96,16,1,0
BRDA:114,17,0,0
BRDA:114,17,1,0
BRDA:114,17,2,0
BRDA:119,18,0,0
BRDA:119,18,1,0
BRDA:122,19,0,0
BRDA:122,19,1,0
BRDA:131,20,0,0
BRDA:131,20,1,0
BRDA:149,21,0,0
BRDA:149,21,1,0
BRDA:172,22,0,0
BRDA:172,22,1,0
BRDA:176,23,0,0
BRDA:176,23,1,0
BRDA:177,24,0,0
BRDA:177,24,1,0
BRDA:182,25,0,0
BRDA:182,25,1,0
BRDA:183,26,0,0
BRDA:183,26,1,0
BRDA:187,27,0,0
BRDA:187,27,1,0
BRDA:191,28,0,0
BRDA:191,28,1,0
BRDA:192,29,0,0
BRDA:192,29,1,0
BRDA:192,29,2,0
BRDA:196,30,0,0
BRDA:196,30,1,0
BRDA:196,31,0,0
BRDA:196,31,1,0
BRDA:214,32,0,0
BRDA:214,32,1,0
BRDA:217,33,0,0
BRDA:217,33,1,0
BRDA:217,34,0,0
BRDA:217,34,1,0
BRDA:221,35,0,0
BRDA:221,35,1,0
BRDA:222,36,0,0
BRDA:222,36,1,0
BRDA:232,37,0,0
BRDA:232,37,1,0
BRDA:254,38,0,0
BRDA:254,38,1,0
BRDA:280,39,0,0
BRDA:280,39,1,0
BRDA:312,40,0,0
BRDA:312,40,1,0
BRDA:318,41,0,0
BRDA:318,41,1,0
BRDA:335,42,0,0
BRDA:335,42,1,0
BRDA:366,43,0,0
BRDA:366,43,1,0
BRDA:366,44,0,0
BRDA:366,44,1,0
BRDA:366,45,0,0
BRDA:366,45,1,0
BRF:93
BRH:0
end_of_record
TN:
SF:src/components/nav/NavBar.js
FN:14,(anonymous_0)
FN:39,(anonymous_1)
FN:42,(anonymous_2)
FN:49,(anonymous_3)
FN:51,(anonymous_4)
FN:54,(anonymous_5)
FN:61,(anonymous_6)
FN:63,(anonymous_7)
FN:66,(anonymous_8)
FN:73,(anonymous_9)
FN:75,(anonymous_10)
FN:78,(anonymous_11)
FN:85,(anonymous_12)
FN:87,(anonymous_13)
FN:90,(anonymous_14)
FN:98,(anonymous_15)
FN:116,(anonymous_16)
FN:118,(anonymous_17)
FN:125,(anonymous_18)
FN:134,(anonymous_19)
FN:142,(anonymous_20)
FN:143,(anonymous_21)
FN:153,(anonymous_22)
FN:159,(anonymous_23)
FN:160,(anonymous_24)
FN:167,(anonymous_25)
FN:175,(anonymous_26)
FN:177,(anonymous_27)
FN:186,(anonymous_28)
FN:194,(anonymous_29)
FN:195,(anonymous_30)
FN:205,(anonymous_31)
FN:211,(anonymous_32)
FN:212,(anonymous_33)
FN:219,(anonymous_34)
FN:227,(anonymous_35)
FN:229,(anonymous_36)
FN:238,(anonymous_37)
FN:246,(anonymous_38)
FN:247,(anonymous_39)
FN:257,(anonymous_40)
FN:263,(anonymous_41)
FN:264,(anonymous_42)
FN:271,(anonymous_43)
FN:273,(anonymous_44)
FN:280,(anonymous_45)
FN:289,(anonymous_46)
FN:297,(anonymous_47)
FN:298,(anonymous_48)
FN:308,(anonymous_49)
FN:311,(anonymous_50)
FN:311,(anonymous_51)
FN:315,(anonymous_52)
FN:319,(anonymous_53)
FN:323,(anonymous_54)
FN:358,(anonymous_55)
FN:364,(anonymous_56)
FN:370,(anonymous_57)
FN:376,(anonymous_58)
FN:382,(anonymous_59)
FN:398,(anonymous_60)
FN:403,(anonymous_61)
FN:417,(anonymous_62)
FN:422,(anonymous_63)
FN:436,(anonymous_64)
FN:441,(anonymous_65)
FN:455,(anonymous_66)
FN:460,(anonymous_67)
FN:474,(anonymous_68)
FN:479,(anonymous_69)
FNF:70
FNH:0
FNDA:0,(anonymous_0)
FNDA:0,(anonymous_1)
FNDA:0,(anonymous_2)
FNDA:0,(anonymous_3)
FNDA:0,(anonymous_4)
FNDA:0,(anonymous_5)
FNDA:0,(anonymous_6)
FNDA:0,(anonymous_7)
FNDA:0,(anonymous_8)
FNDA:0,(anonymous_9)
FNDA:0,(anonymous_10)
FNDA:0,(anonymous_11)
FNDA:0,(anonymous_12)
FNDA:0,(anonymous_13)
FNDA:0,(anonymous_14)
FNDA:0,(anonymous_15)
FNDA:0,(anonymous_16)
FNDA:0,(anonymous_17)
FNDA:0,(anonymous_18)
FNDA:0,(anonymous_19)
FNDA:0,(anonymous_20)
FNDA:0,(anonymous_21)
FNDA:0,(anonymous_22)
FNDA:0,(anonymous_23)
FNDA:0,(anonymous_24)
FNDA:0,(anonymous_25)
FNDA:0,(anonymous_26)
FNDA:0,(anonymous_27)
FNDA:0,(anonymous_28)
FNDA:0,(anonymous_29)
FNDA:0,(anonymous_30)
FNDA:0,(anonymous_31)
FNDA:0,(anonymous_32)
FNDA:0,(anonymous_33)
FNDA:0,(anonymous_34)
FNDA:0,(anonymous_35)
FNDA:0,(anonymous_36)
FNDA:0,(anonymous_37)
FNDA:0,(anonymous_38)
FNDA:0,(anonymous_39)
FNDA:0,(anonymous_40)
FNDA:0,(anonymous_41)
FNDA:0,(anonymous_42)
FNDA:0,(anonymous_43)
FNDA:0,(anonymous_44)
FNDA:0,(anonymous_45)
FNDA:0,(anonymous_46)
FNDA:0,(anonymous_47)
FNDA:0,(anonymous_48)
FNDA:0,(anonymous_49)
FNDA:0,(anonymous_50)
FNDA:0,(anonymous_51)
FNDA:0,(anonymous_52)
FNDA:0,(anonymous_53)
FNDA:0,(anonymous_54)
FNDA:0,(anonymous_55)
FNDA:0,(anonymous_56)
FNDA:0,(anonymous_57)
FNDA:0,(anonymous_58)
FNDA:0,(anonymous_59)
FNDA:0,(anonymous_60)
FNDA:0,(anonymous_61)
FNDA:0,(anonymous_62)
FNDA:0,(anonymous_63)
FNDA:0,(anonymous_64)
FNDA:0,(anonymous_65)
FNDA:0,(anonymous_66)
FNDA:0,(anonymous_67)
FNDA:0,(anonymous_68)
FNDA:0,(anonymous_69)
DA:14,0
DA:15,0
DA:16,0
DA:17,0
DA:18,0
DA:21,0
DA:22,0
DA:23,0
DA:24,0
DA:25,0
DA:28,0
DA:37,0
DA:40,0
DA:41,0
DA:42,0
DA:49,0
DA:50,0
DA:51,0
DA:53,0
DA:54,0
DA:56,0
DA:61,0
DA:62,0
DA:63,0
DA:65,0
DA:66,0
DA:68,0
DA:73,0
DA:74,0
DA:75,0
DA:77,0
DA:78,0
DA:80,0
DA:85,0
DA:86,0
DA:87,0
DA:89,0
DA:90,0
DA:92,0
DA:98,0
DA:99,0
DA:100,0
DA:101,0
DA:102,0
DA:103,0
DA:104,0
DA:105,0
DA:106,0
DA:107,0
DA:108,0
DA:110,0
DA:115,0
DA:117,0
DA:118,0
DA:120,0
DA:121,0
DA:125,0
DA:126,0
DA:128,0
DA:133,0
DA:135,0
DA:138,0
DA:139,0
DA:142,0
DA:143,0
DA:144,0
DA:152,0
DA:154,0
DA:157,0
DA:159,0
DA:160,0
DA:166,0
DA:168,0
DA:171,0
DA:172,0
DA:175,0
DA:177,0
DA:178,0
DA:180,0
DA:185,0
DA:187,0
DA:190,0
DA:191,0
DA:194,0
DA:195,0
DA:196,0
DA:204,0
DA:206,0
DA:209,0
DA:211,0
DA:212,0
DA:218,0
DA:220,0
DA:223,0
DA:224,0
DA:227,0
DA:229,0
DA:230,0
DA:232,0
DA:237,0
DA:239,0
DA:242,0
DA:243,0
DA:246,0
DA:247,0
DA:248,0
DA:256,0
DA:258,0
DA:261,0
DA:263,0
DA:264,0
DA:270,0
DA:272,0
DA:273,0
DA:275,0
DA:276,0
DA:280,0
DA:281,0
DA:283,0
DA:288,0
DA:290,0
DA:293,0
DA:294,0
DA:297,0
DA:298,0
DA:299,0
DA:307,0
DA:309,0
DA:310,0
DA:311,0
DA:315,0
DA:316,0
DA:319,0
DA:320,0
DA:323,0
DA:324,0
DA:325,0
DA:327,0
DA:328,0
DA:330,0
DA:331,0
DA:333,0
DA:334,0
DA:336,0
DA:337,0
DA:339,0
DA:340,0
DA:342,0
DA:346,0
DA:358,0
DA:364,0
DA:370,0
DA:376,0
DA:382,0
DA:399,0
DA:403,0
DA:418,0
DA:422,0
DA:437,0
DA:441,0
DA:456,0
DA:460,0
DA:475,0
DA:479,0
LF:164
LH:0
BRDA:14,0,0,0
BRDA:14,1,0,0
BRDA:14,2,0,0
BRDA:14,3,0,0
BRDA:40,4,0,0
BRDA:40,4,1,0
BRDA:40,5,0,0
BRDA:40,5,1,0
BRDA:50,6,0,0
BRDA:50,6,1,0
BRDA:50,7,0,0
BRDA:50,7,1,0
BRDA:62,8,0,0
BRDA:62,8,1,0
BRDA:62,9,0,0
BRDA:62,9,1,0
BRDA:74,10,0,0
BRDA:74,10,1,0
BRDA:74,11,0,0
BRDA:74,11,1,0
BRDA:86,12,0,0
BRDA:86,12,1,0
BRDA:86,13,0,0
BRDA:86,13,1,0
BRDA:99,14,0,0
BRDA:99,14,1,0
BRDA:101,15,0,0
BRDA:101,15,1,0
BRDA:103,16,0,0
BRDA:103,16,1,0
BRDA:105,17,0,0
BRDA:105,17,1,0
BRDA:107,18,0,0
BRDA:107,18,1,0
BRDA:120,19,0,0
BRDA:120,19,1,0
BRDA:125,20,0,0
BRDA:125,20,1,0
BRDA:138,21,0,0
BRDA:138,21,1,0
BRDA:144,22,0,0
BRDA:144,22,1,0
BRDA:171,23,0,0
BRDA:171,23,1,0
BRDA:177,24,0,0
BRDA:177,24,1,0
BRDA:190,25,0,0
BRDA:190,25,1,0
BRDA:196,26,0,0
BRDA:196,26,1,0
BRDA:223,27,0,0
BRDA:223,27,1,0
BRDA:229,28,0,0
BRDA:229,28,1,0
BRDA:242,29,0,0
BRDA:242,29,1,0
BRDA:248,30,0,0
BRDA:248,30,1,0
BRDA:275,31,0,0
BRDA:275,31,1,0
BRDA:280,32,0,0
BRDA:280,32,1,0
BRDA:293,33,0,0
BRDA:293,33,1,0
BRDA:299,34,0,0
BRDA:299,34,1,0
BRDA:325,35,0,0
BRDA:325,35,1,0
BRDA:325,35,2,0
BRDA:325,35,3,0
BRDA:325,35,4,0
BRDA:325,35,5,0
BRDA:350,36,0,0
BRDA:350,36,1,0
BRDA:355,37,0,0
BRDA:355,37,1,0
BRDA:357,38,0,0
BRDA:357,38,1,0
BRDA:363,39,0,0
BRDA:363,39,1,0
BRDA:369,40,0,0
BRDA:369,40,1,0
BRDA:375,41,0,0
BRDA:375,41,1,0
BRDA:381,42,0,0
BRDA:381,42,1,0
BRDA:389,43,0,0
BRDA:389,43,1,0
BRDA:396,44,0,0
BRDA:396,44,1,0
BRDA:398,45,0,0
BRDA:398,45,1,0
BRDA:403,46,0,0
BRDA:403,46,1,0
BRDA:406,47,0,0
BRDA:406,47,1,0
BRDA:415,48,0,0
BRDA:415,48,1,0
BRDA:417,49,0,0
BRDA:417,49,1,0
BRDA:422,50,0,0
BRDA:422,50,1,0
BRDA:425,51,0,0
BRDA:425,51,1,0
BRDA:434,52,0,0
BRDA:434,52,1,0
BRDA:436,53,0,0
BRDA:436,53,1,0
BRDA:441,54,0,0
BRDA:441,54,1,0
BRDA:444,55,0,0
BRDA:444,55,1,0
BRDA:453,56,0,0
BRDA:453,56,1,0
BRDA:455,57,0,0
BRDA:455,57,1,0
BRDA:460,58,0,0
BRDA:460,58,1,0
BRDA:463,59,0,0
BRDA:463,59,1,0
BRDA:472,60,0,0
BRDA:472,60,1,0
BRDA:474,61,0,0
BRDA:474,61,1,0
BRDA:479,62,0,0
BRDA:479,62,1,0
BRDA:494,63,0,0
BRDA:494,63,1,0
BRF:128
BRH:0
end_of_record
TN:
SF:src/components/objects/ObjectAttributesBackend.js
FN:7,(anonymous_0)
FN:23,(anonymous_1)
FN:46,(anonymous_2)
FN:52,(anonymous_3)
FN:64,(anonymous_4)
FN:78,(anonymous_5)
FN:106,(anonymous_6)
FN:125,(anonymous_7)
FNF:8
FNH:0
FNDA:0,(anonymous_0)
FNDA:0,(anonymous_1)
FNDA:0,(anonymous_2)
FNDA:0,(anonymous_3)
FNDA:0,(anonymous_4)
FNDA:0,(anonymous_5)
FNDA:0,(anonymous_6)
FNDA:0,(anonymous_7)
DA:7,0
DA:9,0
DA:10,0
DA:11,0
DA:12,0
DA:15,0
DA:24,0
DA:25,0
DA:26,0
DA:32,0
DA:34,0
DA:46,0
DA:49,0
DA:52,0
DA:53,0
DA:54,0
DA:55,0
DA:59,0
DA:60,0
DA:64,0
DA:65,0
DA:66,0
DA:67,0
DA:68,0
DA:70,0
DA:73,0
DA:79,0
DA:80,0
DA:81,0
DA:82,0
DA:84,0
DA:106,0
DA:126,0
DA:127,0
LF:34
LH:0
BRDA:22,0,0,0
BRDA:22,0,1,0
BRDA:24,1,0,0
BRDA:24,1,1,0
BRDA:32,2,0,0
BRDA:32,2,1,0
BRDA:49,3,0,0
BRDA:49,3,1,0
BRDA:53,4,0,0
BRDA:53,4,1,0
BRDA:53,5,0,0
BRDA:53,5,1,0
BRDA:53,5,2,0
BRDA:59,6,0,0
BRDA:59,6,1,0
BRDA:65,7,0,0
BRDA:65,7,1,0
BRDA:67,8,0,0
BRDA:67,8,1,0
BRDA:81,9,0,0
BRDA:81,9,1,0
BRDA:82,10,0,0
BRDA:82,10,1,0
BRDA:82,10,2,0
BRDA:91,11,0,0
BRDA:91,11,1,0
BRDA:94,12,0,0
BRDA:94,12,1,0
BRDA:96,13,0,0
BRDA:96,13,1,0
BRDA:103,14,0,0
BRDA:103,14,1,0
BRDA:121,15,0,0
BRDA:121,15,1,0
BRF:34
BRH:0
end_of_record
TN:
SF:src/components/objects/ObjectList.js
FN:7,(anonymous_0)
FN:14,(anonymous_1)
FN:39,(anonymous_2)
FN:46,(anonymous_3)
FN:50,(anonymous_4)
FN:59,(anonymous_5)
FNF:6
FNH:0
FNDA:0,(anonymous_0)
FNDA:0,(anonymous_1)
FNDA:0,(anonymous_2)
FNDA:0,(anonymous_3)
FNDA:0,(anonymous_4)
FNDA:0,(anonymous_5)
DA:7,0
DA:8,0
DA:10,0
DA:14,0
DA:15,0
DA:18,0
DA:21,0
DA:22,0
DA:23,0
DA:26,0
DA:29,0
DA:39,0
DA:47,0
DA:50,0
DA:59,0
LF:15
LH:0
BRDA:18,0,0,0
BRDA:18,0,1,0
BRDA:21,1,0,0
BRDA:21,1,1,0
BRDA:26,2,0,0
BRDA:26,2,1,0
BRDA:34,3,0,0
BRDA:34,3,1,0
BRDA:53,4,0,0
BRDA:53,4,1,0
BRF:10
BRH:0
end_of_record
TN:
SF:src/components/objects/ObjectView.js
FN:18,(anonymous_0)
FN:38,(anonymous_1)
FN:57,(anonymous_2)
FN:68,(anonymous_3)
FN:72,(anonymous_4)
FN:82,(anonymous_5)
FN:92,(anonymous_6)
FN:98,(anonymous_7)
FN:114,(anonymous_8)
FN:126,(anonymous_9)
FN:127,(anonymous_10)
FN:141,(anonymous_11)
FN:145,(anonymous_12)
FN:150,(anonymous_13)
FN:155,(anonymous_14)
FN:168,(anonymous_15)
FN:169,(anonymous_16)
FN:173,(anonymous_17)
FN:179,(anonymous_18)
FN:180,(anonymous_19)
FN:213,(anonymous_20)
FN:260,(anonymous_21)
FN:268,(anonymous_22)
FN:278,(anonymous_23)
FN:325,(anonymous_24)
FN:336,(anonymous_25)
FN:363,(anonymous_26)
FN:369,(anonymous_27)
FNF:28
FNH:0
FNDA:0,(anonymous_0)
FNDA:0,(anonymous_1)
FNDA:0,(anonymous_2)
FNDA:0,(anonymous_3)
FNDA:0,(anonymous_4)
FNDA:0,(anonymous_5)
FNDA:0,(anonymous_6)
FNDA:0,(anonymous_7)
FNDA:0,(anonymous_8)
FNDA:0,(anonymous_9)
FNDA:0,(anonymous_10)
FNDA:0,(anonymous_11)
FNDA:0,(anonymous_12)
FNDA:0,(anonymous_13)
FNDA:0,(anonymous_14)
FNDA:0,(anonymous_15)
FNDA:0,(anonymous_16)
FNDA:0,(anonymous_17)
FNDA:0,(anonymous_18)
FNDA:0,(anonymous_19)
FNDA:0,(anonymous_20)
FNDA:0,(anonymous_21)
FNDA:0,(anonymous_22)
FNDA:0,(anonymous_23)
FNDA:0,(anonymous_24)
FNDA:0,(anonymous_25)
FNDA:0,(anonymous_26)
FNDA:0,(anonymous_27)
DA:18,0
DA:19,0
DA:20,0
DA:21,0
DA:22,0
DA:23,0
DA:24,0
DA:25,0
DA:26,0
DA:27,0
DA:30,0
DA:31,0
DA:32,0
DA:33,0
DA:36,0
DA:39,0
DA:40,0
DA:45,0
DA:46,0
DA:49,0
DA:58,0
DA:59,0
DA:60,0
DA:67,0
DA:69,0
DA:70,0
DA:71,0
DA:72,0
DA:81,0
DA:83,0
DA:84,0
DA:85,0
DA:86,0
DA:92,0
DA:93,0
DA:94,0
DA:98,0
DA:99,0
DA:100,0
DA:101,0
DA:102,0
DA:103,0
DA:104,0
DA:106,0
DA:107,0
DA:110,0
DA:114,0
DA:115,0
DA:116,0
DA:117,0
DA:120,0
DA:122,0
DA:123,0
DA:124,0
DA:125,0
DA:126,0
DA:127,0
DA:128,0
DA:129,0
DA:130,0
DA:131,0
DA:132,0
DA:134,0
DA:136,0
DA:141,0
DA:142,0
DA:145,0
DA:146,0
DA:147,0
DA:150,0
DA:151,0
DA:155,0
DA:156,0
DA:157,0
DA:158,0
DA:161,0
DA:162,0
DA:168,0
DA:169,0
DA:172,0
DA:173,0
DA:175,0
DA:176,0
DA:177,0
DA:178,0
DA:179,0
DA:180,0
DA:181,0
DA:182,0
DA:183,0
DA:184,0
DA:185,0
DA:187,0
DA:189,0
DA:193,0
DA:194,0
DA:195,0
DA:197,0
DA:198,0
DA:208,0
DA:214,0
DA:215,0
DA:216,0
DA:262,0
DA:263,0
DA:264,0
DA:265,0
DA:268,0
DA:269,0
DA:270,0
DA:271,0
DA:272,0
DA:274,0
DA:278,0
DA:279,0
DA:280,0
DA:281,0
DA:285,0
DA:326,0
DA:337,0
DA:338,0
DA:340,0
DA:363,0
DA:370,0
DA:371,0
LF:125
LH:0
BRDA:39,0,0,0
BRDA:39,0,1,0
BRDA:39,1,0,0
BRDA:39,1,1,0
BRDA:56,2,0,0
BRDA:56,2,1,0
BRDA:58,3,0,0
BRDA:58,3,1,0
BRDA:70,4,0,0
BRDA:70,4,1,0
BRDA:70,5,0,0
BRDA:70,5,1,0
BRDA:84,6,0,0
BRDA:84,6,1,0
BRDA:84,7,0,0
BRDA:84,7,1,0
BRDA:93,8,0,0
BRDA:93,8,1,0
BRDA:93,9,0,0
BRDA:93,9,1,0
BRDA:101,10,0,0
BRDA:101,10,1,0
BRDA:104,11,0,0
BRDA:104,11,1,0
BRDA:115,12,0,0
BRDA:115,12,1,0
BRDA:124,13,0,0
BRDA:124,13,1,0
BRDA:125,14,0,0
BRDA:125,14,1,0
BRDA:125,15,0,0
BRDA:125,15,1,0
BRDA:127,16,0,0
BRDA:127,16,1,0
BRDA:127,16,2,0
BRDA:127,17,0,0
BRDA:127,17,1,0
BRDA:129,18,0,0
BRDA:129,18,1,0
BRDA:131,19,0,0
BRDA:131,19,1,0
BRDA:156,20,0,0
BRDA:156,20,1,0
BRDA:168,21,0,0
BRDA:168,21,1,0
BRDA:168,22,0,0
BRDA:168,22,1,0
BRDA:168,22,2,0
BRDA:168,22,3,0
BRDA:168,22,4,0
BRDA:169,23,0,0
BRDA:169,23,1,0
BRDA:177,24,0,0
BRDA:177,24,1,0
BRDA:178,25,0,0
BRDA:178,25,1,0
BRDA:178,26,0,0
BRDA:178,26,1,0
BRDA:180,27,0,0
BRDA:180,27,1,0
BRDA:180,27,2,0
BRDA:180,28,0,0
BRDA:180,28,1,0
BRDA:182,29,0,0
BRDA:182,29,1,0
BRDA:184,30,0,0
BRDA:184,30,1,0
BRDA:193,31,0,0
BRDA:193,31,1,0
BRDA:194,32,0,0
BRDA:194,32,1,0
BRDA:195,33,0,0
BRDA:195,33,1,0
BRDA:197,34,0,0
BRDA:197,34,1,0
BRDA:210,35,0,0
BRDA:210,35,1,0
BRDA:210,35,2,0
BRDA:234,36,0,0
BRDA:234,36,1,0
BRDA:237,37,0,0
BRDA:237,37,1,0
BRDA:240,38,0,0
BRDA:240,38,1,0
BRDA:240,39,0,0
BRDA:240,39,1,0
BRDA:253,40,0,0
BRDA:253,40,1,0
BRDA:262,41,0,0
BRDA:262,41,1,0
BRDA:264,42,0,0
BRDA:264,42,1,0
BRDA:269,43,0,0
BRDA:269,43,1,0
BRDA:271,44,0,0
BRDA:271,44,1,0
BRDA:279,45,0,0
BRDA:279,45,1,0
BRDA:292,46,0,0
BRDA:292,46,1,0
BRDA:295,47,0,0
BRDA:295,47,1,0
BRDA:297,48,0,0
BRDA:297,48,1,0
BRDA:304,49,0,0
BRDA:304,49,1,0
BRDA:321,50,0,0
BRDA:321,50,1,0
BRDA:321,50,2,0
BRDA:332,51,0,0
BRDA:332,51,1,0
BRDA:332,51,2,0
BRDA:346,52,0,0
BRDA:346,52,1,0
BRDA:347,53,0,0
BRDA:347,53,1,0
BRDA:347,54,0,0
BRDA:347,54,1,0
BRDA:355,55,0,0
BRDA:355,55,1,0
BRDA:355,55,2,0
BRDA:355,55,3,0
BRDA:355,55,4,0
BRDA:365,56,0,0
BRDA:365,56,1,0
BRF:125
BRH:0
end_of_record
TN:
SF:src/context/SelectedCharacterContext.js
FN:7,(anonymous_0)
FN:12,(anonymous_1)
FN:16,(anonymous_2)
FN:29,(anonymous_3)
FN:37,(anonymous_4)
FN:41,(anonymous_5)
FNF:6
FNH:0
FNDA:0,(anonymous_0)
FNDA:0,(anonymous_1)
FNDA:0,(anonymous_2)
FNDA:0,(anonymous_3)
FNDA:0,(anonymous_4)
FNDA:0,(anonymous_5)
DA:4,0
DA:7,0
DA:8,0
DA:12,0
DA:13,0
DA:16,0
DA:17,0
DA:18,0
DA:19,0
DA:20,0
DA:22,0
DA:23,0
DA:29,0
DA:30,0
DA:31,0
DA:33,0
DA:37,0
DA:38,0
DA:41,0
DA:42,0
DA:45,0
DA:51,0
LF:22
LH:0
BRDA:18,0,0,0
BRDA:18,0,1,0
BRDA:30,1,0,0
BRDA:30,1,1,0
BRF:4
BRH:0
end_of_record
TN:
SF:src/graphql/computedOperations.js
FNF:0
FNH:0
DA:4,0
DA:24,0
DA:44,0
DA:57,0
DA:178,0
DA:192,0
DA:252,0
DA:266,0
DA:299,0
DA:385,0
LF:10
LH:0
BRF:0
BRH:0
end_of_record
TN:
SF:src/graphql/operations.js
FNF:0
FNH:0
DA:4,0
DA:79,0
DA:187,0
DA:232,0
DA:282,0
DA:307,0
DA:332,0
DA:349,0
DA:362,0
DA:408,0
DA:444,0
DA:480,0
DA:487,0
DA:514,0
DA:541,0
DA:548,0
DA:557,0
DA:566,0
DA:573,0
DA:588,0
DA:603,0
DA:624,0
DA:645,0
DA:666,0
DA:688,0
DA:695,0
DA:705,0
DA:717,0
DA:728,0
DA:735,0
DA:757,0
DA:781,0
DA:807,0
DA:818,0
DA:828,0
DA:857,0
DA:883,0
DA:894,0
DA:907,0
DA:940,0
DA:943,0
DA:969,0
DA:995,0
DA:998,0
DA:1001,0
DA:1010,0
DA:1013,0
DA:1016,0
DA:1019,0
DA:1024,0
DA:1037,0
DA:1050,0
DA:1059,0
DA:1072,0
DA:1085,0
DA:1098,0
DA:1120,0
DA:1138,0
DA:1149,0
DA:1162,0
DA:1171,0
LF:61
LH:0
BRF:0
BRH:0
end_of_record
TN:
SF:src/test-utils/index.js
FN:184,renderWithProviders
FN:193,Wrapper
FN:216,createMutationMock
FN:228,createSubscriptionMock
FN:242,(anonymous_4)
FN:243,(anonymous_5)
FN:246,(anonymous_6)
FN:249,(anonymous_7)
FN:255,setupTestEnvironment
FN:262,(anonymous_9)
FN:269,waitForApollo
FN:270,(anonymous_11)
FN:275,(anonymous_12)
FN:281,(anonymous_13)
FN:287,(anonymous_14)
FNF:15
FNH:0
FNDA:0,renderWithProviders
FNDA:0,Wrapper
FNDA:0,createMutationMock
FNDA:0,createSubscriptionMock
FNDA:0,(anonymous_4)
FNDA:0,(anonymous_5)
FNDA:0,(anonymous_6)
FNDA:0,(anonymous_7)
FNDA:0,setupTestEnvironment
FNDA:0,(anonymous_9)
FNDA:0,waitForApollo
FNDA:0,(anonymous_11)
FNDA:0,(anonymous_12)
FNDA:0,(anonymous_13)
FNDA:0,(anonymous_14)
DA:8,0
DA:51,0
DA:83,0
DA:108,0
DA:132,0
DA:194,0
DA:205,0
DA:217,0
DA:229,0
DA:240,0
DA:242,0
DA:244,0
DA:247,0
DA:250,0
DA:257,0
DA:262,0
DA:263,0
DA:264,0
DA:270,0
DA:274,0
DA:276,0
DA:277,0
DA:278,0
DA:282,0
DA:283,0
DA:284,0
DA:288,0
LF:27
LH:0
BRDA:186,0,0,0
BRDA:187,1,0,0
BRDA:188,2,0,0
BRDA:189,3,0,0
BRDA:216,4,0,0
BRDA:222,5,0,0
BRDA:222,5,1,0
BRDA:242,6,0,0
BRDA:242,6,1,0
BRF:9
BRH:0
end_of_record
